[0.724s] DEBUG:colcon:Command line arguments: ['/home/jeffr/dexterity-interface/venv-dex/bin/colcon', 'build']
[0.724s] DEBUG:colcon:Parsed command line arguments: Namespace(log_base=None, log_level=None, verb_name='build', build_base='build', install_base='install', merge_install=False, symlink_install=False, test_result_base=None, continue_on_error=False, executor='parallel', parallel_workers=12, event_handlers=None, ignore_user_meta=False, metas=['./colcon.meta'], base_paths=['.'], packages_ignore=None, packages_ignore_regex=None, paths=None, packages_up_to=None, packages_up_to_regex=None, packages_above=None, packages_above_and_dependencies=None, packages_above_depth=None, packages_select_by_dep=None, packages_skip_by_dep=None, packages_skip_up_to=None, packages_select_build_failed=False, packages_skip_build_finished=False, packages_select_test_failures=False, packages_skip_test_passed=False, packages_select=None, packages_skip=None, packages_select_regex=None, packages_skip_regex=None, packages_start=None, packages_end=None, cmake_args=None, cmake_target=None, cmake_target_skip_unavailable=False, cmake_clean_cache=False, cmake_clean_first=False, cmake_force_configure=False, ament_cmake_args=None, catkin_cmake_args=None, catkin_skip_building_tests=False, verb_parser=<colcon_defaults.argument_parser.defaults.DefaultArgumentsDecorator object at 0x7baa3fcf6910>, verb_extension=<colcon_core.verb.build.BuildVerb object at 0x7baa3fcb49d0>, main=<bound method BuildVerb.main of <colcon_core.verb.build.BuildVerb object at 0x7baa3fcb49d0>>)
[0.873s] Level 1:colcon.colcon_core.package_discovery:discover_packages(colcon_meta) check parameters
[0.873s] Level 1:colcon.colcon_core.package_discovery:discover_packages(recursive) check parameters
[0.873s] Level 1:colcon.colcon_core.package_discovery:discover_packages(ignore) check parameters
[0.873s] Level 1:colcon.colcon_core.package_discovery:discover_packages(path) check parameters
[0.873s] Level 1:colcon.colcon_core.package_discovery:discover_packages(colcon_meta) discover
[0.874s] Level 1:colcon.colcon_core.package_discovery:discover_packages(recursive) discover
[0.874s] INFO:colcon.colcon_core.package_discovery:Crawling recursively for packages in '/home/jeffr/dexterity-interface/libs/robot_description'
[0.874s] Level 1:colcon.colcon_core.package_identification:_identify(.) by extensions ['ignore', 'ignore_ament_install']
[0.874s] Level 1:colcon.colcon_core.package_identification:_identify(.) by extension 'ignore'
[0.874s] Level 1:colcon.colcon_core.package_identification:_identify(.) by extension 'ignore_ament_install'
[0.874s] Level 1:colcon.colcon_core.package_identification:_identify(.) by extensions ['colcon_pkg']
[0.874s] Level 1:colcon.colcon_core.package_identification:_identify(.) by extension 'colcon_pkg'
[0.874s] Level 1:colcon.colcon_core.package_identification:_identify(.) by extensions ['colcon_meta']
[0.874s] Level 1:colcon.colcon_core.package_identification:_identify(.) by extension 'colcon_meta'
[0.874s] Level 1:colcon.colcon_core.package_identification:_identify(.) by extensions ['ros']
[0.874s] Level 1:colcon.colcon_core.package_identification:_identify(.) by extension 'ros'
[0.947s] DEBUG:colcon.colcon_core.package_identification:Package '.' with type 'ros.ament_cmake' and name 'robot_description'
[0.947s] Level 1:colcon.colcon_core.package_discovery:discover_packages(recursive) using defaults
[0.947s] Level 1:colcon.colcon_core.package_discovery:discover_packages(ignore) discover
[0.947s] Level 1:colcon.colcon_core.package_discovery:discover_packages(ignore) using defaults
[0.947s] Level 1:colcon.colcon_core.package_discovery:discover_packages(path) discover
[0.948s] Level 1:colcon.colcon_core.package_discovery:discover_packages(path) using defaults
[1.039s] Level 5:colcon.colcon_core.verb:set package 'robot_description' build argument 'cmake_args' from command line to 'None'
[1.039s] Level 5:colcon.colcon_core.verb:set package 'robot_description' build argument 'cmake_target' from command line to 'None'
[1.040s] Level 5:colcon.colcon_core.verb:set package 'robot_description' build argument 'cmake_target_skip_unavailable' from command line to 'False'
[1.040s] Level 5:colcon.colcon_core.verb:set package 'robot_description' build argument 'cmake_clean_cache' from command line to 'False'
[1.040s] Level 5:colcon.colcon_core.verb:set package 'robot_description' build argument 'cmake_clean_first' from command line to 'False'
[1.040s] Level 5:colcon.colcon_core.verb:set package 'robot_description' build argument 'cmake_force_configure' from command line to 'False'
[1.040s] Level 5:colcon.colcon_core.verb:set package 'robot_description' build argument 'ament_cmake_args' from command line to 'None'
[1.040s] Level 5:colcon.colcon_core.verb:set package 'robot_description' build argument 'catkin_cmake_args' from command line to 'None'
[1.040s] Level 5:colcon.colcon_core.verb:set package 'robot_description' build argument 'catkin_skip_building_tests' from command line to 'False'
[1.040s] DEBUG:colcon.colcon_core.verb:Building package 'robot_description' with the following arguments: {'ament_cmake_args': None, 'build_base': '/home/jeffr/dexterity-interface/libs/robot_description/build/robot_description', 'catkin_cmake_args': None, 'catkin_skip_building_tests': False, 'cmake_args': None, 'cmake_clean_cache': False, 'cmake_clean_first': False, 'cmake_force_configure': False, 'cmake_target': None, 'cmake_target_skip_unavailable': False, 'install_base': '/home/jeffr/dexterity-interface/libs/robot_description/install/robot_description', 'merge_install': False, 'path': '/home/jeffr/dexterity-interface/libs/robot_description', 'symlink_install': False, 'test_result_base': None}
[1.041s] INFO:colcon.colcon_core.executor:Executing jobs using 'parallel' executor
[1.044s] DEBUG:colcon.colcon_parallel_executor.executor.parallel:run_until_complete
[1.045s] INFO:colcon.colcon_ros.task.ament_cmake.build:Building ROS package in '/home/jeffr/dexterity-interface/libs/robot_description' with build type 'ament_cmake'
[1.045s] INFO:colcon.colcon_cmake.task.cmake.build:Building CMake package in '/home/jeffr/dexterity-interface/libs/robot_description'
[1.063s] INFO:colcon.colcon_core.plugin_system:Skipping extension 'colcon_core.shell.bat': Not used on non-Windows systems
[1.064s] INFO:colcon.colcon_core.shell:Skip shell extension 'powershell' for command environment: Not usable outside of PowerShell
[1.064s] DEBUG:colcon.colcon_core.shell:Skip shell extension 'dsv' for command environment
[1.090s] DEBUG:colcon.colcon_core.event_handler.log_command:Invoking command in '/home/jeffr/dexterity-interface/libs/robot_description/build/robot_description': CMAKE_PREFIX_PATH=${CMAKE_PREFIX_PATH}:/opt/ros/jazzy PS1=\[\e]0;\u@\h: \w\a\]${debian_chroot:+($debian_chroot)}\[\033[01;32m\]\u@\h\[\033[00m\]:\[\033[01;34m\]\w\[\033[00m\]\$ /usr/bin/cmake /home/jeffr/dexterity-interface/libs/robot_description -DCMAKE_INSTALL_PREFIX=/home/jeffr/dexterity-interface/libs/robot_description/install/robot_description
[7.910s] DEBUG:colcon.colcon_core.event_handler.log_command:Invoked command in '/home/jeffr/dexterity-interface/libs/robot_description/build/robot_description' returned '0': CMAKE_PREFIX_PATH=${CMAKE_PREFIX_PATH}:/opt/ros/jazzy PS1=\[\e]0;\u@\h: \w\a\]${debian_chroot:+($debian_chroot)}\[\033[01;32m\]\u@\h\[\033[00m\]:\[\033[01;34m\]\w\[\033[00m\]\$ /usr/bin/cmake /home/jeffr/dexterity-interface/libs/robot_description -DCMAKE_INSTALL_PREFIX=/home/jeffr/dexterity-interface/libs/robot_description/install/robot_description
[7.912s] DEBUG:colcon.colcon_core.event_handler.log_command:Invoking command in '/home/jeffr/dexterity-interface/libs/robot_description/build/robot_description': CMAKE_PREFIX_PATH=${CMAKE_PREFIX_PATH}:/opt/ros/jazzy PS1=\[\e]0;\u@\h: \w\a\]${debian_chroot:+($debian_chroot)}\[\033[01;32m\]\u@\h\[\033[00m\]:\[\033[01;34m\]\w\[\033[00m\]\$ /usr/bin/cmake --build /home/jeffr/dexterity-interface/libs/robot_description/build/robot_description -- -j12 -l12
[7.954s] DEBUG:colcon.colcon_core.event_handler.log_command:Invoked command in '/home/jeffr/dexterity-interface/libs/robot_description/build/robot_description' returned '0': CMAKE_PREFIX_PATH=${CMAKE_PREFIX_PATH}:/opt/ros/jazzy PS1=\[\e]0;\u@\h: \w\a\]${debian_chroot:+($debian_chroot)}\[\033[01;32m\]\u@\h\[\033[00m\]:\[\033[01;34m\]\w\[\033[00m\]\$ /usr/bin/cmake --build /home/jeffr/dexterity-interface/libs/robot_description/build/robot_description -- -j12 -l12
[7.965s] DEBUG:colcon.colcon_core.event_handler.log_command:Invoking command in '/home/jeffr/dexterity-interface/libs/robot_description/build/robot_description': CMAKE_PREFIX_PATH=${CMAKE_PREFIX_PATH}:/opt/ros/jazzy PS1=\[\e]0;\u@\h: \w\a\]${debian_chroot:+($debian_chroot)}\[\033[01;32m\]\u@\h\[\033[00m\]:\[\033[01;34m\]\w\[\033[00m\]\$ /usr/bin/cmake --install /home/jeffr/dexterity-interface/libs/robot_description/build/robot_description
[8.029s] Level 1:colcon.colcon_core.environment:create_environment_scripts_only(robot_description)
[8.030s] DEBUG:colcon.colcon_core.event_handler.log_command:Invoked command in '/home/jeffr/dexterity-interface/libs/robot_description/build/robot_description' returned '0': CMAKE_PREFIX_PATH=${CMAKE_PREFIX_PATH}:/opt/ros/jazzy PS1=\[\e]0;\u@\h: \w\a\]${debian_chroot:+($debian_chroot)}\[\033[01;32m\]\u@\h\[\033[00m\]:\[\033[01;34m\]\w\[\033[00m\]\$ /usr/bin/cmake --install /home/jeffr/dexterity-interface/libs/robot_description/build/robot_description
[8.036s] Level 1:colcon.colcon_core.environment:checking '/home/jeffr/dexterity-interface/libs/robot_description/install/robot_description' for CMake module files
[8.037s] Level 1:colcon.colcon_core.environment:checking '/home/jeffr/dexterity-interface/libs/robot_description/install/robot_description' for CMake config files
[8.037s] Level 1:colcon.colcon_core.shell:create_environment_hook('robot_description', 'cmake_prefix_path')
[8.037s] INFO:colcon.colcon_core.shell:Creating environment hook '/home/jeffr/dexterity-interface/libs/robot_description/install/robot_description/share/robot_description/hook/cmake_prefix_path.ps1'
[8.039s] INFO:colcon.colcon_core.shell:Creating environment descriptor '/home/jeffr/dexterity-interface/libs/robot_description/install/robot_description/share/robot_description/hook/cmake_prefix_path.dsv'
[8.040s] INFO:colcon.colcon_core.shell:Creating environment hook '/home/jeffr/dexterity-interface/libs/robot_description/install/robot_description/share/robot_description/hook/cmake_prefix_path.sh'
[8.041s] Level 1:colcon.colcon_core.environment:checking '/home/jeffr/dexterity-interface/libs/robot_description/install/robot_description/bin'
[8.041s] Level 1:colcon.colcon_core.environment:checking '/home/jeffr/dexterity-interface/libs/robot_description/install/robot_description/lib/pkgconfig/robot_description.pc'
[8.043s] Level 1:colcon.colcon_core.environment:checking '/home/jeffr/dexterity-interface/libs/robot_description/install/robot_description/lib/python3.11/site-packages'
[8.043s] Level 1:colcon.colcon_core.environment:checking '/home/jeffr/dexterity-interface/libs/robot_description/install/robot_description/bin'
[8.043s] INFO:colcon.colcon_core.shell:Creating package script '/home/jeffr/dexterity-interface/libs/robot_description/install/robot_description/share/robot_description/package.ps1'
[8.045s] INFO:colcon.colcon_core.shell:Creating package descriptor '/home/jeffr/dexterity-interface/libs/robot_description/install/robot_description/share/robot_description/package.dsv'
[8.046s] INFO:colcon.colcon_core.shell:Creating package script '/home/jeffr/dexterity-interface/libs/robot_description/install/robot_description/share/robot_description/package.sh'
[8.047s] INFO:colcon.colcon_core.shell:Creating package script '/home/jeffr/dexterity-interface/libs/robot_description/install/robot_description/share/robot_description/package.bash'
[8.048s] INFO:colcon.colcon_core.shell:Creating package script '/home/jeffr/dexterity-interface/libs/robot_description/install/robot_description/share/robot_description/package.zsh'
[8.050s] Level 1:colcon.colcon_core.environment:create_file_with_runtime_dependencies(/home/jeffr/dexterity-interface/libs/robot_description/install/robot_description/share/colcon-core/packages/robot_description)
[8.052s] Level 1:colcon.colcon_core.environment:create_environment_scripts_only(robot_description)
[8.053s] Level 1:colcon.colcon_core.environment:checking '/home/jeffr/dexterity-interface/libs/robot_description/install/robot_description' for CMake module files
[8.053s] Level 1:colcon.colcon_core.environment:checking '/home/jeffr/dexterity-interface/libs/robot_description/install/robot_description' for CMake config files
[8.054s] Level 1:colcon.colcon_core.shell:create_environment_hook('robot_description', 'cmake_prefix_path')
[8.054s] INFO:colcon.colcon_core.shell:Creating environment hook '/home/jeffr/dexterity-interface/libs/robot_description/install/robot_description/share/robot_description/hook/cmake_prefix_path.ps1'
[8.054s] INFO:colcon.colcon_core.shell:Creating environment descriptor '/home/jeffr/dexterity-interface/libs/robot_description/install/robot_description/share/robot_description/hook/cmake_prefix_path.dsv'
[8.055s] INFO:colcon.colcon_core.shell:Creating environment hook '/home/jeffr/dexterity-interface/libs/robot_description/install/robot_description/share/robot_description/hook/cmake_prefix_path.sh'
[8.056s] Level 1:colcon.colcon_core.environment:checking '/home/jeffr/dexterity-interface/libs/robot_description/install/robot_description/bin'
[8.056s] Level 1:colcon.colcon_core.environment:checking '/home/jeffr/dexterity-interface/libs/robot_description/install/robot_description/lib/pkgconfig/robot_description.pc'
[8.056s] Level 1:colcon.colcon_core.environment:checking '/home/jeffr/dexterity-interface/libs/robot_description/install/robot_description/lib/python3.11/site-packages'
[8.058s] Level 1:colcon.colcon_core.environment:checking '/home/jeffr/dexterity-interface/libs/robot_description/install/robot_description/bin'
[8.058s] INFO:colcon.colcon_core.shell:Creating package script '/home/jeffr/dexterity-interface/libs/robot_description/install/robot_description/share/robot_description/package.ps1'
[8.060s] INFO:colcon.colcon_core.shell:Creating package descriptor '/home/jeffr/dexterity-interface/libs/robot_description/install/robot_description/share/robot_description/package.dsv'
[8.060s] INFO:colcon.colcon_core.shell:Creating package script '/home/jeffr/dexterity-interface/libs/robot_description/install/robot_description/share/robot_description/package.sh'
[8.061s] INFO:colcon.colcon_core.shell:Creating package script '/home/jeffr/dexterity-interface/libs/robot_description/install/robot_description/share/robot_description/package.bash'
[8.062s] INFO:colcon.colcon_core.shell:Creating package script '/home/jeffr/dexterity-interface/libs/robot_description/install/robot_description/share/robot_description/package.zsh'
[8.062s] Level 1:colcon.colcon_core.environment:create_file_with_runtime_dependencies(/home/jeffr/dexterity-interface/libs/robot_description/install/robot_description/share/colcon-core/packages/robot_description)
[8.063s] DEBUG:colcon.colcon_parallel_executor.executor.parallel:closing loop
[8.063s] DEBUG:colcon.colcon_parallel_executor.executor.parallel:loop closed
[8.063s] DEBUG:colcon.colcon_parallel_executor.executor.parallel:run_until_complete finished with '0'
[8.063s] DEBUG:colcon.colcon_core.event_reactor:joining thread
[8.069s] INFO:colcon.colcon_core.plugin_system:Skipping extension 'colcon_notification.desktop_notification.notify2': 'notify2' not found
[8.186s] INFO:colcon.colcon_core.plugin_system:Skipping extension 'colcon_notification.desktop_notification.notify_send': Could not find 'notify-send'
[8.186s] INFO:colcon.colcon_core.plugin_system:Skipping extension 'colcon_notification.desktop_notification.terminal_notifier': Not used on non-Darwin systems
[8.186s] INFO:colcon.colcon_core.plugin_system:Skipping extension 'colcon_notification.desktop_notification.win32': Not used on non-Windows systems
[8.187s] DEBUG:colcon.colcon_core.event_reactor:joined thread
[8.187s] INFO:colcon.colcon_core.shell:Creating prefix script '/home/jeffr/dexterity-interface/libs/robot_description/install/local_setup.ps1'
[8.190s] INFO:colcon.colcon_core.shell:Creating prefix util module '/home/jeffr/dexterity-interface/libs/robot_description/install/_local_setup_util_ps1.py'
[8.193s] INFO:colcon.colcon_core.shell:Creating prefix chain script '/home/jeffr/dexterity-interface/libs/robot_description/install/setup.ps1'
[8.194s] INFO:colcon.colcon_core.shell:Creating prefix script '/home/jeffr/dexterity-interface/libs/robot_description/install/local_setup.sh'
[8.195s] INFO:colcon.colcon_core.shell:Creating prefix util module '/home/jeffr/dexterity-interface/libs/robot_description/install/_local_setup_util_sh.py'
[8.196s] INFO:colcon.colcon_core.shell:Creating prefix chain script '/home/jeffr/dexterity-interface/libs/robot_description/install/setup.sh'
[8.197s] INFO:colcon.colcon_core.shell:Creating prefix script '/home/jeffr/dexterity-interface/libs/robot_description/install/local_setup.bash'
[8.199s] INFO:colcon.colcon_core.shell:Creating prefix chain script '/home/jeffr/dexterity-interface/libs/robot_description/install/setup.bash'
[8.201s] INFO:colcon.colcon_core.shell:Creating prefix script '/home/jeffr/dexterity-interface/libs/robot_description/install/local_setup.zsh'
[8.202s] INFO:colcon.colcon_core.shell:Creating prefix chain script '/home/jeffr/dexterity-interface/libs/robot_description/install/setup.zsh'
