[0.029s] Invoking command in '/home/jeffr/dexterity-interface/libs/robot_motion/src/robot_motion/build/robot_motion': CMAKE_PREFIX_PATH=${CMAKE_PREFIX_PATH}:/opt/ros/jazzy /usr/bin/cmake --build /home/jeffr/dexterity-interface/libs/robot_motion/src/robot_motion/build/robot_motion -- -j12 -l12
[0.082s] Invoked command in '/home/jeffr/dexterity-interface/libs/robot_motion/src/robot_motion/build/robot_motion' returned '0': CMAKE_PREFIX_PATH=${CMAKE_PREFIX_PATH}:/opt/ros/jazzy /usr/bin/cmake --build /home/jeffr/dexterity-interface/libs/robot_motion/src/robot_motion/build/robot_motion -- -j12 -l12
[0.098s] Invoking command in '/home/jeffr/dexterity-interface/libs/robot_motion/src/robot_motion/build/robot_motion': CMAKE_PREFIX_PATH=${CMAKE_PREFIX_PATH}:/opt/ros/jazzy /usr/bin/cmake --install /home/jeffr/dexterity-interface/libs/robot_motion/src/robot_motion/build/robot_motion
[0.114s] -- Install configuration: ""
[0.116s] -- Execute custom install script
[0.124s] [33mCMake Warning (dev) at ament_cmake_symlink_install/ament_cmake_symlink_install.cmake:62 (file):
[0.124s]   Policy CMP0009 is not set: FILE GLOB_RECURSE calls should not follow
[0.124s]   symlinks by default.  Run "cmake --help-policy CMP0009" for policy details.
[0.125s]   Use the cmake_policy command to set the policy and suppress this warning.
[0.125s] Call Stack (most recent call first):
[0.125s]   ament_cmake_symlink_install/ament_cmake_symlink_install.cmake:314 (ament_cmake_symlink_install_directory)
[0.125s]   cmake_install.cmake:46 (include)
[0.125s] This warning is for project developers.  Use -Wno-dev to suppress it.
[0.126s] [0m
[0.126s] -- Up-to-date symlink: /home/jeffr/dexterity-interface/libs/robot_motion/src/robot_motion/install/robot_motion/share/robot_motion/ik/README.md
[0.127s] -- Up-to-date symlink: /home/jeffr/dexterity-interface/libs/robot_motion/src/robot_motion/install/robot_motion/share/robot_motion/ik/__pycache__/ik.cpython-311.pyc
[0.128s] -- Up-to-date symlink: /home/jeffr/dexterity-interface/libs/robot_motion/src/robot_motion/install/robot_motion/share/robot_motion/ik/__pycache__/ik.cpython-312.pyc
[0.130s] -- Up-to-date symlink: /home/jeffr/dexterity-interface/libs/robot_motion/src/robot_motion/install/robot_motion/share/robot_motion/ik/__pycache__/python_wrapper.cpython-311.pyc
[0.131s] -- Up-to-date symlink: /home/jeffr/dexterity-interface/libs/robot_motion/src/robot_motion/install/robot_motion/share/robot_motion/ik/__pycache__/python_wrapper.cpython-312.pyc
[0.132s] -- Up-to-date symlink: /home/jeffr/dexterity-interface/libs/robot_motion/src/robot_motion/install/robot_motion/share/robot_motion/ik/__pycache__/ranged_ik.cpython-312.pyc
[0.133s] -- Up-to-date symlink: /home/jeffr/dexterity-interface/libs/robot_motion/src/robot_motion/install/robot_motion/share/robot_motion/ik/build/.built_by
[0.134s] -- Up-to-date symlink: /home/jeffr/dexterity-interface/libs/robot_motion/src/robot_motion/install/robot_motion/share/robot_motion/ik/build/COLCON_IGNORE
[0.135s] -- Up-to-date symlink: /home/jeffr/dexterity-interface/libs/robot_motion/src/robot_motion/install/robot_motion/share/robot_motion/ik/configs/urdfs/Do not delete these folders (until solve)
[0.136s] -- Up-to-date symlink: /home/jeffr/dexterity-interface/libs/robot_motion/src/robot_motion/install/robot_motion/share/robot_motion/ik/ik.py
[0.137s] -- Up-to-date symlink: /home/jeffr/dexterity-interface/libs/robot_motion/src/robot_motion/install/robot_motion/share/robot_motion/ik/install/.colcon_install_layout
[0.138s] -- Up-to-date symlink: /home/jeffr/dexterity-interface/libs/robot_motion/src/robot_motion/install/robot_motion/share/robot_motion/ik/install/COLCON_IGNORE
[0.139s] -- Up-to-date symlink: /home/jeffr/dexterity-interface/libs/robot_motion/src/robot_motion/install/robot_motion/share/robot_motion/ik/install/_local_setup_util_ps1.py
[0.140s] -- Up-to-date symlink: /home/jeffr/dexterity-interface/libs/robot_motion/src/robot_motion/install/robot_motion/share/robot_motion/ik/install/_local_setup_util_sh.py
[0.141s] -- Up-to-date symlink: /home/jeffr/dexterity-interface/libs/robot_motion/src/robot_motion/install/robot_motion/share/robot_motion/ik/install/local_setup.bash
[0.142s] -- Up-to-date symlink: /home/jeffr/dexterity-interface/libs/robot_motion/src/robot_motion/install/robot_motion/share/robot_motion/ik/install/local_setup.ps1
[0.142s] -- Up-to-date symlink: /home/jeffr/dexterity-interface/libs/robot_motion/src/robot_motion/install/robot_motion/share/robot_motion/ik/install/local_setup.sh
[0.143s] -- Up-to-date symlink: /home/jeffr/dexterity-interface/libs/robot_motion/src/robot_motion/install/robot_motion/share/robot_motion/ik/install/local_setup.zsh
[0.144s] -- Up-to-date symlink: /home/jeffr/dexterity-interface/libs/robot_motion/src/robot_motion/install/robot_motion/share/robot_motion/ik/install/setup.bash
[0.144s] -- Up-to-date symlink: /home/jeffr/dexterity-interface/libs/robot_motion/src/robot_motion/install/robot_motion/share/robot_motion/ik/install/setup.ps1
[0.145s] -- Up-to-date symlink: /home/jeffr/dexterity-interface/libs/robot_motion/src/robot_motion/install/robot_motion/share/robot_motion/ik/install/setup.sh
[0.146s] -- Up-to-date symlink: /home/jeffr/dexterity-interface/libs/robot_motion/src/robot_motion/install/robot_motion/share/robot_motion/ik/install/setup.zsh
[0.146s] -- Up-to-date symlink: /home/jeffr/dexterity-interface/libs/robot_motion/src/robot_motion/install/robot_motion/share/robot_motion/ik/launch/ranged_ik.launch.py
[0.147s] -- Up-to-date symlink: /home/jeffr/dexterity-interface/libs/robot_motion/src/robot_motion/install/robot_motion/share/robot_motion/ik/launch/test_ranged_ik.launch.py
[0.147s] -- Up-to-date symlink: /home/jeffr/dexterity-interface/libs/robot_motion/src/robot_motion/install/robot_motion/share/robot_motion/ik/log/COLCON_IGNORE
[0.148s] -- Up-to-date symlink: /home/jeffr/dexterity-interface/libs/robot_motion/src/robot_motion/install/robot_motion/share/robot_motion/ik/log/build_2025-10-25_11-24-06/events.log
[0.149s] -- Up-to-date symlink: /home/jeffr/dexterity-interface/libs/robot_motion/src/robot_motion/install/robot_motion/share/robot_motion/ik/log/build_2025-10-25_11-24-06/logger_all.log
[0.149s] -- Up-to-date symlink: /home/jeffr/dexterity-interface/libs/robot_motion/src/robot_motion/install/robot_motion/share/robot_motion/ik/log/latest/events.log
[0.149s] -- Up-to-date symlink: /home/jeffr/dexterity-interface/libs/robot_motion/src/robot_motion/install/robot_motion/share/robot_motion/ik/log/latest/logger_all.log
[0.149s] -- Up-to-date symlink: /home/jeffr/dexterity-interface/libs/robot_motion/src/robot_motion/install/robot_motion/share/robot_motion/ik/log/latest_build/events.log
[0.149s] -- Up-to-date symlink: /home/jeffr/dexterity-interface/libs/robot_motion/src/robot_motion/install/robot_motion/share/robot_motion/ik/log/latest_build/logger_all.log
[0.150s] -- Up-to-date symlink: /home/jeffr/dexterity-interface/libs/robot_motion/src/robot_motion/install/robot_motion/share/robot_motion/ik/python_wrapper.py
[0.151s] -- Up-to-date symlink: /home/jeffr/dexterity-interface/libs/robot_motion/src/robot_motion/install/robot_motion/share/robot_motion/ik/ranged_ik.py
[0.151s] -- Up-to-date symlink: /home/jeffr/dexterity-interface/libs/robot_motion/src/robot_motion/install/robot_motion/share/robot_motion/ik/ranged_ik_node.py
[0.152s] -- Up-to-date symlink: /home/jeffr/dexterity-interface/libs/robot_motion/src/robot_motion/install/robot_motion/share/robot_motion/ik/settings.yaml
[0.153s] -- Up-to-date symlink: /home/jeffr/dexterity-interface/libs/robot_motion/src/robot_motion/install/robot_motion/lib/robot_motion/ranged_ik.py
[0.154s] -- Up-to-date symlink: /home/jeffr/dexterity-interface/libs/robot_motion/src/robot_motion/install/robot_motion/share/ament_index/resource_index/package_run_dependencies/robot_motion
[0.154s] -- Up-to-date symlink: /home/jeffr/dexterity-interface/libs/robot_motion/src/robot_motion/install/robot_motion/share/ament_index/resource_index/parent_prefix_path/robot_motion
[0.155s] -- Up-to-date symlink: /home/jeffr/dexterity-interface/libs/robot_motion/src/robot_motion/install/robot_motion/share/robot_motion/environment/ament_prefix_path.sh
[0.156s] -- Up-to-date symlink: /home/jeffr/dexterity-interface/libs/robot_motion/src/robot_motion/install/robot_motion/share/robot_motion/environment/ament_prefix_path.dsv
[0.156s] -- Up-to-date symlink: /home/jeffr/dexterity-interface/libs/robot_motion/src/robot_motion/install/robot_motion/share/robot_motion/environment/path.sh
[0.157s] -- Up-to-date symlink: /home/jeffr/dexterity-interface/libs/robot_motion/src/robot_motion/install/robot_motion/share/robot_motion/environment/path.dsv
[0.157s] -- Up-to-date symlink: /home/jeffr/dexterity-interface/libs/robot_motion/src/robot_motion/install/robot_motion/share/robot_motion/local_setup.bash
[0.158s] -- Up-to-date symlink: /home/jeffr/dexterity-interface/libs/robot_motion/src/robot_motion/install/robot_motion/share/robot_motion/local_setup.sh
[0.159s] -- Up-to-date symlink: /home/jeffr/dexterity-interface/libs/robot_motion/src/robot_motion/install/robot_motion/share/robot_motion/local_setup.zsh
[0.159s] -- Up-to-date symlink: /home/jeffr/dexterity-interface/libs/robot_motion/src/robot_motion/install/robot_motion/share/robot_motion/local_setup.dsv
[0.160s] -- Symlinking: /home/jeffr/dexterity-interface/libs/robot_motion/src/robot_motion/install/robot_motion/share/robot_motion/package.dsv
[0.174s] -- Up-to-date symlink: /home/jeffr/dexterity-interface/libs/robot_motion/src/robot_motion/install/robot_motion/share/ament_index/resource_index/packages/robot_motion
[0.174s] -- Up-to-date symlink: /home/jeffr/dexterity-interface/libs/robot_motion/src/robot_motion/install/robot_motion/share/robot_motion/cmake/robot_motionConfig.cmake
[0.175s] -- Up-to-date symlink: /home/jeffr/dexterity-interface/libs/robot_motion/src/robot_motion/install/robot_motion/share/robot_motion/cmake/robot_motionConfig-version.cmake
[0.176s] -- Up-to-date symlink: /home/jeffr/dexterity-interface/libs/robot_motion/src/robot_motion/install/robot_motion/share/robot_motion/package.xml
[0.178s] Invoked command in '/home/jeffr/dexterity-interface/libs/robot_motion/src/robot_motion/build/robot_motion' returned '0': CMAKE_PREFIX_PATH=${CMAKE_PREFIX_PATH}:/opt/ros/jazzy /usr/bin/cmake --install /home/jeffr/dexterity-interface/libs/robot_motion/src/robot_motion/build/robot_motion
