-- Install configuration: ""
-- Execute custom install script
-- Up-to-date symlink: /home/jeffr/dexterity-interface/libs/robot_description/install/robot_description/share/robot_description/launch/display.launch.py
-- Up-to-date symlink: /home/jeffr/dexterity-interface/libs/robot_description/install/robot_description/share/robot_description/panda/meshes/collision/finger.stl
-- Up-to-date symlink: /home/jeffr/dexterity-interface/libs/robot_description/install/robot_description/share/robot_description/panda/meshes/collision/hand.stl
-- Up-to-date symlink: /home/jeffr/dexterity-interface/libs/robot_description/install/robot_description/share/robot_description/panda/meshes/collision/link0.stl
-- Up-to-date symlink: /home/jeffr/dexterity-interface/libs/robot_description/install/robot_description/share/robot_description/panda/meshes/collision/link1.stl
-- Up-to-date symlink: /home/jeffr/dexterity-interface/libs/robot_description/install/robot_description/share/robot_description/panda/meshes/collision/link2.stl
-- Up-to-date symlink: /home/jeffr/dexterity-interface/libs/robot_description/install/robot_description/share/robot_description/panda/meshes/collision/link3.stl
-- Up-to-date symlink: /home/jeffr/dexterity-interface/libs/robot_description/install/robot_description/share/robot_description/panda/meshes/collision/link4.stl
-- Up-to-date symlink: /home/jeffr/dexterity-interface/libs/robot_description/install/robot_description/share/robot_description/panda/meshes/collision/link5.stl
-- Up-to-date symlink: /home/jeffr/dexterity-interface/libs/robot_description/install/robot_description/share/robot_description/panda/meshes/collision/link6.stl
-- Up-to-date symlink: /home/jeffr/dexterity-interface/libs/robot_description/install/robot_description/share/robot_description/panda/meshes/collision/link7.stl
-- Up-to-date symlink: /home/jeffr/dexterity-interface/libs/robot_description/install/robot_description/share/robot_description/panda/meshes/visual/finger.dae
-- Up-to-date symlink: /home/jeffr/dexterity-interface/libs/robot_description/install/robot_description/share/robot_description/panda/meshes/visual/hand.dae
-- Up-to-date symlink: /home/jeffr/dexterity-interface/libs/robot_description/install/robot_description/share/robot_description/panda/meshes/visual/link0.dae
-- Up-to-date symlink: /home/jeffr/dexterity-interface/libs/robot_description/install/robot_description/share/robot_description/panda/meshes/visual/link1.dae
-- Up-to-date symlink: /home/jeffr/dexterity-interface/libs/robot_description/install/robot_description/share/robot_description/panda/meshes/visual/link2.dae
-- Up-to-date symlink: /home/jeffr/dexterity-interface/libs/robot_description/install/robot_description/share/robot_description/panda/meshes/visual/link3.dae
-- Up-to-date symlink: /home/jeffr/dexterity-interface/libs/robot_description/install/robot_description/share/robot_description/panda/meshes/visual/link4.dae
-- Up-to-date symlink: /home/jeffr/dexterity-interface/libs/robot_description/install/robot_description/share/robot_description/panda/meshes/visual/link5.dae
-- Up-to-date symlink: /home/jeffr/dexterity-interface/libs/robot_description/install/robot_description/share/robot_description/panda/meshes/visual/link6.dae
-- Up-to-date symlink: /home/jeffr/dexterity-interface/libs/robot_description/install/robot_description/share/robot_description/panda/meshes/visual/link7.dae
-- Up-to-date symlink: /home/jeffr/dexterity-interface/libs/robot_description/install/robot_description/share/robot_description/panda/panda.urdf.xacro
-- Up-to-date symlink: /home/jeffr/dexterity-interface/libs/robot_description/install/robot_description/share/robot_description/panda/panda_hand.urdf.xacro
-- Up-to-date symlink: /home/jeffr/dexterity-interface/libs/robot_description/install/robot_description/share/robot_description/panda/panda_w_hand.urdf.xacro
-- Up-to-date symlink: /home/jeffr/dexterity-interface/libs/robot_description/install/robot_description/share/robot_description/ros/bimanual_arms.urdf
-- Up-to-date symlink: /home/jeffr/dexterity-interface/libs/robot_description/install/robot_description/share/robot_description/ros/single_arm_test.urdf
-- Up-to-date symlink: /home/jeffr/dexterity-interface/libs/robot_description/install/robot_description/share/robot_description/tesollo_DG3F/meshes/delto_base_link.stl
-- Up-to-date symlink: /home/jeffr/dexterity-interface/libs/robot_description/install/robot_description/share/robot_description/tesollo_DG3F/meshes/link_01.stl
-- Up-to-date symlink: /home/jeffr/dexterity-interface/libs/robot_description/install/robot_description/share/robot_description/tesollo_DG3F/meshes/link_02.stl
-- Up-to-date symlink: /home/jeffr/dexterity-interface/libs/robot_description/install/robot_description/share/robot_description/tesollo_DG3F/meshes/link_03.stl
-- Up-to-date symlink: /home/jeffr/dexterity-interface/libs/robot_description/install/robot_description/share/robot_description/tesollo_DG3F/meshes/link_04.stl
-- Up-to-date symlink: /home/jeffr/dexterity-interface/libs/robot_description/install/robot_description/share/robot_description/tesollo_DG3F/meshes/link_tip_high.stl
-- Up-to-date symlink: /home/jeffr/dexterity-interface/libs/robot_description/install/robot_description/share/robot_description/tesollo_DG3F/tesollo_DG3F.urdf.xacro
-- Up-to-date symlink: /home/jeffr/dexterity-interface/libs/robot_description/install/robot_description/share/ament_index/resource_index/package_run_dependencies/robot_description
-- Up-to-date symlink: /home/jeffr/dexterity-interface/libs/robot_description/install/robot_description/share/ament_index/resource_index/parent_prefix_path/robot_description
-- Up-to-date symlink: /home/jeffr/dexterity-interface/libs/robot_description/install/robot_description/share/robot_description/environment/ament_prefix_path.sh
-- Up-to-date symlink: /home/jeffr/dexterity-interface/libs/robot_description/install/robot_description/share/robot_description/environment/ament_prefix_path.dsv
-- Up-to-date symlink: /home/jeffr/dexterity-interface/libs/robot_description/install/robot_description/share/robot_description/environment/path.sh
-- Up-to-date symlink: /home/jeffr/dexterity-interface/libs/robot_description/install/robot_description/share/robot_description/environment/path.dsv
-- Up-to-date symlink: /home/jeffr/dexterity-interface/libs/robot_description/install/robot_description/share/robot_description/local_setup.bash
-- Up-to-date symlink: /home/jeffr/dexterity-interface/libs/robot_description/install/robot_description/share/robot_description/local_setup.sh
-- Up-to-date symlink: /home/jeffr/dexterity-interface/libs/robot_description/install/robot_description/share/robot_description/local_setup.zsh
-- Up-to-date symlink: /home/jeffr/dexterity-interface/libs/robot_description/install/robot_description/share/robot_description/local_setup.dsv
-- Symlinking: /home/jeffr/dexterity-interface/libs/robot_description/install/robot_description/share/robot_description/package.dsv
-- Up-to-date symlink: /home/jeffr/dexterity-interface/libs/robot_description/install/robot_description/share/ament_index/resource_index/packages/robot_description
-- Up-to-date symlink: /home/jeffr/dexterity-interface/libs/robot_description/install/robot_description/share/robot_description/cmake/robot_descriptionConfig.cmake
-- Up-to-date symlink: /home/jeffr/dexterity-interface/libs/robot_description/install/robot_description/share/robot_description/cmake/robot_descriptionConfig-version.cmake
-- Up-to-date symlink: /home/jeffr/dexterity-interface/libs/robot_description/install/robot_description/share/robot_description/package.xml
