[0.036s] Invoking command in '/home/jeffr/dexterity-interface/build/robot_motion': /usr/bin/cmake --build /home/jeffr/dexterity-interface/build/robot_motion -- -j12 -l12
[0.150s] [ 71%] Built target robot_motion
[0.210s] [100%] Built target joint_torque
[0.229s] Invoked command in '/home/jeffr/dexterity-interface/build/robot_motion' returned '0': /usr/bin/cmake --build /home/jeffr/dexterity-interface/build/robot_motion -- -j12 -l12
[0.231s] Invoking command in '/home/jeffr/dexterity-interface/build/robot_motion': /usr/bin/cmake --install /home/jeffr/dexterity-interface/build/robot_motion
[0.243s] -- Install configuration: ""
[0.244s] -- Up-to-date: /home/jeffr/dexterity-interface/install/robot_motion/lib/librobot_motion.so
[0.244s] -- Up-to-date: /home/jeffr/dexterity-interface/install/robot_motion/include
[0.245s] -- Up-to-date: /home/jeffr/dexterity-interface/install/robot_motion/include/robot_motion
[0.245s] -- Up-to-date: /home/jeffr/dexterity-interface/install/robot_motion/include/robot_motion/controllers
[0.245s] -- Up-to-date: /home/jeffr/dexterity-interface/install/robot_motion/include/robot_motion/controllers/cartesian_torque_controller.hpp
[0.245s] -- Up-to-date: /home/jeffr/dexterity-interface/install/robot_motion/include/robot_motion/controllers/joint_torque_controller.hpp
[0.245s] -- Up-to-date: /home/jeffr/dexterity-interface/install/robot_motion/include/robot_motion/controllers/controller.hpp
[0.246s] -- Up-to-date: /home/jeffr/dexterity-interface/install/robot_motion/include/robot_motion/utils
[0.246s] -- Up-to-date: /home/jeffr/dexterity-interface/install/robot_motion/include/robot_motion/utils/vector_utils.hpp
[0.246s] -- Up-to-date: /home/jeffr/dexterity-interface/install/robot_motion/include/robot_motion/robot_properties
[0.247s] -- Up-to-date: /home/jeffr/dexterity-interface/install/robot_motion/include/robot_motion/robot_properties/panda_properties.hpp
[0.247s] -- Up-to-date: /home/jeffr/dexterity-interface/install/robot_motion/include/robot_motion/robot_properties/robot_properties.hpp
[0.247s] -- Up-to-date: /home/jeffr/dexterity-interface/install/robot_motion/lib/cmake/robot_motion/robot_motionConfig.cmake
[0.248s] -- Up-to-date: /home/jeffr/dexterity-interface/install/robot_motion/lib/cmake/robot_motion/robot_motionConfigVersion.cmake
[0.248s] -- Up-to-date: /home/jeffr/dexterity-interface/install/robot_motion/lib/cmake/robot_motion/robot_motionTargets.cmake
[0.250s] -- Up-to-date: /home/jeffr/dexterity-interface/install/robot_motion/lib/cmake/robot_motion/robot_motionTargets-noconfig.cmake
[0.253s] Invoked command in '/home/jeffr/dexterity-interface/build/robot_motion' returned '0': /usr/bin/cmake --install /home/jeffr/dexterity-interface/build/robot_motion
