[0.048s] Invoking command in '/home/jeffr/dexterity-interface/libs/robot_description/build/arm_ik': CMAKE_PREFIX_PATH=${CMAKE_PREFIX_PATH}:/opt/ros/jazzy PS1=\[\e]0;\u@\h: \w\a\]${debian_chroot:+($debian_chroot)}\[\033[01;32m\]\u@\h\[\033[00m\]:\[\033[01;34m\]\w\[\033[00m\]\$ /usr/bin/cmake /home/jeffr/dexterity-interface/libs/robot_description -DCMAKE_INSTALL_PREFIX=/home/jeffr/dexterity-interface/libs/robot_description/install/arm_ik
[0.715s] -- The C compiler identification is GNU 13.3.0
[2.248s] -- The CXX compiler identification is GNU 13.3.0
[3.882s] -- Detecting C compiler ABI info
[4.550s] -- Detecting C compiler ABI info - done
[4.584s] -- Check for working C compiler: /usr/bin/cc - skipped
[4.587s] -- Detecting C compile features
[4.589s] -- Detecting C compile features - done
[4.800s] -- Detecting CXX compiler ABI info
[5.244s] -- Detecting CXX compiler ABI info - done
[5.257s] -- Check for working CXX compiler: /usr/bin/c++ - skipped
[5.257s] -- Detecting CXX compile features
[5.258s] -- Detecting CXX compile features - done
[5.301s] -- Found ament_cmake: 2.5.4 (/opt/ros/jazzy/share/ament_cmake/cmake)
[5.636s] -- Found Python3: /home/jeffr/dexterity-interface/venv-dex/bin/python3 (found version "3.11.14") found components: Interpreter 
[5.792s] -- Found ament_lint_auto: 0.17.3 (/opt/ros/jazzy/share/ament_lint_auto/cmake)
[5.897s] [31mCMake Error at /opt/ros/jazzy/share/ament_cmake_core/cmake/core/ament_package_xml.cmake:53 (message):
[5.897s]   ament_package_xml() package name 'arm_ik' in '/package.xml' does not match
[5.897s]   current PROJECT_NAME 'robot_description'.  You must call project() with the
[5.897s]   same package name before.
[5.897s] Call Stack (most recent call first):
[5.898s]   /opt/ros/jazzy/share/ament_lint_auto/cmake/ament_lint_auto_find_test_dependencies.cmake:31 (ament_package_xml)
[5.898s]   CMakeLists.txt:29 (ament_lint_auto_find_test_dependencies)
[5.898s] 
[5.898s] [0m
[5.898s] -- Configuring incomplete, errors occurred!
[5.906s] Invoked command in '/home/jeffr/dexterity-interface/libs/robot_description/build/arm_ik' returned '1': CMAKE_PREFIX_PATH=${CMAKE_PREFIX_PATH}:/opt/ros/jazzy PS1=\[\e]0;\u@\h: \w\a\]${debian_chroot:+($debian_chroot)}\[\033[01;32m\]\u@\h\[\033[00m\]:\[\033[01;34m\]\w\[\033[00m\]\$ /usr/bin/cmake /home/jeffr/dexterity-interface/libs/robot_description -DCMAKE_INSTALL_PREFIX=/home/jeffr/dexterity-interface/libs/robot_description/install/arm_ik
