[0.427s] DEBUG:colcon:Command line arguments: ['/usr/bin/colcon', 'build', '--symlink-install']
[0.427s] DEBUG:colcon:Parsed command line arguments: Namespace(log_base=None, log_level=None, verb_name='build', build_base='build', install_base='install', merge_install=False, symlink_install=True, test_result_base=None, continue_on_error=False, executor='parallel', parallel_workers=12, event_handlers=None, ignore_user_meta=False, metas=['./colcon.meta'], base_paths=['.'], packages_ignore=None, packages_ignore_regex=None, paths=None, packages_up_to=None, packages_up_to_regex=None, packages_above=None, packages_above_and_dependencies=None, packages_above_depth=None, packages_select_by_dep=None, packages_skip_by_dep=None, packages_skip_up_to=None, packages_select_build_failed=False, packages_skip_build_finished=False, packages_select_test_failures=False, packages_skip_test_passed=False, packages_select=None, packages_skip=None, packages_select_regex=None, packages_skip_regex=None, packages_start=None, packages_end=None, allow_overriding=[], cmake_args=None, cmake_target=None, cmake_target_skip_unavailable=False, cmake_clean_cache=False, cmake_clean_first=False, cmake_force_configure=False, ament_cmake_args=None, catkin_cmake_args=None, catkin_skip_building_tests=False, verb_parser=<colcon_defaults.argument_parser.defaults.DefaultArgumentsDecorator object at 0x7ea20161b7a0>, verb_extension=<colcon_core.verb.build.BuildVerb object at 0x7ea20161aed0>, main=<bound method BuildVerb.main of <colcon_core.verb.build.BuildVerb object at 0x7ea20161aed0>>)
[0.561s] Level 1:colcon.colcon_core.package_discovery:discover_packages(colcon_meta) check parameters
[0.562s] Level 1:colcon.colcon_core.package_discovery:discover_packages(recursive) check parameters
[0.562s] Level 1:colcon.colcon_core.package_discovery:discover_packages(ignore) check parameters
[0.562s] Level 1:colcon.colcon_core.package_discovery:discover_packages(path) check parameters
[0.562s] Level 1:colcon.colcon_core.package_discovery:discover_packages(colcon_meta) discover
[0.562s] Level 1:colcon.colcon_core.package_discovery:discover_packages(recursive) discover
[0.562s] INFO:colcon.colcon_core.package_discovery:Crawling recursively for packages in '/home/jeffr/dexterity-interface/libs/robot_description'
[0.562s] Level 1:colcon.colcon_core.package_identification:_identify(.) by extensions ['ignore', 'ignore_ament_install']
[0.562s] Level 1:colcon.colcon_core.package_identification:_identify(.) by extension 'ignore'
[0.562s] Level 1:colcon.colcon_core.package_identification:_identify(.) by extension 'ignore_ament_install'
[0.562s] Level 1:colcon.colcon_core.package_identification:_identify(.) by extensions ['colcon_pkg']
[0.562s] Level 1:colcon.colcon_core.package_identification:_identify(.) by extension 'colcon_pkg'
[0.562s] Level 1:colcon.colcon_core.package_identification:_identify(.) by extensions ['colcon_meta']
[0.562s] Level 1:colcon.colcon_core.package_identification:_identify(.) by extension 'colcon_meta'
[0.562s] Level 1:colcon.colcon_core.package_identification:_identify(.) by extensions ['ros']
[0.562s] Level 1:colcon.colcon_core.package_identification:_identify(.) by extension 'ros'
[0.641s] DEBUG:colcon.colcon_core.package_identification:Package '.' with type 'ros.ament_cmake' and name 'robot_description'
[0.641s] Level 1:colcon.colcon_core.package_discovery:discover_packages(recursive) using defaults
[0.641s] Level 1:colcon.colcon_core.package_discovery:discover_packages(ignore) discover
[0.641s] Level 1:colcon.colcon_core.package_discovery:discover_packages(ignore) using defaults
[0.641s] Level 1:colcon.colcon_core.package_discovery:discover_packages(path) discover
[0.642s] Level 1:colcon.colcon_core.package_discovery:discover_packages(path) using defaults
[0.700s] Level 1:colcon.colcon_core.package_discovery:discover_packages(prefix_path) check parameters
[0.701s] Level 1:colcon.colcon_core.package_discovery:discover_packages(prefix_path) discover
[0.707s] DEBUG:colcon.colcon_installed_package_information.package_discovery:Found 288 installed packages in /opt/ros/jazzy
[0.708s] Level 1:colcon.colcon_core.package_discovery:discover_packages(prefix_path) using defaults
[0.754s] Level 5:colcon.colcon_core.verb:set package 'robot_description' build argument 'cmake_args' from command line to 'None'
[0.754s] Level 5:colcon.colcon_core.verb:set package 'robot_description' build argument 'cmake_target' from command line to 'None'
[0.754s] Level 5:colcon.colcon_core.verb:set package 'robot_description' build argument 'cmake_target_skip_unavailable' from command line to 'False'
[0.754s] Level 5:colcon.colcon_core.verb:set package 'robot_description' build argument 'cmake_clean_cache' from command line to 'False'
[0.754s] Level 5:colcon.colcon_core.verb:set package 'robot_description' build argument 'cmake_clean_first' from command line to 'False'
[0.754s] Level 5:colcon.colcon_core.verb:set package 'robot_description' build argument 'cmake_force_configure' from command line to 'False'
[0.754s] Level 5:colcon.colcon_core.verb:set package 'robot_description' build argument 'ament_cmake_args' from command line to 'None'
[0.754s] Level 5:colcon.colcon_core.verb:set package 'robot_description' build argument 'catkin_cmake_args' from command line to 'None'
[0.754s] Level 5:colcon.colcon_core.verb:set package 'robot_description' build argument 'catkin_skip_building_tests' from command line to 'False'
[0.754s] DEBUG:colcon.colcon_core.verb:Building package 'robot_description' with the following arguments: {'ament_cmake_args': None, 'build_base': '/home/jeffr/dexterity-interface/libs/robot_description/build/robot_description', 'catkin_cmake_args': None, 'catkin_skip_building_tests': False, 'cmake_args': None, 'cmake_clean_cache': False, 'cmake_clean_first': False, 'cmake_force_configure': False, 'cmake_target': None, 'cmake_target_skip_unavailable': False, 'install_base': '/home/jeffr/dexterity-interface/libs/robot_description/install/robot_description', 'merge_install': False, 'path': '/home/jeffr/dexterity-interface/libs/robot_description', 'symlink_install': True, 'test_result_base': None}
[0.754s] INFO:colcon.colcon_core.executor:Executing jobs using 'parallel' executor
[0.756s] DEBUG:colcon.colcon_parallel_executor.executor.parallel:run_until_complete
[0.756s] INFO:colcon.colcon_ros.task.ament_cmake.build:Building ROS package in '/home/jeffr/dexterity-interface/libs/robot_description' with build type 'ament_cmake'
[0.757s] INFO:colcon.colcon_cmake.task.cmake.build:Building CMake package in '/home/jeffr/dexterity-interface/libs/robot_description'
[0.765s] INFO:colcon.colcon_core.plugin_system:Skipping extension 'colcon_core.shell.bat': Not used on non-Windows systems
[0.766s] INFO:colcon.colcon_core.shell:Skip shell extension 'powershell' for command environment: Not usable outside of PowerShell
[0.766s] DEBUG:colcon.colcon_core.shell:Skip shell extension 'dsv' for command environment
[0.785s] DEBUG:colcon.colcon_core.event_handler.log_command:Invoking command in '/home/jeffr/dexterity-interface/libs/robot_description/build/robot_description': CMAKE_PREFIX_PATH=${CMAKE_PREFIX_PATH}:/opt/ros/jazzy /usr/bin/cmake --build /home/jeffr/dexterity-interface/libs/robot_description/build/robot_description -- -j12 -l12
[0.963s] DEBUG:colcon.colcon_core.event_handler.log_command:Invoked command in '/home/jeffr/dexterity-interface/libs/robot_description/build/robot_description' returned '0': CMAKE_PREFIX_PATH=${CMAKE_PREFIX_PATH}:/opt/ros/jazzy /usr/bin/cmake --build /home/jeffr/dexterity-interface/libs/robot_description/build/robot_description -- -j12 -l12
[0.976s] DEBUG:colcon.colcon_core.event_handler.log_command:Invoking command in '/home/jeffr/dexterity-interface/libs/robot_description/build/robot_description': CMAKE_PREFIX_PATH=${CMAKE_PREFIX_PATH}:/opt/ros/jazzy /usr/bin/cmake --install /home/jeffr/dexterity-interface/libs/robot_description/build/robot_description
[1.039s] Level 1:colcon.colcon_core.environment:create_environment_scripts_only(robot_description)
[1.040s] DEBUG:colcon.colcon_core.event_handler.log_command:Invoked command in '/home/jeffr/dexterity-interface/libs/robot_description/build/robot_description' returned '0': CMAKE_PREFIX_PATH=${CMAKE_PREFIX_PATH}:/opt/ros/jazzy /usr/bin/cmake --install /home/jeffr/dexterity-interface/libs/robot_description/build/robot_description
[1.049s] Level 1:colcon.colcon_core.environment:checking '/home/jeffr/dexterity-interface/libs/robot_description/install/robot_description' for CMake module files
[1.051s] Level 1:colcon.colcon_core.environment:checking '/home/jeffr/dexterity-interface/libs/robot_description/install/robot_description' for CMake config files
[1.059s] Level 1:colcon.colcon_core.shell:create_environment_hook('robot_description', 'cmake_prefix_path')
[1.060s] INFO:colcon.colcon_core.shell:Creating environment hook '/home/jeffr/dexterity-interface/libs/robot_description/install/robot_description/share/robot_description/hook/cmake_prefix_path.ps1'
[1.063s] INFO:colcon.colcon_core.shell:Creating environment descriptor '/home/jeffr/dexterity-interface/libs/robot_description/install/robot_description/share/robot_description/hook/cmake_prefix_path.dsv'
[1.066s] INFO:colcon.colcon_core.shell:Creating environment hook '/home/jeffr/dexterity-interface/libs/robot_description/install/robot_description/share/robot_description/hook/cmake_prefix_path.sh'
[1.069s] Level 1:colcon.colcon_core.environment:checking '/home/jeffr/dexterity-interface/libs/robot_description/install/robot_description/bin'
[1.070s] Level 1:colcon.colcon_core.environment:checking '/home/jeffr/dexterity-interface/libs/robot_description/install/robot_description/lib/pkgconfig/robot_description.pc'
[1.070s] Level 1:colcon.colcon_core.environment:checking '/home/jeffr/dexterity-interface/libs/robot_description/install/robot_description/lib/python3.12/site-packages'
[1.072s] Level 1:colcon.colcon_core.environment:checking '/home/jeffr/dexterity-interface/libs/robot_description/install/robot_description/bin'
[1.073s] INFO:colcon.colcon_core.shell:Creating package script '/home/jeffr/dexterity-interface/libs/robot_description/install/robot_description/share/robot_description/package.ps1'
[1.075s] INFO:colcon.colcon_core.shell:Creating package descriptor '/home/jeffr/dexterity-interface/libs/robot_description/install/robot_description/share/robot_description/package.dsv'
[1.078s] INFO:colcon.colcon_core.shell:Creating package script '/home/jeffr/dexterity-interface/libs/robot_description/install/robot_description/share/robot_description/package.sh'
[1.081s] INFO:colcon.colcon_core.shell:Creating package script '/home/jeffr/dexterity-interface/libs/robot_description/install/robot_description/share/robot_description/package.bash'
[1.082s] INFO:colcon.colcon_core.shell:Creating package script '/home/jeffr/dexterity-interface/libs/robot_description/install/robot_description/share/robot_description/package.zsh'
[1.083s] Level 1:colcon.colcon_core.environment:create_file_with_runtime_dependencies(/home/jeffr/dexterity-interface/libs/robot_description/install/robot_description/share/colcon-core/packages/robot_description)
[1.083s] Level 1:colcon.colcon_core.environment:create_environment_scripts_only(robot_description)
[1.083s] Level 1:colcon.colcon_core.environment:checking '/home/jeffr/dexterity-interface/libs/robot_description/install/robot_description' for CMake module files
[1.084s] Level 1:colcon.colcon_core.environment:checking '/home/jeffr/dexterity-interface/libs/robot_description/install/robot_description' for CMake config files
[1.085s] Level 1:colcon.colcon_core.shell:create_environment_hook('robot_description', 'cmake_prefix_path')
[1.085s] INFO:colcon.colcon_core.shell:Creating environment hook '/home/jeffr/dexterity-interface/libs/robot_description/install/robot_description/share/robot_description/hook/cmake_prefix_path.ps1'
[1.086s] INFO:colcon.colcon_core.shell:Creating environment descriptor '/home/jeffr/dexterity-interface/libs/robot_description/install/robot_description/share/robot_description/hook/cmake_prefix_path.dsv'
[1.088s] INFO:colcon.colcon_core.shell:Creating environment hook '/home/jeffr/dexterity-interface/libs/robot_description/install/robot_description/share/robot_description/hook/cmake_prefix_path.sh'
[1.090s] Level 1:colcon.colcon_core.environment:checking '/home/jeffr/dexterity-interface/libs/robot_description/install/robot_description/bin'
[1.091s] Level 1:colcon.colcon_core.environment:checking '/home/jeffr/dexterity-interface/libs/robot_description/install/robot_description/lib/pkgconfig/robot_description.pc'
[1.091s] Level 1:colcon.colcon_core.environment:checking '/home/jeffr/dexterity-interface/libs/robot_description/install/robot_description/lib/python3.12/site-packages'
[1.092s] Level 1:colcon.colcon_core.environment:checking '/home/jeffr/dexterity-interface/libs/robot_description/install/robot_description/bin'
[1.093s] INFO:colcon.colcon_core.shell:Creating package script '/home/jeffr/dexterity-interface/libs/robot_description/install/robot_description/share/robot_description/package.ps1'
[1.094s] INFO:colcon.colcon_core.shell:Creating package descriptor '/home/jeffr/dexterity-interface/libs/robot_description/install/robot_description/share/robot_description/package.dsv'
[1.096s] INFO:colcon.colcon_core.shell:Creating package script '/home/jeffr/dexterity-interface/libs/robot_description/install/robot_description/share/robot_description/package.sh'
[1.098s] INFO:colcon.colcon_core.shell:Creating package script '/home/jeffr/dexterity-interface/libs/robot_description/install/robot_description/share/robot_description/package.bash'
[1.099s] INFO:colcon.colcon_core.shell:Creating package script '/home/jeffr/dexterity-interface/libs/robot_description/install/robot_description/share/robot_description/package.zsh'
[1.100s] Level 1:colcon.colcon_core.environment:create_file_with_runtime_dependencies(/home/jeffr/dexterity-interface/libs/robot_description/install/robot_description/share/colcon-core/packages/robot_description)
[1.101s] DEBUG:colcon.colcon_parallel_executor.executor.parallel:closing loop
[1.102s] DEBUG:colcon.colcon_parallel_executor.executor.parallel:loop closed
[1.102s] DEBUG:colcon.colcon_parallel_executor.executor.parallel:run_until_complete finished with '0'
[1.102s] DEBUG:colcon.colcon_core.event_reactor:joining thread
[1.258s] INFO:colcon.colcon_core.plugin_system:Skipping extension 'colcon_notification.desktop_notification.notify_send': Could not find 'notify-send'
[1.258s] INFO:colcon.colcon_core.plugin_system:Skipping extension 'colcon_notification.desktop_notification.terminal_notifier': Not used on non-Darwin systems
[1.258s] INFO:colcon.colcon_core.plugin_system:Skipping extension 'colcon_notification.desktop_notification.win32': Not used on non-Windows systems
[1.258s] INFO:colcon.colcon_notification.desktop_notification:Sending desktop notification using 'notify2'
[1.261s] DEBUG:colcon.colcon_notification.desktop_notification.notify2:Failed to initialize notify2: org.freedesktop.DBus.Error.ServiceUnknown: The name org.freedesktop.Notifications was not provided by any .service files
[1.262s] DEBUG:colcon.colcon_core.event_reactor:joined thread
[1.262s] INFO:colcon.colcon_core.shell:Creating prefix script '/home/jeffr/dexterity-interface/libs/robot_description/install/local_setup.ps1'
[1.265s] INFO:colcon.colcon_core.shell:Creating prefix util module '/home/jeffr/dexterity-interface/libs/robot_description/install/_local_setup_util_ps1.py'
[1.268s] INFO:colcon.colcon_core.shell:Creating prefix chain script '/home/jeffr/dexterity-interface/libs/robot_description/install/setup.ps1'
[1.270s] INFO:colcon.colcon_core.shell:Creating prefix script '/home/jeffr/dexterity-interface/libs/robot_description/install/local_setup.sh'
[1.271s] INFO:colcon.colcon_core.shell:Creating prefix util module '/home/jeffr/dexterity-interface/libs/robot_description/install/_local_setup_util_sh.py'
[1.272s] INFO:colcon.colcon_core.shell:Creating prefix chain script '/home/jeffr/dexterity-interface/libs/robot_description/install/setup.sh'
[1.274s] INFO:colcon.colcon_core.shell:Creating prefix script '/home/jeffr/dexterity-interface/libs/robot_description/install/local_setup.bash'
[1.275s] INFO:colcon.colcon_core.shell:Creating prefix chain script '/home/jeffr/dexterity-interface/libs/robot_description/install/setup.bash'
[1.276s] INFO:colcon.colcon_core.shell:Creating prefix script '/home/jeffr/dexterity-interface/libs/robot_description/install/local_setup.zsh'
[1.277s] INFO:colcon.colcon_core.shell:Creating prefix chain script '/home/jeffr/dexterity-interface/libs/robot_description/install/setup.zsh'
