[0.021s] Invoking command in '/home/jeffr/dexterity-interface/libs/robot_motion/src/robot_motion/build/robot_motion': CMAKE_PREFIX_PATH=${CMAKE_PREFIX_PATH}:/opt/ros/jazzy /usr/bin/cmake --build /home/jeffr/dexterity-interface/libs/robot_motion/src/robot_motion/build/robot_motion -- -j12 -l12
[0.061s] -- Found ament_cmake: 2.5.4 (/opt/ros/jazzy/share/ament_cmake/cmake)
[0.624s] -- Override CMake install command with custom implementation using symlinks instead of copying resources
[0.686s] -- Found ament_lint_auto: 0.17.3 (/opt/ros/jazzy/share/ament_lint_auto/cmake)
[0.941s] -- Added test 'cppcheck' to perform static code analysis on C / C++ code
[0.941s] -- Configured cppcheck include dirs: 
[0.941s] -- Configured cppcheck exclude dirs and/or files: 
[0.945s] -- Added test 'flake8' to check Python code syntax and style conventions
[0.945s] -- Configured 'flake8' exclude dirs and/or files: 
[0.954s] -- Added test 'lint_cmake' to check CMake code style
[0.963s] -- Added test 'pep257' to check Python code against some of the docstring style conventions in PEP 257
[0.990s] -- Added test 'uncrustify' to check C / C++ code style
[0.990s] -- Configured uncrustify additional arguments: 
[0.993s] -- Added test 'xmllint' to check XML markup files
[0.996s] -- Configuring done (1.0s)
[1.008s] -- Generating done (0.0s)
[1.010s] -- Build files have been written to: /home/jeffr/dexterity-interface/libs/robot_motion/src/robot_motion/build/robot_motion
[1.033s] Invoked command in '/home/jeffr/dexterity-interface/libs/robot_motion/src/robot_motion/build/robot_motion' returned '0': CMAKE_PREFIX_PATH=${CMAKE_PREFIX_PATH}:/opt/ros/jazzy /usr/bin/cmake --build /home/jeffr/dexterity-interface/libs/robot_motion/src/robot_motion/build/robot_motion -- -j12 -l12
[1.045s] Invoking command in '/home/jeffr/dexterity-interface/libs/robot_motion/src/robot_motion/build/robot_motion': CMAKE_PREFIX_PATH=${CMAKE_PREFIX_PATH}:/opt/ros/jazzy /usr/bin/cmake --install /home/jeffr/dexterity-interface/libs/robot_motion/src/robot_motion/build/robot_motion
[1.052s] -- Install configuration: ""
[1.052s] -- Execute custom install script
[1.053s] [33mCMake Warning (dev) at ament_cmake_symlink_install/ament_cmake_symlink_install.cmake:62 (file):
[1.053s]   Policy CMP0009 is not set: FILE GLOB_RECURSE calls should not follow
[1.053s]   symlinks by default.  Run "cmake --help-policy CMP0009" for policy details.
[1.053s]   Use the cmake_policy command to set the policy and suppress this warning.
[1.053s] Call Stack (most recent call first):
[1.053s]   ament_cmake_symlink_install/ament_cmake_symlink_install.cmake:314 (ament_cmake_symlink_install_directory)
[1.054s]   cmake_install.cmake:46 (include)
[1.054s] This warning is for project developers.  Use -Wno-dev to suppress it.
[1.055s] [0m
[1.055s] -- Up-to-date symlink: /home/jeffr/dexterity-interface/libs/robot_motion/src/robot_motion/install/robot_motion/share/robot_motion/ik/README.md
[1.055s] -- Up-to-date symlink: /home/jeffr/dexterity-interface/libs/robot_motion/src/robot_motion/install/robot_motion/share/robot_motion/ik/__pycache__/ik.cpython-311.pyc
[1.056s] -- Up-to-date symlink: /home/jeffr/dexterity-interface/libs/robot_motion/src/robot_motion/install/robot_motion/share/robot_motion/ik/__pycache__/ik.cpython-312.pyc
[1.056s] -- Up-to-date symlink: /home/jeffr/dexterity-interface/libs/robot_motion/src/robot_motion/install/robot_motion/share/robot_motion/ik/__pycache__/python_wrapper.cpython-311.pyc
[1.056s] -- Up-to-date symlink: /home/jeffr/dexterity-interface/libs/robot_motion/src/robot_motion/install/robot_motion/share/robot_motion/ik/__pycache__/python_wrapper.cpython-312.pyc
[1.056s] -- Up-to-date symlink: /home/jeffr/dexterity-interface/libs/robot_motion/src/robot_motion/install/robot_motion/share/robot_motion/ik/__pycache__/ranged_ik.cpython-312.pyc
[1.056s] -- Up-to-date symlink: /home/jeffr/dexterity-interface/libs/robot_motion/src/robot_motion/install/robot_motion/share/robot_motion/ik/build/.built_by
[1.056s] -- Up-to-date symlink: /home/jeffr/dexterity-interface/libs/robot_motion/src/robot_motion/install/robot_motion/share/robot_motion/ik/build/COLCON_IGNORE
[1.056s] -- Up-to-date symlink: /home/jeffr/dexterity-interface/libs/robot_motion/src/robot_motion/install/robot_motion/share/robot_motion/ik/configs/urdfs/Do not delete these folders (until solve)
[1.056s] -- Up-to-date symlink: /home/jeffr/dexterity-interface/libs/robot_motion/src/robot_motion/install/robot_motion/share/robot_motion/ik/ik.py
[1.056s] -- Up-to-date symlink: /home/jeffr/dexterity-interface/libs/robot_motion/src/robot_motion/install/robot_motion/share/robot_motion/ik/install/.colcon_install_layout
[1.057s] -- Up-to-date symlink: /home/jeffr/dexterity-interface/libs/robot_motion/src/robot_motion/install/robot_motion/share/robot_motion/ik/install/COLCON_IGNORE
[1.057s] -- Up-to-date symlink: /home/jeffr/dexterity-interface/libs/robot_motion/src/robot_motion/install/robot_motion/share/robot_motion/ik/install/_local_setup_util_ps1.py
[1.057s] -- Up-to-date symlink: /home/jeffr/dexterity-interface/libs/robot_motion/src/robot_motion/install/robot_motion/share/robot_motion/ik/install/_local_setup_util_sh.py
[1.057s] -- Up-to-date symlink: /home/jeffr/dexterity-interface/libs/robot_motion/src/robot_motion/install/robot_motion/share/robot_motion/ik/install/local_setup.bash
[1.057s] -- Up-to-date symlink: /home/jeffr/dexterity-interface/libs/robot_motion/src/robot_motion/install/robot_motion/share/robot_motion/ik/install/local_setup.ps1
[1.057s] -- Up-to-date symlink: /home/jeffr/dexterity-interface/libs/robot_motion/src/robot_motion/install/robot_motion/share/robot_motion/ik/install/local_setup.sh
[1.057s] -- Up-to-date symlink: /home/jeffr/dexterity-interface/libs/robot_motion/src/robot_motion/install/robot_motion/share/robot_motion/ik/install/local_setup.zsh
[1.058s] -- Up-to-date symlink: /home/jeffr/dexterity-interface/libs/robot_motion/src/robot_motion/install/robot_motion/share/robot_motion/ik/install/setup.bash
[1.058s] -- Up-to-date symlink: /home/jeffr/dexterity-interface/libs/robot_motion/src/robot_motion/install/robot_motion/share/robot_motion/ik/install/setup.ps1
[1.058s] -- Up-to-date symlink: /home/jeffr/dexterity-interface/libs/robot_motion/src/robot_motion/install/robot_motion/share/robot_motion/ik/install/setup.sh
[1.058s] -- Up-to-date symlink: /home/jeffr/dexterity-interface/libs/robot_motion/src/robot_motion/install/robot_motion/share/robot_motion/ik/install/setup.zsh
[1.058s] -- Up-to-date symlink: /home/jeffr/dexterity-interface/libs/robot_motion/src/robot_motion/install/robot_motion/share/robot_motion/ik/launch/ranged_ik.launch.py
[1.058s] -- Up-to-date symlink: /home/jeffr/dexterity-interface/libs/robot_motion/src/robot_motion/install/robot_motion/share/robot_motion/ik/launch/test_ranged_ik.launch.py
[1.059s] -- Up-to-date symlink: /home/jeffr/dexterity-interface/libs/robot_motion/src/robot_motion/install/robot_motion/share/robot_motion/ik/log/COLCON_IGNORE
[1.059s] -- Up-to-date symlink: /home/jeffr/dexterity-interface/libs/robot_motion/src/robot_motion/install/robot_motion/share/robot_motion/ik/log/build_2025-10-25_11-24-06/events.log
[1.059s] -- Up-to-date symlink: /home/jeffr/dexterity-interface/libs/robot_motion/src/robot_motion/install/robot_motion/share/robot_motion/ik/log/build_2025-10-25_11-24-06/logger_all.log
[1.060s] -- Up-to-date symlink: /home/jeffr/dexterity-interface/libs/robot_motion/src/robot_motion/install/robot_motion/share/robot_motion/ik/log/latest/events.log
[1.060s] -- Up-to-date symlink: /home/jeffr/dexterity-interface/libs/robot_motion/src/robot_motion/install/robot_motion/share/robot_motion/ik/log/latest/logger_all.log
[1.060s] -- Up-to-date symlink: /home/jeffr/dexterity-interface/libs/robot_motion/src/robot_motion/install/robot_motion/share/robot_motion/ik/log/latest_build/events.log
[1.061s] -- Up-to-date symlink: /home/jeffr/dexterity-interface/libs/robot_motion/src/robot_motion/install/robot_motion/share/robot_motion/ik/log/latest_build/logger_all.log
[1.061s] -- Up-to-date symlink: /home/jeffr/dexterity-interface/libs/robot_motion/src/robot_motion/install/robot_motion/share/robot_motion/ik/python_wrapper.py
[1.062s] -- Up-to-date symlink: /home/jeffr/dexterity-interface/libs/robot_motion/src/robot_motion/install/robot_motion/share/robot_motion/ik/ranged_ik.py
[1.062s] -- Up-to-date symlink: /home/jeffr/dexterity-interface/libs/robot_motion/src/robot_motion/install/robot_motion/share/robot_motion/ik/ranged_ik_node.py
[1.062s] -- Up-to-date symlink: /home/jeffr/dexterity-interface/libs/robot_motion/src/robot_motion/install/robot_motion/share/robot_motion/ik/settings.yaml
[1.062s] -- Up-to-date symlink: /home/jeffr/dexterity-interface/libs/robot_motion/src/robot_motion/install/robot_motion/lib/robot_motion/ranged_ik.py
[1.062s] -- Up-to-date symlink: /home/jeffr/dexterity-interface/libs/robot_motion/src/robot_motion/install/robot_motion/share/ament_index/resource_index/package_run_dependencies/robot_motion
[1.062s] -- Up-to-date symlink: /home/jeffr/dexterity-interface/libs/robot_motion/src/robot_motion/install/robot_motion/share/ament_index/resource_index/parent_prefix_path/robot_motion
[1.062s] -- Up-to-date symlink: /home/jeffr/dexterity-interface/libs/robot_motion/src/robot_motion/install/robot_motion/share/robot_motion/environment/ament_prefix_path.sh
[1.062s] -- Up-to-date symlink: /home/jeffr/dexterity-interface/libs/robot_motion/src/robot_motion/install/robot_motion/share/robot_motion/environment/ament_prefix_path.dsv
[1.062s] -- Up-to-date symlink: /home/jeffr/dexterity-interface/libs/robot_motion/src/robot_motion/install/robot_motion/share/robot_motion/environment/path.sh
[1.062s] -- Up-to-date symlink: /home/jeffr/dexterity-interface/libs/robot_motion/src/robot_motion/install/robot_motion/share/robot_motion/environment/path.dsv
[1.062s] -- Up-to-date symlink: /home/jeffr/dexterity-interface/libs/robot_motion/src/robot_motion/install/robot_motion/share/robot_motion/local_setup.bash
[1.062s] -- Up-to-date symlink: /home/jeffr/dexterity-interface/libs/robot_motion/src/robot_motion/install/robot_motion/share/robot_motion/local_setup.sh
[1.062s] -- Up-to-date symlink: /home/jeffr/dexterity-interface/libs/robot_motion/src/robot_motion/install/robot_motion/share/robot_motion/local_setup.zsh
[1.062s] -- Up-to-date symlink: /home/jeffr/dexterity-interface/libs/robot_motion/src/robot_motion/install/robot_motion/share/robot_motion/local_setup.dsv
[1.063s] -- Symlinking: /home/jeffr/dexterity-interface/libs/robot_motion/src/robot_motion/install/robot_motion/share/robot_motion/package.dsv
[1.072s] -- Up-to-date symlink: /home/jeffr/dexterity-interface/libs/robot_motion/src/robot_motion/install/robot_motion/share/ament_index/resource_index/packages/robot_motion
[1.073s] -- Up-to-date symlink: /home/jeffr/dexterity-interface/libs/robot_motion/src/robot_motion/install/robot_motion/share/robot_motion/cmake/robot_motionConfig.cmake
[1.073s] -- Up-to-date symlink: /home/jeffr/dexterity-interface/libs/robot_motion/src/robot_motion/install/robot_motion/share/robot_motion/cmake/robot_motionConfig-version.cmake
[1.073s] -- Up-to-date symlink: /home/jeffr/dexterity-interface/libs/robot_motion/src/robot_motion/install/robot_motion/share/robot_motion/package.xml
[1.074s] Invoked command in '/home/jeffr/dexterity-interface/libs/robot_motion/src/robot_motion/build/robot_motion' returned '0': CMAKE_PREFIX_PATH=${CMAKE_PREFIX_PATH}:/opt/ros/jazzy /usr/bin/cmake --install /home/jeffr/dexterity-interface/libs/robot_motion/src/robot_motion/build/robot_motion
