[31mCMake Error at CMakeLists.txt:14 (install):
  install DIRECTORY given non-directory "ik/python_wrapper.py" to install.

[0m
[0mCMake Error: File /home/jeffr/dexterity-interface/libs/robot_motion/src/robot_motion/package.xml does not exist.[0m
[31mCMake Error at /opt/ros/jazzy/share/ament_cmake_core/cmake/core/stamp.cmake:24 (configure_file):
  configure_file Problem configuring file
Call Stack (most recent call first):
  /opt/ros/jazzy/share/ament_cmake_core/cmake/core/ament_package_xml.cmake:73 (stamp)
  /opt/ros/jazzy/share/ament_cmake_core/cmake/core/ament_package_xml.cmake:49 (_ament_package_xml)
  /opt/ros/jazzy/share/ament_lint_auto/cmake/ament_lint_auto_find_test_dependencies.cmake:31 (ament_package_xml)
  CMakeLists.txt:29 (ament_lint_auto_find_test_dependencies)

[0m
[0mCMake Error: File /home/jeffr/dexterity-interface/libs/robot_motion/src/robot_motion/package.xml does not exist.[0m
[31mCMake Error at /opt/ros/jazzy/share/ament_cmake_core/cmake/core/stamp.cmake:24 (configure_file):
  configure_file Problem configuring file
Call Stack (most recent call first):
  /opt/ros/jazzy/share/ament_cmake_core/cmake/core/ament_package_xml.cmake:73 (stamp)
  /opt/ros/jazzy/share/ament_cmake_core/cmake/core/ament_package_xml.cmake:49 (_ament_package_xml)
  /opt/ros/jazzy/share/ament_cmake_core/cmake/core/ament_package.cmake:63 (ament_package_xml)
  CMakeLists.txt:32 (ament_package)

[0m
