-- The C compiler identification is GNU 13.3.0
-- The CXX compiler identification is GNU 13.3.0
-- Detecting C compiler ABI info
-- Detecting C compiler ABI info - done
-- Check for working C compiler: /usr/bin/cc - skipped
-- Detecting C compile features
-- Detecting C compile features - done
-- Detecting CXX compiler ABI info
-- Detecting CXX compiler ABI info - done
-- Check for working CXX compiler: /usr/bin/c++ - skipped
-- Detecting CXX compile features
-- Detecting CXX compile features - done
-- Found ament_cmake: 2.5.4 (/opt/ros/jazzy/share/ament_cmake/cmake)
-- Found Python3: /home/jeffr/dexterity-interface/venv-dex/bin/python3 (found version "3.11.14") found components: Interpreter 
-- Found ament_lint_auto: 0.17.3 (/opt/ros/jazzy/share/ament_lint_auto/cmake)
-- Added test 'cppcheck' to perform static code analysis on C / C++ code
-- Configured cppcheck include dirs: 
-- Configured cppcheck exclude dirs and/or files: 
-- Added test 'flake8' to check Python code syntax and style conventions
-- Configured 'flake8' exclude dirs and/or files: 
-- Added test 'lint_cmake' to check CMake code style
-- Added test 'pep257' to check Python code against some of the docstring style conventions in PEP 257
-- Added test 'uncrustify' to check C / C++ code style
-- Configured uncrustify additional arguments: 
-- Added test 'xmllint' to check XML markup files
-- Configuring done (6.7s)
-- Generating done (0.0s)
-- Build files have been written to: /home/jeffr/dexterity-interface/libs/robot_description/build/robot_description
-- Install configuration: ""
-- Installing: /home/jeffr/dexterity-interface/libs/robot_description/install/robot_description/share/robot_description/launch
-- Installing: /home/jeffr/dexterity-interface/libs/robot_description/install/robot_description/share/robot_description/launch/display.launch.py
-- Installing: /home/jeffr/dexterity-interface/libs/robot_description/install/robot_description/share/robot_description/collision
-- Installing: /home/jeffr/dexterity-interface/libs/robot_description/install/robot_description/share/robot_description/collision/hand.stl
-- Installing: /home/jeffr/dexterity-interface/libs/robot_description/install/robot_description/share/robot_description/collision/finger.stl
-- Installing: /home/jeffr/dexterity-interface/libs/robot_description/install/robot_description/share/robot_description/collision/link1.stl
-- Installing: /home/jeffr/dexterity-interface/libs/robot_description/install/robot_description/share/robot_description/collision/link6.stl
-- Installing: /home/jeffr/dexterity-interface/libs/robot_description/install/robot_description/share/robot_description/collision/link5.stl
-- Installing: /home/jeffr/dexterity-interface/libs/robot_description/install/robot_description/share/robot_description/collision/link0.stl
-- Installing: /home/jeffr/dexterity-interface/libs/robot_description/install/robot_description/share/robot_description/collision/link4.stl
-- Installing: /home/jeffr/dexterity-interface/libs/robot_description/install/robot_description/share/robot_description/collision/link7.stl
-- Installing: /home/jeffr/dexterity-interface/libs/robot_description/install/robot_description/share/robot_description/collision/link3.stl
-- Installing: /home/jeffr/dexterity-interface/libs/robot_description/install/robot_description/share/robot_description/collision/link2.stl
-- Installing: /home/jeffr/dexterity-interface/libs/robot_description/install/robot_description/share/robot_description/visual
-- Installing: /home/jeffr/dexterity-interface/libs/robot_description/install/robot_description/share/robot_description/visual/finger.dae
-- Installing: /home/jeffr/dexterity-interface/libs/robot_description/install/robot_description/share/robot_description/visual/link0.dae
-- Installing: /home/jeffr/dexterity-interface/libs/robot_description/install/robot_description/share/robot_description/visual/link6.dae
-- Installing: /home/jeffr/dexterity-interface/libs/robot_description/install/robot_description/share/robot_description/visual/link5.dae
-- Installing: /home/jeffr/dexterity-interface/libs/robot_description/install/robot_description/share/robot_description/visual/link1.dae
-- Installing: /home/jeffr/dexterity-interface/libs/robot_description/install/robot_description/share/robot_description/visual/link2.dae
-- Installing: /home/jeffr/dexterity-interface/libs/robot_description/install/robot_description/share/robot_description/visual/link4.dae
-- Installing: /home/jeffr/dexterity-interface/libs/robot_description/install/robot_description/share/robot_description/visual/link7.dae
-- Installing: /home/jeffr/dexterity-interface/libs/robot_description/install/robot_description/share/robot_description/visual/link3.dae
-- Installing: /home/jeffr/dexterity-interface/libs/robot_description/install/robot_description/share/robot_description/visual/hand.dae
-- Installing: /home/jeffr/dexterity-interface/libs/robot_description/install/robot_description/share/robot_description/config
-- Installing: /home/jeffr/dexterity-interface/libs/robot_description/install/robot_description/share/ament_index/resource_index/package_run_dependencies/robot_description
-- Installing: /home/jeffr/dexterity-interface/libs/robot_description/install/robot_description/share/ament_index/resource_index/parent_prefix_path/robot_description
-- Installing: /home/jeffr/dexterity-interface/libs/robot_description/install/robot_description/share/robot_description/environment/ament_prefix_path.sh
-- Installing: /home/jeffr/dexterity-interface/libs/robot_description/install/robot_description/share/robot_description/environment/ament_prefix_path.dsv
-- Installing: /home/jeffr/dexterity-interface/libs/robot_description/install/robot_description/share/robot_description/environment/path.sh
-- Installing: /home/jeffr/dexterity-interface/libs/robot_description/install/robot_description/share/robot_description/environment/path.dsv
-- Installing: /home/jeffr/dexterity-interface/libs/robot_description/install/robot_description/share/robot_description/local_setup.bash
-- Installing: /home/jeffr/dexterity-interface/libs/robot_description/install/robot_description/share/robot_description/local_setup.sh
-- Installing: /home/jeffr/dexterity-interface/libs/robot_description/install/robot_description/share/robot_description/local_setup.zsh
-- Installing: /home/jeffr/dexterity-interface/libs/robot_description/install/robot_description/share/robot_description/local_setup.dsv
-- Installing: /home/jeffr/dexterity-interface/libs/robot_description/install/robot_description/share/robot_description/package.dsv
-- Installing: /home/jeffr/dexterity-interface/libs/robot_description/install/robot_description/share/ament_index/resource_index/packages/robot_description
-- Installing: /home/jeffr/dexterity-interface/libs/robot_description/install/robot_description/share/robot_description/cmake/robot_descriptionConfig.cmake
-- Installing: /home/jeffr/dexterity-interface/libs/robot_description/install/robot_description/share/robot_description/cmake/robot_descriptionConfig-version.cmake
-- Installing: /home/jeffr/dexterity-interface/libs/robot_description/install/robot_description/share/robot_description/package.xml
