[0.394s] Invoking command in '/workspace/libs/robot_motion_interface/ros/src/robot_motion_interface_ros': PYTHONPATH=/workspace/libs/robot_motion_interface/ros/build/robot_motion_interface_ros/prefix_override:/usr/lib/python3/dist-packages/colcon_core/task/python/colcon_distutils_commands:/workspace/libs/robot_motion_interface/ros/install/robot_motion_interface_ros/lib/python3.12/site-packages:${PYTHONPATH} /usr/bin/python3 -W ignore:setup.py install is deprecated -W ignore:easy_install command is deprecated setup.py egg_info --egg-base ../../build/robot_motion_interface_ros build --build-base /workspace/libs/robot_motion_interface/ros/build/robot_motion_interface_ros/build install --record /workspace/libs/robot_motion_interface/ros/build/robot_motion_interface_ros/install.log --single-version-externally-managed install_data
[0.530s] running egg_info
[0.537s] writing ../../build/robot_motion_interface_ros/robot_motion_interface_ros.egg-info/PKG-INFO
[0.537s] writing dependency_links to ../../build/robot_motion_interface_ros/robot_motion_interface_ros.egg-info/dependency_links.txt
[0.537s] writing requirements to ../../build/robot_motion_interface_ros/robot_motion_interface_ros.egg-info/requires.txt
[0.538s] writing top-level names to ../../build/robot_motion_interface_ros/robot_motion_interface_ros.egg-info/top_level.txt
[0.552s] reading manifest file '../../build/robot_motion_interface_ros/robot_motion_interface_ros.egg-info/SOURCES.txt'
[0.552s] writing manifest file '../../build/robot_motion_interface_ros/robot_motion_interface_ros.egg-info/SOURCES.txt'
[0.552s] running build
[0.553s] running build_py
[0.553s] copying robot_motion_interface_ros/interface_node.py -> /workspace/libs/robot_motion_interface/ros/build/robot_motion_interface_ros/build/lib/robot_motion_interface_ros
[0.553s] running install
[0.557s] running install_lib
[0.564s] copying /workspace/libs/robot_motion_interface/ros/build/robot_motion_interface_ros/build/lib/robot_motion_interface_ros/interface_node.py -> /workspace/libs/robot_motion_interface/ros/install/robot_motion_interface_ros/lib/python3.12/site-packages/robot_motion_interface_ros
[0.564s] byte-compiling /workspace/libs/robot_motion_interface/ros/install/robot_motion_interface_ros/lib/python3.12/site-packages/robot_motion_interface_ros/interface_node.py to interface_node.cpython-312.pyc
[0.564s] running install_data
[0.564s] running install_egg_info
[0.572s] removing '/workspace/libs/robot_motion_interface/ros/install/robot_motion_interface_ros/lib/python3.12/site-packages/robot_motion_interface_ros-0.0.0-py3.12.egg-info' (and everything under it)
[0.572s] Copying ../../build/robot_motion_interface_ros/robot_motion_interface_ros.egg-info to /workspace/libs/robot_motion_interface/ros/install/robot_motion_interface_ros/lib/python3.12/site-packages/robot_motion_interface_ros-0.0.0-py3.12.egg-info
[0.573s] running install_scripts
[0.626s] writing list of installed files to '/workspace/libs/robot_motion_interface/ros/build/robot_motion_interface_ros/install.log'
[0.642s] Invoked command in '/workspace/libs/robot_motion_interface/ros/src/robot_motion_interface_ros' returned '0': PYTHONPATH=/workspace/libs/robot_motion_interface/ros/build/robot_motion_interface_ros/prefix_override:/usr/lib/python3/dist-packages/colcon_core/task/python/colcon_distutils_commands:/workspace/libs/robot_motion_interface/ros/install/robot_motion_interface_ros/lib/python3.12/site-packages:${PYTHONPATH} /usr/bin/python3 -W ignore:setup.py install is deprecated -W ignore:easy_install command is deprecated setup.py egg_info --egg-base ../../build/robot_motion_interface_ros build --build-base /workspace/libs/robot_motion_interface/ros/build/robot_motion_interface_ros/build install --record /workspace/libs/robot_motion_interface/ros/build/robot_motion_interface_ros/install.log --single-version-externally-managed install_data
