[0.027s] Invoking command in '/home/jeffr/dexterity-interface/libs/robot_description/build/robot_description': CMAKE_PREFIX_PATH=${CMAKE_PREFIX_PATH}:/opt/ros/jazzy /usr/bin/cmake --build /home/jeffr/dexterity-interface/libs/robot_description/build/robot_description -- -j12 -l12
[0.222s] Invoked command in '/home/jeffr/dexterity-interface/libs/robot_description/build/robot_description' returned '0': CMAKE_PREFIX_PATH=${CMAKE_PREFIX_PATH}:/opt/ros/jazzy /usr/bin/cmake --build /home/jeffr/dexterity-interface/libs/robot_description/build/robot_description -- -j12 -l12
[0.237s] Invoking command in '/home/jeffr/dexterity-interface/libs/robot_description/build/robot_description': CMAKE_PREFIX_PATH=${CMAKE_PREFIX_PATH}:/opt/ros/jazzy /usr/bin/cmake --install /home/jeffr/dexterity-interface/libs/robot_description/build/robot_description
[0.247s] -- Install configuration: ""
[0.248s] -- Execute custom install script
[0.251s] -- Up-to-date symlink: /home/jeffr/dexterity-interface/libs/robot_description/install/robot_description/share/robot_description/launch/display.launch.py
[0.252s] -- Up-to-date symlink: /home/jeffr/dexterity-interface/libs/robot_description/install/robot_description/share/robot_description/collision/finger.stl
[0.252s] -- Up-to-date symlink: /home/jeffr/dexterity-interface/libs/robot_description/install/robot_description/share/robot_description/collision/hand.stl
[0.253s] -- Up-to-date symlink: /home/jeffr/dexterity-interface/libs/robot_description/install/robot_description/share/robot_description/collision/link0.stl
[0.253s] -- Up-to-date symlink: /home/jeffr/dexterity-interface/libs/robot_description/install/robot_description/share/robot_description/collision/link1.stl
[0.254s] -- Up-to-date symlink: /home/jeffr/dexterity-interface/libs/robot_description/install/robot_description/share/robot_description/collision/link2.stl
[0.254s] -- Up-to-date symlink: /home/jeffr/dexterity-interface/libs/robot_description/install/robot_description/share/robot_description/collision/link3.stl
[0.255s] -- Up-to-date symlink: /home/jeffr/dexterity-interface/libs/robot_description/install/robot_description/share/robot_description/collision/link4.stl
[0.255s] -- Up-to-date symlink: /home/jeffr/dexterity-interface/libs/robot_description/install/robot_description/share/robot_description/collision/link5.stl
[0.256s] -- Up-to-date symlink: /home/jeffr/dexterity-interface/libs/robot_description/install/robot_description/share/robot_description/collision/link6.stl
[0.257s] -- Up-to-date symlink: /home/jeffr/dexterity-interface/libs/robot_description/install/robot_description/share/robot_description/collision/link7.stl
[0.258s] -- Up-to-date symlink: /home/jeffr/dexterity-interface/libs/robot_description/install/robot_description/share/robot_description/visual/finger.dae
[0.258s] -- Up-to-date symlink: /home/jeffr/dexterity-interface/libs/robot_description/install/robot_description/share/robot_description/visual/hand.dae
[0.258s] -- Up-to-date symlink: /home/jeffr/dexterity-interface/libs/robot_description/install/robot_description/share/robot_description/visual/link0.dae
[0.259s] -- Up-to-date symlink: /home/jeffr/dexterity-interface/libs/robot_description/install/robot_description/share/robot_description/visual/link1.dae
[0.260s] -- Up-to-date symlink: /home/jeffr/dexterity-interface/libs/robot_description/install/robot_description/share/robot_description/visual/link2.dae
[0.260s] -- Up-to-date symlink: /home/jeffr/dexterity-interface/libs/robot_description/install/robot_description/share/robot_description/visual/link3.dae
[0.260s] -- Up-to-date symlink: /home/jeffr/dexterity-interface/libs/robot_description/install/robot_description/share/robot_description/visual/link4.dae
[0.261s] -- Up-to-date symlink: /home/jeffr/dexterity-interface/libs/robot_description/install/robot_description/share/robot_description/visual/link5.dae
[0.262s] -- Up-to-date symlink: /home/jeffr/dexterity-interface/libs/robot_description/install/robot_description/share/robot_description/visual/link6.dae
[0.262s] -- Up-to-date symlink: /home/jeffr/dexterity-interface/libs/robot_description/install/robot_description/share/robot_description/visual/link7.dae
[0.264s] -- Up-to-date symlink: /home/jeffr/dexterity-interface/libs/robot_description/install/robot_description/share/robot_description/ros/bimanual_arms.urdf
[0.265s] -- Up-to-date symlink: /home/jeffr/dexterity-interface/libs/robot_description/install/robot_description/share/robot_description/ros/single_arm_test.urdf
[0.265s] [31mCMake Error at ament_cmake_symlink_install/ament_cmake_symlink_install.cmake:204 (message):
[0.265s]   ament_cmake_symlink_install_programs() can't find
[0.265s]   '/home/jeffr/dexterity-interface/libs/robot_description/ik/ranged_ik.py'
[0.265s] Call Stack (most recent call first):
[0.265s]   ament_cmake_symlink_install/ament_cmake_symlink_install.cmake:317 (ament_cmake_symlink_install_programs)
[0.265s]   cmake_install.cmake:46 (include)
[0.265s] 
[0.265s] [0m
[0.267s] Invoked command in '/home/jeffr/dexterity-interface/libs/robot_description/build/robot_description' returned '1': CMAKE_PREFIX_PATH=${CMAKE_PREFIX_PATH}:/opt/ros/jazzy /usr/bin/cmake --install /home/jeffr/dexterity-interface/libs/robot_description/build/robot_description
