[0.234s] DEBUG:colcon:Command line arguments: ['/usr/bin/colcon', 'build', '--symlink-install']
[0.234s] DEBUG:colcon:Parsed command line arguments: Namespace(log_base=None, log_level=None, verb_name='build', build_base='build', install_base='install', merge_install=False, symlink_install=True, test_result_base=None, continue_on_error=False, executor='parallel', parallel_workers=12, event_handlers=None, ignore_user_meta=False, metas=['./colcon.meta'], base_paths=['.'], packages_ignore=None, packages_ignore_regex=None, paths=None, packages_up_to=None, packages_up_to_regex=None, packages_above=None, packages_above_and_dependencies=None, packages_above_depth=None, packages_select_by_dep=None, packages_skip_by_dep=None, packages_skip_up_to=None, packages_select_build_failed=False, packages_skip_build_finished=False, packages_select_test_failures=False, packages_skip_test_passed=False, packages_select=None, packages_skip=None, packages_select_regex=None, packages_skip_regex=None, packages_start=None, packages_end=None, allow_overriding=[], cmake_args=None, cmake_target=None, cmake_target_skip_unavailable=False, cmake_clean_cache=False, cmake_clean_first=False, cmake_force_configure=False, ament_cmake_args=None, catkin_cmake_args=None, catkin_skip_building_tests=False, verb_parser=<colcon_defaults.argument_parser.defaults.DefaultArgumentsDecorator object at 0x719077a4f800>, verb_extension=<colcon_core.verb.build.BuildVerb object at 0x719077a4eff0>, main=<bound method BuildVerb.main of <colcon_core.verb.build.BuildVerb object at 0x719077a4eff0>>)
[0.287s] Level 1:colcon.colcon_core.package_discovery:discover_packages(colcon_meta) check parameters
[0.287s] Level 1:colcon.colcon_core.package_discovery:discover_packages(recursive) check parameters
[0.287s] Level 1:colcon.colcon_core.package_discovery:discover_packages(ignore) check parameters
[0.287s] Level 1:colcon.colcon_core.package_discovery:discover_packages(path) check parameters
[0.287s] Level 1:colcon.colcon_core.package_discovery:discover_packages(colcon_meta) discover
[0.287s] Level 1:colcon.colcon_core.package_discovery:discover_packages(recursive) discover
[0.287s] INFO:colcon.colcon_core.package_discovery:Crawling recursively for packages in '/home/jeffr/dexterity-interface/libs/robot_motion/src/robot_motion'
[0.287s] Level 1:colcon.colcon_core.package_identification:_identify(.) by extensions ['ignore', 'ignore_ament_install']
[0.287s] Level 1:colcon.colcon_core.package_identification:_identify(.) by extension 'ignore'
[0.288s] Level 1:colcon.colcon_core.package_identification:_identify(.) by extension 'ignore_ament_install'
[0.288s] Level 1:colcon.colcon_core.package_identification:_identify(.) by extensions ['colcon_pkg']
[0.288s] Level 1:colcon.colcon_core.package_identification:_identify(.) by extension 'colcon_pkg'
[0.288s] Level 1:colcon.colcon_core.package_identification:_identify(.) by extensions ['colcon_meta']
[0.288s] Level 1:colcon.colcon_core.package_identification:_identify(.) by extension 'colcon_meta'
[0.288s] Level 1:colcon.colcon_core.package_identification:_identify(.) by extensions ['ros']
[0.288s] Level 1:colcon.colcon_core.package_identification:_identify(.) by extension 'ros'
[0.324s] DEBUG:colcon.colcon_core.package_identification:Package '.' with type 'ros.ament_cmake' and name 'robot_motion'
[0.325s] Level 1:colcon.colcon_core.package_discovery:discover_packages(recursive) using defaults
[0.325s] Level 1:colcon.colcon_core.package_discovery:discover_packages(ignore) discover
[0.325s] Level 1:colcon.colcon_core.package_discovery:discover_packages(ignore) using defaults
[0.325s] Level 1:colcon.colcon_core.package_discovery:discover_packages(path) discover
[0.325s] Level 1:colcon.colcon_core.package_discovery:discover_packages(path) using defaults
[0.344s] Level 1:colcon.colcon_core.package_discovery:discover_packages(prefix_path) check parameters
[0.344s] Level 1:colcon.colcon_core.package_discovery:discover_packages(prefix_path) discover
[0.345s] DEBUG:colcon.colcon_installed_package_information.package_discovery:Found 2 installed packages in /home/jeffr/dexterity-interface/libs/robot_description/install
[0.346s] DEBUG:colcon.colcon_installed_package_information.package_discovery:Found 1 installed packages in /home/jeffr/dexterity-interface/libs/robot_motion/src/robot_motion/install
[0.347s] DEBUG:colcon.colcon_installed_package_information.package_discovery:Found 288 installed packages in /opt/ros/jazzy
[0.348s] Level 1:colcon.colcon_core.package_discovery:discover_packages(prefix_path) using defaults
[0.384s] Level 5:colcon.colcon_core.verb:set package 'robot_motion' build argument 'cmake_args' from command line to 'None'
[0.384s] Level 5:colcon.colcon_core.verb:set package 'robot_motion' build argument 'cmake_target' from command line to 'None'
[0.384s] Level 5:colcon.colcon_core.verb:set package 'robot_motion' build argument 'cmake_target_skip_unavailable' from command line to 'False'
[0.384s] Level 5:colcon.colcon_core.verb:set package 'robot_motion' build argument 'cmake_clean_cache' from command line to 'False'
[0.384s] Level 5:colcon.colcon_core.verb:set package 'robot_motion' build argument 'cmake_clean_first' from command line to 'False'
[0.384s] Level 5:colcon.colcon_core.verb:set package 'robot_motion' build argument 'cmake_force_configure' from command line to 'False'
[0.384s] Level 5:colcon.colcon_core.verb:set package 'robot_motion' build argument 'ament_cmake_args' from command line to 'None'
[0.384s] Level 5:colcon.colcon_core.verb:set package 'robot_motion' build argument 'catkin_cmake_args' from command line to 'None'
[0.384s] Level 5:colcon.colcon_core.verb:set package 'robot_motion' build argument 'catkin_skip_building_tests' from command line to 'False'
[0.384s] DEBUG:colcon.colcon_core.verb:Building package 'robot_motion' with the following arguments: {'ament_cmake_args': None, 'build_base': '/home/jeffr/dexterity-interface/libs/robot_motion/src/robot_motion/build/robot_motion', 'catkin_cmake_args': None, 'catkin_skip_building_tests': False, 'cmake_args': None, 'cmake_clean_cache': False, 'cmake_clean_first': False, 'cmake_force_configure': False, 'cmake_target': None, 'cmake_target_skip_unavailable': False, 'install_base': '/home/jeffr/dexterity-interface/libs/robot_motion/src/robot_motion/install/robot_motion', 'merge_install': False, 'path': '/home/jeffr/dexterity-interface/libs/robot_motion/src/robot_motion', 'symlink_install': True, 'test_result_base': None}
[0.384s] INFO:colcon.colcon_core.executor:Executing jobs using 'parallel' executor
[0.386s] DEBUG:colcon.colcon_parallel_executor.executor.parallel:run_until_complete
[0.386s] INFO:colcon.colcon_ros.task.ament_cmake.build:Building ROS package in '/home/jeffr/dexterity-interface/libs/robot_motion/src/robot_motion' with build type 'ament_cmake'
[0.387s] INFO:colcon.colcon_cmake.task.cmake.build:Building CMake package in '/home/jeffr/dexterity-interface/libs/robot_motion/src/robot_motion'
[0.389s] INFO:colcon.colcon_core.plugin_system:Skipping extension 'colcon_core.shell.bat': Not used on non-Windows systems
[0.389s] INFO:colcon.colcon_core.shell:Skip shell extension 'powershell' for command environment: Not usable outside of PowerShell
[0.390s] DEBUG:colcon.colcon_core.shell:Skip shell extension 'dsv' for command environment
[0.403s] DEBUG:colcon.colcon_core.event_handler.log_command:Invoking command in '/home/jeffr/dexterity-interface/libs/robot_motion/src/robot_motion/build/robot_motion': CMAKE_PREFIX_PATH=${CMAKE_PREFIX_PATH}:/opt/ros/jazzy /usr/bin/cmake --build /home/jeffr/dexterity-interface/libs/robot_motion/src/robot_motion/build/robot_motion -- -j12 -l12
[0.448s] DEBUG:colcon.colcon_core.event_handler.log_command:Invoked command in '/home/jeffr/dexterity-interface/libs/robot_motion/src/robot_motion/build/robot_motion' returned '0': CMAKE_PREFIX_PATH=${CMAKE_PREFIX_PATH}:/opt/ros/jazzy /usr/bin/cmake --build /home/jeffr/dexterity-interface/libs/robot_motion/src/robot_motion/build/robot_motion -- -j12 -l12
[0.461s] DEBUG:colcon.colcon_core.event_handler.log_command:Invoking command in '/home/jeffr/dexterity-interface/libs/robot_motion/src/robot_motion/build/robot_motion': CMAKE_PREFIX_PATH=${CMAKE_PREFIX_PATH}:/opt/ros/jazzy /usr/bin/cmake --install /home/jeffr/dexterity-interface/libs/robot_motion/src/robot_motion/build/robot_motion
[0.521s] Level 1:colcon.colcon_core.environment:create_environment_scripts_only(robot_motion)
[0.523s] DEBUG:colcon.colcon_core.event_handler.log_command:Invoked command in '/home/jeffr/dexterity-interface/libs/robot_motion/src/robot_motion/build/robot_motion' returned '0': CMAKE_PREFIX_PATH=${CMAKE_PREFIX_PATH}:/opt/ros/jazzy /usr/bin/cmake --install /home/jeffr/dexterity-interface/libs/robot_motion/src/robot_motion/build/robot_motion
[0.525s] Level 1:colcon.colcon_core.environment:checking '/home/jeffr/dexterity-interface/libs/robot_motion/src/robot_motion/install/robot_motion' for CMake module files
[0.526s] Level 1:colcon.colcon_core.environment:checking '/home/jeffr/dexterity-interface/libs/robot_motion/src/robot_motion/install/robot_motion' for CMake config files
[0.529s] Level 1:colcon.colcon_core.shell:create_environment_hook('robot_motion', 'cmake_prefix_path')
[0.530s] INFO:colcon.colcon_core.shell:Creating environment hook '/home/jeffr/dexterity-interface/libs/robot_motion/src/robot_motion/install/robot_motion/share/robot_motion/hook/cmake_prefix_path.ps1'
[0.530s] INFO:colcon.colcon_core.shell:Creating environment descriptor '/home/jeffr/dexterity-interface/libs/robot_motion/src/robot_motion/install/robot_motion/share/robot_motion/hook/cmake_prefix_path.dsv'
[0.531s] INFO:colcon.colcon_core.shell:Creating environment hook '/home/jeffr/dexterity-interface/libs/robot_motion/src/robot_motion/install/robot_motion/share/robot_motion/hook/cmake_prefix_path.sh'
[0.532s] Level 1:colcon.colcon_core.environment:checking '/home/jeffr/dexterity-interface/libs/robot_motion/src/robot_motion/install/robot_motion/bin'
[0.532s] Level 1:colcon.colcon_core.environment:checking '/home/jeffr/dexterity-interface/libs/robot_motion/src/robot_motion/install/robot_motion/lib/pkgconfig/robot_motion.pc'
[0.532s] Level 1:colcon.colcon_core.environment:checking '/home/jeffr/dexterity-interface/libs/robot_motion/src/robot_motion/install/robot_motion/lib/python3.12/site-packages'
[0.532s] Level 1:colcon.colcon_core.environment:checking '/home/jeffr/dexterity-interface/libs/robot_motion/src/robot_motion/install/robot_motion/bin'
[0.533s] INFO:colcon.colcon_core.shell:Creating package script '/home/jeffr/dexterity-interface/libs/robot_motion/src/robot_motion/install/robot_motion/share/robot_motion/package.ps1'
[0.533s] INFO:colcon.colcon_core.shell:Creating package descriptor '/home/jeffr/dexterity-interface/libs/robot_motion/src/robot_motion/install/robot_motion/share/robot_motion/package.dsv'
[0.534s] INFO:colcon.colcon_core.shell:Creating package script '/home/jeffr/dexterity-interface/libs/robot_motion/src/robot_motion/install/robot_motion/share/robot_motion/package.sh'
[0.534s] INFO:colcon.colcon_core.shell:Creating package script '/home/jeffr/dexterity-interface/libs/robot_motion/src/robot_motion/install/robot_motion/share/robot_motion/package.bash'
[0.535s] INFO:colcon.colcon_core.shell:Creating package script '/home/jeffr/dexterity-interface/libs/robot_motion/src/robot_motion/install/robot_motion/share/robot_motion/package.zsh'
[0.535s] Level 1:colcon.colcon_core.environment:create_file_with_runtime_dependencies(/home/jeffr/dexterity-interface/libs/robot_motion/src/robot_motion/install/robot_motion/share/colcon-core/packages/robot_motion)
[0.536s] Level 1:colcon.colcon_core.environment:create_environment_scripts_only(robot_motion)
[0.536s] Level 1:colcon.colcon_core.environment:checking '/home/jeffr/dexterity-interface/libs/robot_motion/src/robot_motion/install/robot_motion' for CMake module files
[0.537s] Level 1:colcon.colcon_core.environment:checking '/home/jeffr/dexterity-interface/libs/robot_motion/src/robot_motion/install/robot_motion' for CMake config files
[0.537s] Level 1:colcon.colcon_core.shell:create_environment_hook('robot_motion', 'cmake_prefix_path')
[0.537s] INFO:colcon.colcon_core.shell:Creating environment hook '/home/jeffr/dexterity-interface/libs/robot_motion/src/robot_motion/install/robot_motion/share/robot_motion/hook/cmake_prefix_path.ps1'
[0.538s] INFO:colcon.colcon_core.shell:Creating environment descriptor '/home/jeffr/dexterity-interface/libs/robot_motion/src/robot_motion/install/robot_motion/share/robot_motion/hook/cmake_prefix_path.dsv'
[0.538s] INFO:colcon.colcon_core.shell:Creating environment hook '/home/jeffr/dexterity-interface/libs/robot_motion/src/robot_motion/install/robot_motion/share/robot_motion/hook/cmake_prefix_path.sh'
[0.539s] Level 1:colcon.colcon_core.environment:checking '/home/jeffr/dexterity-interface/libs/robot_motion/src/robot_motion/install/robot_motion/bin'
[0.539s] Level 1:colcon.colcon_core.environment:checking '/home/jeffr/dexterity-interface/libs/robot_motion/src/robot_motion/install/robot_motion/lib/pkgconfig/robot_motion.pc'
[0.539s] Level 1:colcon.colcon_core.environment:checking '/home/jeffr/dexterity-interface/libs/robot_motion/src/robot_motion/install/robot_motion/lib/python3.12/site-packages'
[0.539s] Level 1:colcon.colcon_core.environment:checking '/home/jeffr/dexterity-interface/libs/robot_motion/src/robot_motion/install/robot_motion/bin'
[0.540s] INFO:colcon.colcon_core.shell:Creating package script '/home/jeffr/dexterity-interface/libs/robot_motion/src/robot_motion/install/robot_motion/share/robot_motion/package.ps1'
[0.540s] INFO:colcon.colcon_core.shell:Creating package descriptor '/home/jeffr/dexterity-interface/libs/robot_motion/src/robot_motion/install/robot_motion/share/robot_motion/package.dsv'
[0.541s] INFO:colcon.colcon_core.shell:Creating package script '/home/jeffr/dexterity-interface/libs/robot_motion/src/robot_motion/install/robot_motion/share/robot_motion/package.sh'
[0.541s] INFO:colcon.colcon_core.shell:Creating package script '/home/jeffr/dexterity-interface/libs/robot_motion/src/robot_motion/install/robot_motion/share/robot_motion/package.bash'
[0.541s] INFO:colcon.colcon_core.shell:Creating package script '/home/jeffr/dexterity-interface/libs/robot_motion/src/robot_motion/install/robot_motion/share/robot_motion/package.zsh'
[0.542s] Level 1:colcon.colcon_core.environment:create_file_with_runtime_dependencies(/home/jeffr/dexterity-interface/libs/robot_motion/src/robot_motion/install/robot_motion/share/colcon-core/packages/robot_motion)
[0.542s] DEBUG:colcon.colcon_parallel_executor.executor.parallel:closing loop
[0.543s] DEBUG:colcon.colcon_parallel_executor.executor.parallel:loop closed
[0.543s] DEBUG:colcon.colcon_parallel_executor.executor.parallel:run_until_complete finished with '0'
[0.544s] DEBUG:colcon.colcon_core.event_reactor:joining thread
[0.647s] INFO:colcon.colcon_core.plugin_system:Skipping extension 'colcon_notification.desktop_notification.notify_send': Could not find 'notify-send'
[0.647s] INFO:colcon.colcon_core.plugin_system:Skipping extension 'colcon_notification.desktop_notification.terminal_notifier': Not used on non-Darwin systems
[0.647s] INFO:colcon.colcon_core.plugin_system:Skipping extension 'colcon_notification.desktop_notification.win32': Not used on non-Windows systems
[0.647s] INFO:colcon.colcon_notification.desktop_notification:Sending desktop notification using 'notify2'
[0.649s] DEBUG:colcon.colcon_notification.desktop_notification.notify2:Failed to initialize notify2: org.freedesktop.DBus.Error.ServiceUnknown: The name org.freedesktop.Notifications was not provided by any .service files
[0.649s] DEBUG:colcon.colcon_core.event_reactor:joined thread
[0.649s] INFO:colcon.colcon_core.shell:Creating prefix script '/home/jeffr/dexterity-interface/libs/robot_motion/src/robot_motion/install/local_setup.ps1'
[0.650s] INFO:colcon.colcon_core.shell:Creating prefix util module '/home/jeffr/dexterity-interface/libs/robot_motion/src/robot_motion/install/_local_setup_util_ps1.py'
[0.652s] INFO:colcon.colcon_core.shell:Creating prefix chain script '/home/jeffr/dexterity-interface/libs/robot_motion/src/robot_motion/install/setup.ps1'
[0.653s] INFO:colcon.colcon_core.shell:Creating prefix script '/home/jeffr/dexterity-interface/libs/robot_motion/src/robot_motion/install/local_setup.sh'
[0.654s] INFO:colcon.colcon_core.shell:Creating prefix util module '/home/jeffr/dexterity-interface/libs/robot_motion/src/robot_motion/install/_local_setup_util_sh.py'
[0.655s] INFO:colcon.colcon_core.shell:Creating prefix chain script '/home/jeffr/dexterity-interface/libs/robot_motion/src/robot_motion/install/setup.sh'
[0.656s] INFO:colcon.colcon_core.shell:Creating prefix script '/home/jeffr/dexterity-interface/libs/robot_motion/src/robot_motion/install/local_setup.bash'
[0.656s] INFO:colcon.colcon_core.shell:Creating prefix chain script '/home/jeffr/dexterity-interface/libs/robot_motion/src/robot_motion/install/setup.bash'
[0.658s] INFO:colcon.colcon_core.shell:Creating prefix script '/home/jeffr/dexterity-interface/libs/robot_motion/src/robot_motion/install/local_setup.zsh'
[0.659s] INFO:colcon.colcon_core.shell:Creating prefix chain script '/home/jeffr/dexterity-interface/libs/robot_motion/src/robot_motion/install/setup.zsh'
