[0.020s] Invoking command in '/home/jeffr/dexterity-interface/libs/robot_motion/src/robot_motion/build/robot_motion': CMAKE_PREFIX_PATH=${CMAKE_PREFIX_PATH}:/opt/ros/jazzy /usr/bin/cmake --build /home/jeffr/dexterity-interface/libs/robot_motion/src/robot_motion/build/robot_motion -- -j12 -l12
[0.196s] Invoked command in '/home/jeffr/dexterity-interface/libs/robot_motion/src/robot_motion/build/robot_motion' returned '0': CMAKE_PREFIX_PATH=${CMAKE_PREFIX_PATH}:/opt/ros/jazzy /usr/bin/cmake --build /home/jeffr/dexterity-interface/libs/robot_motion/src/robot_motion/build/robot_motion -- -j12 -l12
[0.209s] Invoking command in '/home/jeffr/dexterity-interface/libs/robot_motion/src/robot_motion/build/robot_motion': CMAKE_PREFIX_PATH=${CMAKE_PREFIX_PATH}:/opt/ros/jazzy /usr/bin/cmake --install /home/jeffr/dexterity-interface/libs/robot_motion/src/robot_motion/build/robot_motion
[0.219s] -- Install configuration: ""
[0.222s] -- Execute custom install script
[0.227s] [33mCMake Warning (dev) at ament_cmake_symlink_install/ament_cmake_symlink_install.cmake:62 (file):
[0.227s]   Policy CMP0009 is not set: FILE GLOB_RECURSE calls should not follow
[0.227s]   symlinks by default.  Run "cmake --help-policy CMP0009" for policy details.
[0.227s]   Use the cmake_policy command to set the policy and suppress this warning.
[0.227s] Call Stack (most recent call first):
[0.227s]   ament_cmake_symlink_install/ament_cmake_symlink_install.cmake:314 (ament_cmake_symlink_install_directory)
[0.227s]   cmake_install.cmake:46 (include)
[0.228s] This warning is for project developers.  Use -Wno-dev to suppress it.
[0.228s] [0m
[0.229s] -- Up-to-date symlink: /home/jeffr/dexterity-interface/libs/robot_motion/src/robot_motion/install/robot_motion/share/robot_motion/ik/__pycache__/ik.cpython-311.pyc
[0.230s] -- Up-to-date symlink: /home/jeffr/dexterity-interface/libs/robot_motion/src/robot_motion/install/robot_motion/share/robot_motion/ik/__pycache__/ik.cpython-312.pyc
[0.231s] -- Up-to-date symlink: /home/jeffr/dexterity-interface/libs/robot_motion/src/robot_motion/install/robot_motion/share/robot_motion/ik/__pycache__/python_wrapper.cpython-311.pyc
[0.232s] -- Up-to-date symlink: /home/jeffr/dexterity-interface/libs/robot_motion/src/robot_motion/install/robot_motion/share/robot_motion/ik/__pycache__/python_wrapper.cpython-312.pyc
[0.233s] -- Up-to-date symlink: /home/jeffr/dexterity-interface/libs/robot_motion/src/robot_motion/install/robot_motion/share/robot_motion/ik/__pycache__/ranged_ik.cpython-312.pyc
[0.235s] -- Up-to-date symlink: /home/jeffr/dexterity-interface/libs/robot_motion/src/robot_motion/install/robot_motion/share/robot_motion/ik/build/.built_by
[0.235s] -- Up-to-date symlink: /home/jeffr/dexterity-interface/libs/robot_motion/src/robot_motion/install/robot_motion/share/robot_motion/ik/build/COLCON_IGNORE
[0.237s] -- Up-to-date symlink: /home/jeffr/dexterity-interface/libs/robot_motion/src/robot_motion/install/robot_motion/share/robot_motion/ik/configs/urdfs/Do not delete these folders (until solve)
[0.238s] -- Up-to-date symlink: /home/jeffr/dexterity-interface/libs/robot_motion/src/robot_motion/install/robot_motion/share/robot_motion/ik/ik.py
[0.239s] -- Up-to-date symlink: /home/jeffr/dexterity-interface/libs/robot_motion/src/robot_motion/install/robot_motion/share/robot_motion/ik/install/.colcon_install_layout
[0.239s] -- Up-to-date symlink: /home/jeffr/dexterity-interface/libs/robot_motion/src/robot_motion/install/robot_motion/share/robot_motion/ik/install/COLCON_IGNORE
[0.241s] -- Up-to-date symlink: /home/jeffr/dexterity-interface/libs/robot_motion/src/robot_motion/install/robot_motion/share/robot_motion/ik/install/_local_setup_util_ps1.py
[0.241s] -- Up-to-date symlink: /home/jeffr/dexterity-interface/libs/robot_motion/src/robot_motion/install/robot_motion/share/robot_motion/ik/install/_local_setup_util_sh.py
[0.242s] -- Up-to-date symlink: /home/jeffr/dexterity-interface/libs/robot_motion/src/robot_motion/install/robot_motion/share/robot_motion/ik/install/local_setup.bash
[0.243s] -- Up-to-date symlink: /home/jeffr/dexterity-interface/libs/robot_motion/src/robot_motion/install/robot_motion/share/robot_motion/ik/install/local_setup.ps1
[0.244s] -- Up-to-date symlink: /home/jeffr/dexterity-interface/libs/robot_motion/src/robot_motion/install/robot_motion/share/robot_motion/ik/install/local_setup.sh
[0.245s] -- Up-to-date symlink: /home/jeffr/dexterity-interface/libs/robot_motion/src/robot_motion/install/robot_motion/share/robot_motion/ik/install/local_setup.zsh
[0.246s] -- Up-to-date symlink: /home/jeffr/dexterity-interface/libs/robot_motion/src/robot_motion/install/robot_motion/share/robot_motion/ik/install/setup.bash
[0.247s] -- Up-to-date symlink: /home/jeffr/dexterity-interface/libs/robot_motion/src/robot_motion/install/robot_motion/share/robot_motion/ik/install/setup.ps1
[0.248s] -- Up-to-date symlink: /home/jeffr/dexterity-interface/libs/robot_motion/src/robot_motion/install/robot_motion/share/robot_motion/ik/install/setup.sh
[0.249s] -- Up-to-date symlink: /home/jeffr/dexterity-interface/libs/robot_motion/src/robot_motion/install/robot_motion/share/robot_motion/ik/install/setup.zsh
[0.250s] -- Up-to-date symlink: /home/jeffr/dexterity-interface/libs/robot_motion/src/robot_motion/install/robot_motion/share/robot_motion/ik/launch/ranged_ik.launch.py
[0.251s] -- Up-to-date symlink: /home/jeffr/dexterity-interface/libs/robot_motion/src/robot_motion/install/robot_motion/share/robot_motion/ik/launch/test_ranged_ik.launch.py
[0.252s] -- Up-to-date symlink: /home/jeffr/dexterity-interface/libs/robot_motion/src/robot_motion/install/robot_motion/share/robot_motion/ik/log/COLCON_IGNORE
[0.252s] -- Up-to-date symlink: /home/jeffr/dexterity-interface/libs/robot_motion/src/robot_motion/install/robot_motion/share/robot_motion/ik/log/build_2025-10-25_11-24-06/events.log
[0.253s] -- Up-to-date symlink: /home/jeffr/dexterity-interface/libs/robot_motion/src/robot_motion/install/robot_motion/share/robot_motion/ik/log/build_2025-10-25_11-24-06/logger_all.log
[0.253s] -- Up-to-date symlink: /home/jeffr/dexterity-interface/libs/robot_motion/src/robot_motion/install/robot_motion/share/robot_motion/ik/log/latest/events.log
[0.253s] -- Up-to-date symlink: /home/jeffr/dexterity-interface/libs/robot_motion/src/robot_motion/install/robot_motion/share/robot_motion/ik/log/latest/logger_all.log
[0.254s] -- Up-to-date symlink: /home/jeffr/dexterity-interface/libs/robot_motion/src/robot_motion/install/robot_motion/share/robot_motion/ik/log/latest_build/events.log
[0.254s] -- Up-to-date symlink: /home/jeffr/dexterity-interface/libs/robot_motion/src/robot_motion/install/robot_motion/share/robot_motion/ik/log/latest_build/logger_all.log
[0.254s] -- Up-to-date symlink: /home/jeffr/dexterity-interface/libs/robot_motion/src/robot_motion/install/robot_motion/share/robot_motion/ik/python_wrapper.py
[0.254s] -- Up-to-date symlink: /home/jeffr/dexterity-interface/libs/robot_motion/src/robot_motion/install/robot_motion/share/robot_motion/ik/ranged_ik.py
[0.255s] -- Up-to-date symlink: /home/jeffr/dexterity-interface/libs/robot_motion/src/robot_motion/install/robot_motion/share/robot_motion/ik/ranged_ik_node.py
[0.255s] -- Up-to-date symlink: /home/jeffr/dexterity-interface/libs/robot_motion/src/robot_motion/install/robot_motion/share/robot_motion/ik/settings.yaml
[0.256s] -- Up-to-date symlink: /home/jeffr/dexterity-interface/libs/robot_motion/src/robot_motion/install/robot_motion/share/ament_index/resource_index/package_run_dependencies/robot_motion
[0.256s] -- Up-to-date symlink: /home/jeffr/dexterity-interface/libs/robot_motion/src/robot_motion/install/robot_motion/share/ament_index/resource_index/parent_prefix_path/robot_motion
[0.258s] -- Up-to-date symlink: /home/jeffr/dexterity-interface/libs/robot_motion/src/robot_motion/install/robot_motion/share/robot_motion/environment/ament_prefix_path.sh
[0.258s] -- Up-to-date symlink: /home/jeffr/dexterity-interface/libs/robot_motion/src/robot_motion/install/robot_motion/share/robot_motion/environment/ament_prefix_path.dsv
[0.258s] -- Up-to-date symlink: /home/jeffr/dexterity-interface/libs/robot_motion/src/robot_motion/install/robot_motion/share/robot_motion/environment/path.sh
[0.258s] -- Up-to-date symlink: /home/jeffr/dexterity-interface/libs/robot_motion/src/robot_motion/install/robot_motion/share/robot_motion/environment/path.dsv
[0.259s] -- Up-to-date symlink: /home/jeffr/dexterity-interface/libs/robot_motion/src/robot_motion/install/robot_motion/share/robot_motion/local_setup.bash
[0.259s] -- Up-to-date symlink: /home/jeffr/dexterity-interface/libs/robot_motion/src/robot_motion/install/robot_motion/share/robot_motion/local_setup.sh
[0.260s] -- Up-to-date symlink: /home/jeffr/dexterity-interface/libs/robot_motion/src/robot_motion/install/robot_motion/share/robot_motion/local_setup.zsh
[0.261s] -- Up-to-date symlink: /home/jeffr/dexterity-interface/libs/robot_motion/src/robot_motion/install/robot_motion/share/robot_motion/local_setup.dsv
[0.261s] -- Symlinking: /home/jeffr/dexterity-interface/libs/robot_motion/src/robot_motion/install/robot_motion/share/robot_motion/package.dsv
[0.273s] -- Up-to-date symlink: /home/jeffr/dexterity-interface/libs/robot_motion/src/robot_motion/install/robot_motion/share/ament_index/resource_index/packages/robot_motion
[0.273s] -- Up-to-date symlink: /home/jeffr/dexterity-interface/libs/robot_motion/src/robot_motion/install/robot_motion/share/robot_motion/cmake/robot_motionConfig.cmake
[0.274s] -- Up-to-date symlink: /home/jeffr/dexterity-interface/libs/robot_motion/src/robot_motion/install/robot_motion/share/robot_motion/cmake/robot_motionConfig-version.cmake
[0.274s] -- Up-to-date symlink: /home/jeffr/dexterity-interface/libs/robot_motion/src/robot_motion/install/robot_motion/share/robot_motion/package.xml
[0.277s] Invoked command in '/home/jeffr/dexterity-interface/libs/robot_motion/src/robot_motion/build/robot_motion' returned '0': CMAKE_PREFIX_PATH=${CMAKE_PREFIX_PATH}:/opt/ros/jazzy /usr/bin/cmake --install /home/jeffr/dexterity-interface/libs/robot_motion/src/robot_motion/build/robot_motion
