[0.016s] Invoking command in '/home/jeffr/dexterity-interface/libs/robot_motion/build/robot_motion': PS1=\[\e]0;\u@\h: \w\a\]${debian_chroot:+($debian_chroot)}\[\033[01;32m\]\u@\h\[\033[00m\]:\[\033[01;34m\]\w\[\033[00m\]\$ /usr/bin/cmake --build /home/jeffr/dexterity-interface/libs/robot_motion/build/robot_motion -- -j12 -l12
[0.094s] [ 71%] Built target robot_motion
[0.139s] [100%] Built target joint_torque
[0.156s] Invoked command in '/home/jeffr/dexterity-interface/libs/robot_motion/build/robot_motion' returned '0': PS1=\[\e]0;\u@\h: \w\a\]${debian_chroot:+($debian_chroot)}\[\033[01;32m\]\u@\h\[\033[00m\]:\[\033[01;34m\]\w\[\033[00m\]\$ /usr/bin/cmake --build /home/jeffr/dexterity-interface/libs/robot_motion/build/robot_motion -- -j12 -l12
[0.164s] Invoking command in '/home/jeffr/dexterity-interface/libs/robot_motion/build/robot_motion': PS1=\[\e]0;\u@\h: \w\a\]${debian_chroot:+($debian_chroot)}\[\033[01;32m\]\u@\h\[\033[00m\]:\[\033[01;34m\]\w\[\033[00m\]\$ /usr/bin/cmake --install /home/jeffr/dexterity-interface/libs/robot_motion/build/robot_motion
[0.175s] -- Install configuration: ""
[0.175s] -- Up-to-date: /home/jeffr/dexterity-interface/libs/robot_motion/install/robot_motion/lib/librobot_motion.so
[0.176s] -- Up-to-date: /home/jeffr/dexterity-interface/libs/robot_motion/install/robot_motion/include
[0.177s] -- Up-to-date: /home/jeffr/dexterity-interface/libs/robot_motion/install/robot_motion/include/robot_motion
[0.178s] -- Up-to-date: /home/jeffr/dexterity-interface/libs/robot_motion/install/robot_motion/include/robot_motion/controllers
[0.178s] -- Up-to-date: /home/jeffr/dexterity-interface/libs/robot_motion/install/robot_motion/include/robot_motion/controllers/cartesian_torque_controller.hpp
[0.180s] -- Up-to-date: /home/jeffr/dexterity-interface/libs/robot_motion/install/robot_motion/include/robot_motion/controllers/joint_torque_controller.hpp
[0.180s] -- Up-to-date: /home/jeffr/dexterity-interface/libs/robot_motion/install/robot_motion/include/robot_motion/controllers/controller.hpp
[0.180s] -- Up-to-date: /home/jeffr/dexterity-interface/libs/robot_motion/install/robot_motion/include/robot_motion/utils
[0.180s] -- Up-to-date: /home/jeffr/dexterity-interface/libs/robot_motion/install/robot_motion/include/robot_motion/utils/vector_utils.hpp
[0.180s] -- Up-to-date: /home/jeffr/dexterity-interface/libs/robot_motion/install/robot_motion/include/robot_motion/robot_properties
[0.180s] -- Up-to-date: /home/jeffr/dexterity-interface/libs/robot_motion/install/robot_motion/include/robot_motion/robot_properties/panda_properties.hpp
[0.180s] -- Up-to-date: /home/jeffr/dexterity-interface/libs/robot_motion/install/robot_motion/include/robot_motion/robot_properties/robot_properties.hpp
[0.182s] -- Up-to-date: /home/jeffr/dexterity-interface/libs/robot_motion/install/robot_motion/lib/cmake/robot_motion/robot_motionConfig.cmake
[0.182s] -- Up-to-date: /home/jeffr/dexterity-interface/libs/robot_motion/install/robot_motion/lib/cmake/robot_motion/robot_motionConfigVersion.cmake
[0.182s] -- Up-to-date: /home/jeffr/dexterity-interface/libs/robot_motion/install/robot_motion/lib/cmake/robot_motion/robot_motionTargets.cmake
[0.182s] -- Up-to-date: /home/jeffr/dexterity-interface/libs/robot_motion/install/robot_motion/lib/cmake/robot_motion/robot_motionTargets-noconfig.cmake
[0.183s] Invoked command in '/home/jeffr/dexterity-interface/libs/robot_motion/build/robot_motion' returned '0': PS1=\[\e]0;\u@\h: \w\a\]${debian_chroot:+($debian_chroot)}\[\033[01;32m\]\u@\h\[\033[00m\]:\[\033[01;34m\]\w\[\033[00m\]\$ /usr/bin/cmake --install /home/jeffr/dexterity-interface/libs/robot_motion/build/robot_motion
