[33mCMake Warning at /opt/openrobots/lib/cmake/hpp-fcl/hpp-fclConfig.cmake:3 (message):
  Please update your CMake from 'hpp-fcl' to 'coal'
Call Stack (most recent call first):
  /usr/share/cmake-3.28/Modules/CMakeFindDependencyMacro.cmake:76 (find_package)
  /opt/openrobots/lib/cmake/pinocchio/pinocchioConfig.cmake:161 (find_dependency)
  CMakeLists.txt:24 (find_package)

[0m
In file included from [01m[K/opt/openrobots/include/hpp/fcl/config.hh:1[m[K,
                 from [01m[K/opt/openrobots/include/pinocchio/serialization/eigen.hpp:20[m[K,
                 from [01m[K/opt/openrobots/include/pinocchio/serialization/fwd.hpp:11[m[K,
                 from [01m[K/opt/openrobots/include/pinocchio/multibody/joint/joint-composite.hpp:14[m[K,
                 from [01m[K/opt/openrobots/include/pinocchio/multibody/joint/joint-generic.hpp:9[m[K,
                 from [01m[K/opt/openrobots/include/pinocchio/multibody/model.hpp:17[m[K,
                 from [01m[K/opt/openrobots/include/pinocchio/algorithm/rnea.hpp:8[m[K,
                 from [01m[K/home/jeffr/dexterity-interface/libs/robot_motion/cpp/include/robot_motion/robot_properties/robot_properties.hpp:13[m[K,
                 from [01m[K/home/jeffr/dexterity-interface/libs/robot_motion/cpp/src/robot_properties/robot_properties.cpp:1[m[K:
[01m[K/opt/openrobots/include/hpp/fcl/coal.hpp:10:71:[m[K [01;36m[Knote: [m[K‘[01m[K#pragma message: Please update your includes from 'hpp/fcl' to 'coal'[m[K’
   10 | #pragma message("Please update your includes from 'hpp/fcl' to 'coal'"[01;36m[K)[m[K
      |                                                                       [01;36m[K^[m[K
In file included from [01m[K/opt/openrobots/include/hpp/fcl/config.hh:1[m[K,
                 from [01m[K/opt/openrobots/include/pinocchio/serialization/eigen.hpp:20[m[K,
                 from [01m[K/opt/openrobots/include/pinocchio/serialization/fwd.hpp:11[m[K,
                 from [01m[K/opt/openrobots/include/pinocchio/multibody/joint/joint-composite.hpp:14[m[K,
                 from [01m[K/opt/openrobots/include/pinocchio/multibody/joint/joint-generic.hpp:9[m[K,
                 from [01m[K/opt/openrobots/include/pinocchio/multibody/model.hpp:17[m[K,
                 from [01m[K/opt/openrobots/include/pinocchio/algorithm/rnea.hpp:8[m[K,
                 from [01m[K/home/jeffr/dexterity-interface/libs/robot_motion/cpp/include/robot_motion/robot_properties/robot_properties.hpp:13[m[K,
                 from [01m[K/home/jeffr/dexterity-interface/libs/robot_motion/cpp/include/robot_motion/controllers/controller.hpp:3[m[K,
                 from [01m[K/home/jeffr/dexterity-interface/libs/robot_motion/cpp/src/controllers/controller.cpp:1[m[K:
[01m[K/opt/openrobots/include/hpp/fcl/coal.hpp:10:71:[m[K [01;36m[Knote: [m[K‘[01m[K#pragma message: Please update your includes from 'hpp/fcl' to 'coal'[m[K’
   10 | #pragma message("Please update your includes from 'hpp/fcl' to 'coal'"[01;36m[K)[m[K
      |                                                                       [01;36m[K^[m[K
In file included from [01m[K/opt/openrobots/include/hpp/fcl/config.hh:1[m[K,
                 from [01m[K/opt/openrobots/include/pinocchio/serialization/eigen.hpp:20[m[K,
                 from [01m[K/opt/openrobots/include/pinocchio/serialization/fwd.hpp:11[m[K,
                 from [01m[K/opt/openrobots/include/pinocchio/multibody/joint/joint-composite.hpp:14[m[K,
                 from [01m[K/opt/openrobots/include/pinocchio/multibody/joint/joint-generic.hpp:9[m[K,
                 from [01m[K/opt/openrobots/include/pinocchio/multibody/model.hpp:17[m[K,
                 from [01m[K/opt/openrobots/include/pinocchio/algorithm/rnea.hpp:8[m[K,
                 from [01m[K/home/jeffr/dexterity-interface/libs/robot_motion/cpp/include/robot_motion/robot_properties/robot_properties.hpp:13[m[K,
                 from [01m[K/home/jeffr/dexterity-interface/libs/robot_motion/cpp/include/robot_motion/controllers/controller.hpp:3[m[K,
                 from [01m[K/home/jeffr/dexterity-interface/libs/robot_motion/cpp/include/robot_motion/controllers/joint_torque_controller.hpp:3[m[K,
                 from [01m[K/home/jeffr/dexterity-interface/libs/robot_motion/cpp/src/controllers/joint_torque_controller.cpp:1[m[K:
[01m[K/opt/openrobots/include/hpp/fcl/coal.hpp:10:71:[m[K [01;36m[Knote: [m[K‘[01m[K#pragma message: Please update your includes from 'hpp/fcl' to 'coal'[m[K’
   10 | #pragma message("Please update your includes from 'hpp/fcl' to 'coal'"[01;36m[K)[m[K
      |                                                                       [01;36m[K^[m[K
In file included from [01m[K/opt/openrobots/include/hpp/fcl/config.hh:1[m[K,
                 from [01m[K/opt/openrobots/include/pinocchio/serialization/eigen.hpp:20[m[K,
                 from [01m[K/opt/openrobots/include/pinocchio/serialization/fwd.hpp:11[m[K,
                 from [01m[K/opt/openrobots/include/pinocchio/multibody/joint/joint-composite.hpp:14[m[K,
                 from [01m[K/opt/openrobots/include/pinocchio/multibody/joint/joint-generic.hpp:9[m[K,
                 from [01m[K/opt/openrobots/include/pinocchio/multibody/model.hpp:17[m[K,
                 from [01m[K/opt/openrobots/include/pinocchio/algorithm/rnea.hpp:8[m[K,
                 from [01m[K/home/jeffr/dexterity-interface/libs/robot_motion/cpp/include/robot_motion/robot_properties/robot_properties.hpp:13[m[K,
                 from [01m[K/home/jeffr/dexterity-interface/libs/robot_motion/cpp/examples/joint_torque.cpp:1[m[K:
[01m[K/opt/openrobots/include/hpp/fcl/coal.hpp:10:71:[m[K [01;36m[Knote: [m[K‘[01m[K#pragma message: Please update your includes from 'hpp/fcl' to 'coal'[m[K’
   10 | #pragma message("Please update your includes from 'hpp/fcl' to 'coal'"[01;36m[K)[m[K
      |                                                                       [01;36m[K^[m[K
