-- The CXX compiler identification is GNU 13.3.0
-- Detecting CXX compiler ABI info
-- Detecting CXX compiler ABI info - done
-- Check for working CXX compiler: /usr/bin/c++ - skipped
-- Detecting CXX compile features
-- Detecting CXX compile features - done
-- pinocchio_default FOUND. pinocchio_default at /opt/openrobots/lib/libpinocchio_default.so
-- pinocchio_parsers FOUND. pinocchio_parsers at /opt/openrobots/lib/libpinocchio_parsers.so
-- pinocchio_casadi FOUND. pinocchio_casadi at /opt/openrobots/lib/libpinocchio_casadi.so
-- boost_filesystem FOUND. boost_filesystem at /usr/lib/x86_64-linux-gnu/libboost_filesystem.so
-- boost_serialization FOUND. boost_serialization at /usr/lib/x86_64-linux-gnu/libboost_serialization.so
-- boost_system FOUND. boost_system at /usr/lib/x86_64-linux-gnu/libboost_system.so
-- Found Boost: /usr/include (found version "1.83.0") found components: filesystem serialization system 
-- coal FOUND. coal at /opt/openrobots/lib/libcoal.so
-- Performing Test CMAKE_HAVE_LIBC_PTHREAD
-- Performing Test CMAKE_HAVE_LIBC_PTHREAD - Success
-- Found Threads: TRUE  
-- Found Boost: /usr/include (found version "1.83.0") found components: chrono thread date_time serialization filesystem atomic 
-- Default C++ standard: 201703
-- Minimal C++ standard upgraded to 14
-- C++ standard sufficient: Minimal required 14, currently defined: 17
-- CMAKE_CXX_STANDARD was not set: automatically set to currently defined standard 17
-- C++ standard sufficient: Minimal required 14, currently defined: 17
-- Configuring done (67.2s)
-- Generating done (0.0s)
-- Build files have been written to: /home/jeffr/dexterity-interface/libs/robot_motion/build/robot_motion
[ 14%] [32mBuilding CXX object CMakeFiles/robot_motion.dir/cpp/src/controllers/joint_torque_controller.cpp.o[0m
[ 28%] [32mBuilding CXX object CMakeFiles/robot_motion.dir/cpp/src/utils/vector_utils.cpp.o[0m
[ 42%] [32mBuilding CXX object CMakeFiles/robot_motion.dir/cpp/src/robot_properties/robot_properties.cpp.o[0m
[ 57%] [32mBuilding CXX object CMakeFiles/robot_motion.dir/cpp/src/controllers/controller.cpp.o[0m
[ 71%] [32m[1mLinking CXX shared library librobot_motion.so[0m
[ 71%] Built target robot_motion
[ 85%] [32mBuilding CXX object CMakeFiles/joint_torque.dir/cpp/examples/joint_torque.cpp.o[0m
[100%] [32m[1mLinking CXX executable joint_torque[0m
[100%] Built target joint_torque
-- Install configuration: ""
-- Installing: /home/jeffr/dexterity-interface/libs/robot_motion/install/robot_motion/lib/librobot_motion.so
-- Set non-toolchain portion of runtime path of "/home/jeffr/dexterity-interface/libs/robot_motion/install/robot_motion/lib/librobot_motion.so" to ""
-- Installing: /home/jeffr/dexterity-interface/libs/robot_motion/install/robot_motion/include
-- Installing: /home/jeffr/dexterity-interface/libs/robot_motion/install/robot_motion/include/robot_motion
-- Installing: /home/jeffr/dexterity-interface/libs/robot_motion/install/robot_motion/include/robot_motion/controllers
-- Installing: /home/jeffr/dexterity-interface/libs/robot_motion/install/robot_motion/include/robot_motion/controllers/cartesian_torque_controller.hpp
-- Installing: /home/jeffr/dexterity-interface/libs/robot_motion/install/robot_motion/include/robot_motion/controllers/joint_torque_controller.hpp
-- Installing: /home/jeffr/dexterity-interface/libs/robot_motion/install/robot_motion/include/robot_motion/controllers/controller.hpp
-- Installing: /home/jeffr/dexterity-interface/libs/robot_motion/install/robot_motion/include/robot_motion/utils
-- Installing: /home/jeffr/dexterity-interface/libs/robot_motion/install/robot_motion/include/robot_motion/utils/vector_utils.hpp
-- Installing: /home/jeffr/dexterity-interface/libs/robot_motion/install/robot_motion/include/robot_motion/robot_properties
-- Installing: /home/jeffr/dexterity-interface/libs/robot_motion/install/robot_motion/include/robot_motion/robot_properties/panda_properties.hpp
-- Installing: /home/jeffr/dexterity-interface/libs/robot_motion/install/robot_motion/include/robot_motion/robot_properties/robot_properties.hpp
-- Installing: /home/jeffr/dexterity-interface/libs/robot_motion/install/robot_motion/lib/cmake/robot_motion/robot_motionConfig.cmake
-- Installing: /home/jeffr/dexterity-interface/libs/robot_motion/install/robot_motion/lib/cmake/robot_motion/robot_motionConfigVersion.cmake
-- Installing: /home/jeffr/dexterity-interface/libs/robot_motion/install/robot_motion/lib/cmake/robot_motion/robot_motionTargets.cmake
-- Installing: /home/jeffr/dexterity-interface/libs/robot_motion/install/robot_motion/lib/cmake/robot_motion/robot_motionTargets-noconfig.cmake
