[0.214s] DEBUG:colcon:Command line arguments: ['/home/jeffr/dexterity-interface/venv-dex/bin/colcon', 'build']
[0.215s] DEBUG:colcon:Parsed command line arguments: Namespace(log_base=None, log_level=None, verb_name='build', build_base='build', install_base='install', merge_install=False, symlink_install=False, test_result_base=None, continue_on_error=False, executor='parallel', parallel_workers=12, event_handlers=None, ignore_user_meta=False, metas=['./colcon.meta'], base_paths=['.'], packages_ignore=None, packages_ignore_regex=None, paths=None, packages_up_to=None, packages_up_to_regex=None, packages_above=None, packages_above_and_dependencies=None, packages_above_depth=None, packages_select_by_dep=None, packages_skip_by_dep=None, packages_skip_up_to=None, packages_select_build_failed=False, packages_skip_build_finished=False, packages_select_test_failures=False, packages_skip_test_passed=False, packages_select=None, packages_skip=None, packages_select_regex=None, packages_skip_regex=None, packages_start=None, packages_end=None, cmake_args=None, cmake_target=None, cmake_target_skip_unavailable=False, cmake_clean_cache=False, cmake_clean_first=False, cmake_force_configure=False, ament_cmake_args=None, catkin_cmake_args=None, catkin_skip_building_tests=False, verb_parser=<colcon_defaults.argument_parser.defaults.DefaultArgumentsDecorator object at 0x727d6e6f67d0>, verb_extension=<colcon_core.verb.build.BuildVerb object at 0x727d6e6b8410>, main=<bound method BuildVerb.main of <colcon_core.verb.build.BuildVerb object at 0x727d6e6b8410>>)
[0.248s] Level 1:colcon.colcon_core.package_discovery:discover_packages(colcon_meta) check parameters
[0.248s] Level 1:colcon.colcon_core.package_discovery:discover_packages(recursive) check parameters
[0.248s] Level 1:colcon.colcon_core.package_discovery:discover_packages(ignore) check parameters
[0.248s] Level 1:colcon.colcon_core.package_discovery:discover_packages(path) check parameters
[0.248s] Level 1:colcon.colcon_core.package_discovery:discover_packages(colcon_meta) discover
[0.248s] Level 1:colcon.colcon_core.package_discovery:discover_packages(recursive) discover
[0.248s] INFO:colcon.colcon_core.package_discovery:Crawling recursively for packages in '/home/jeffr/dexterity-interface/libs/robot_motion/src/robot_motion'
[0.248s] Level 1:colcon.colcon_core.package_identification:_identify(.) by extensions ['ignore', 'ignore_ament_install']
[0.248s] Level 1:colcon.colcon_core.package_identification:_identify(.) by extension 'ignore'
[0.248s] Level 1:colcon.colcon_core.package_identification:_identify(.) by extension 'ignore_ament_install'
[0.248s] Level 1:colcon.colcon_core.package_identification:_identify(.) by extensions ['colcon_pkg']
[0.248s] Level 1:colcon.colcon_core.package_identification:_identify(.) by extension 'colcon_pkg'
[0.248s] Level 1:colcon.colcon_core.package_identification:_identify(.) by extensions ['colcon_meta']
[0.248s] Level 1:colcon.colcon_core.package_identification:_identify(.) by extension 'colcon_meta'
[0.248s] Level 1:colcon.colcon_core.package_identification:_identify(.) by extensions ['ros']
[0.248s] Level 1:colcon.colcon_core.package_identification:_identify(.) by extension 'ros'
[0.272s] Level 1:colcon.colcon_core.package_identification:_identify(.) by extensions ['cmake', 'python']
[0.272s] Level 1:colcon.colcon_core.package_identification:_identify(.) by extension 'cmake'
[0.277s] Level 1:colcon.colcon_core.package_identification:_identify(.) by extension 'python'
[0.277s] DEBUG:colcon.colcon_core.package_identification:Package '.' with type 'cmake' and name 'robot_motion'
[0.277s] Level 1:colcon.colcon_core.package_discovery:discover_packages(recursive) using defaults
[0.277s] Level 1:colcon.colcon_core.package_discovery:discover_packages(ignore) discover
[0.277s] Level 1:colcon.colcon_core.package_discovery:discover_packages(ignore) using defaults
[0.277s] Level 1:colcon.colcon_core.package_discovery:discover_packages(path) discover
[0.277s] Level 1:colcon.colcon_core.package_discovery:discover_packages(path) using defaults
[0.295s] Level 5:colcon.colcon_core.verb:set package 'robot_motion' build argument 'cmake_args' from command line to 'None'
[0.296s] Level 5:colcon.colcon_core.verb:set package 'robot_motion' build argument 'cmake_target' from command line to 'None'
[0.296s] Level 5:colcon.colcon_core.verb:set package 'robot_motion' build argument 'cmake_target_skip_unavailable' from command line to 'False'
[0.296s] Level 5:colcon.colcon_core.verb:set package 'robot_motion' build argument 'cmake_clean_cache' from command line to 'False'
[0.296s] Level 5:colcon.colcon_core.verb:set package 'robot_motion' build argument 'cmake_clean_first' from command line to 'False'
[0.296s] Level 5:colcon.colcon_core.verb:set package 'robot_motion' build argument 'cmake_force_configure' from command line to 'False'
[0.296s] Level 5:colcon.colcon_core.verb:set package 'robot_motion' build argument 'ament_cmake_args' from command line to 'None'
[0.296s] Level 5:colcon.colcon_core.verb:set package 'robot_motion' build argument 'catkin_cmake_args' from command line to 'None'
[0.296s] Level 5:colcon.colcon_core.verb:set package 'robot_motion' build argument 'catkin_skip_building_tests' from command line to 'False'
[0.296s] DEBUG:colcon.colcon_core.verb:Building package 'robot_motion' with the following arguments: {'ament_cmake_args': None, 'build_base': '/home/jeffr/dexterity-interface/libs/robot_motion/src/robot_motion/build/robot_motion', 'catkin_cmake_args': None, 'catkin_skip_building_tests': False, 'cmake_args': None, 'cmake_clean_cache': False, 'cmake_clean_first': False, 'cmake_force_configure': False, 'cmake_target': None, 'cmake_target_skip_unavailable': False, 'install_base': '/home/jeffr/dexterity-interface/libs/robot_motion/src/robot_motion/install/robot_motion', 'merge_install': False, 'path': '/home/jeffr/dexterity-interface/libs/robot_motion/src/robot_motion', 'symlink_install': False, 'test_result_base': None}
[0.296s] INFO:colcon.colcon_core.executor:Executing jobs using 'parallel' executor
[0.298s] DEBUG:colcon.colcon_parallel_executor.executor.parallel:run_until_complete
[0.298s] INFO:colcon.colcon_cmake.task.cmake.build:Building CMake package in '/home/jeffr/dexterity-interface/libs/robot_motion/src/robot_motion'
[0.301s] INFO:colcon.colcon_core.plugin_system:Skipping extension 'colcon_core.shell.bat': Not used on non-Windows systems
[0.301s] INFO:colcon.colcon_core.shell:Skip shell extension 'powershell' for command environment: Not usable outside of PowerShell
[0.301s] DEBUG:colcon.colcon_core.shell:Skip shell extension 'dsv' for command environment
[0.315s] DEBUG:colcon.colcon_core.event_handler.log_command:Invoking command in '/home/jeffr/dexterity-interface/libs/robot_motion/src/robot_motion/build/robot_motion': PS1=\[\e]0;\u@\h: \w\a\]${debian_chroot:+($debian_chroot)}\[\033[01;32m\]\u@\h\[\033[00m\]:\[\033[01;34m\]\w\[\033[00m\]\$ /usr/bin/cmake /home/jeffr/dexterity-interface/libs/robot_motion/src/robot_motion -DCMAKE_INSTALL_PREFIX=/home/jeffr/dexterity-interface/libs/robot_motion/src/robot_motion/install/robot_motion
[1.015s] DEBUG:colcon.colcon_core.event_handler.log_command:Invoked command in '/home/jeffr/dexterity-interface/libs/robot_motion/src/robot_motion/build/robot_motion' returned '1': PS1=\[\e]0;\u@\h: \w\a\]${debian_chroot:+($debian_chroot)}\[\033[01;32m\]\u@\h\[\033[00m\]:\[\033[01;34m\]\w\[\033[00m\]\$ /usr/bin/cmake /home/jeffr/dexterity-interface/libs/robot_motion/src/robot_motion -DCMAKE_INSTALL_PREFIX=/home/jeffr/dexterity-interface/libs/robot_motion/src/robot_motion/install/robot_motion
[1.025s] DEBUG:colcon.colcon_parallel_executor.executor.parallel:closing loop
[1.026s] DEBUG:colcon.colcon_parallel_executor.executor.parallel:loop closed
[1.026s] DEBUG:colcon.colcon_parallel_executor.executor.parallel:run_until_complete finished with '1'
[1.026s] DEBUG:colcon.colcon_core.event_reactor:joining thread
[1.030s] INFO:colcon.colcon_core.plugin_system:Skipping extension 'colcon_notification.desktop_notification.notify2': 'notify2' not found
[1.119s] INFO:colcon.colcon_core.plugin_system:Skipping extension 'colcon_notification.desktop_notification.notify_send': Could not find 'notify-send'
[1.119s] INFO:colcon.colcon_core.plugin_system:Skipping extension 'colcon_notification.desktop_notification.terminal_notifier': Not used on non-Darwin systems
[1.119s] INFO:colcon.colcon_core.plugin_system:Skipping extension 'colcon_notification.desktop_notification.win32': Not used on non-Windows systems
[1.119s] DEBUG:colcon.colcon_core.event_reactor:joined thread
[1.120s] INFO:colcon.colcon_core.shell:Creating prefix script '/home/jeffr/dexterity-interface/libs/robot_motion/src/robot_motion/install/local_setup.ps1'
[1.121s] INFO:colcon.colcon_core.shell:Creating prefix util module '/home/jeffr/dexterity-interface/libs/robot_motion/src/robot_motion/install/_local_setup_util_ps1.py'
[1.123s] INFO:colcon.colcon_core.shell:Creating prefix chain script '/home/jeffr/dexterity-interface/libs/robot_motion/src/robot_motion/install/setup.ps1'
[1.126s] INFO:colcon.colcon_core.shell:Creating prefix script '/home/jeffr/dexterity-interface/libs/robot_motion/src/robot_motion/install/local_setup.sh'
[1.126s] INFO:colcon.colcon_core.shell:Creating prefix util module '/home/jeffr/dexterity-interface/libs/robot_motion/src/robot_motion/install/_local_setup_util_sh.py'
[1.127s] INFO:colcon.colcon_core.shell:Creating prefix chain script '/home/jeffr/dexterity-interface/libs/robot_motion/src/robot_motion/install/setup.sh'
[1.129s] INFO:colcon.colcon_core.shell:Creating prefix script '/home/jeffr/dexterity-interface/libs/robot_motion/src/robot_motion/install/local_setup.bash'
[1.129s] INFO:colcon.colcon_core.shell:Creating prefix chain script '/home/jeffr/dexterity-interface/libs/robot_motion/src/robot_motion/install/setup.bash'
[1.130s] INFO:colcon.colcon_core.shell:Creating prefix script '/home/jeffr/dexterity-interface/libs/robot_motion/src/robot_motion/install/local_setup.zsh'
[1.131s] INFO:colcon.colcon_core.shell:Creating prefix chain script '/home/jeffr/dexterity-interface/libs/robot_motion/src/robot_motion/install/setup.zsh'
