[0.212s] DEBUG:colcon:Command line arguments: ['/usr/bin/colcon', 'build', '--symlink-install', '--base-paths', 'libs/robot_description', 'libs/robot_motion']
[0.212s] DEBUG:colcon:Parsed command line arguments: Namespace(log_base=None, log_level=None, verb_name='build', build_base='build', install_base='install', merge_install=False, symlink_install=True, test_result_base=None, continue_on_error=False, executor='parallel', parallel_workers=12, event_handlers=None, ignore_user_meta=False, metas=['./colcon.meta'], base_paths=['libs/robot_description', 'libs/robot_motion'], packages_ignore=None, packages_ignore_regex=None, paths=None, packages_up_to=None, packages_up_to_regex=None, packages_above=None, packages_above_and_dependencies=None, packages_above_depth=None, packages_select_by_dep=None, packages_skip_by_dep=None, packages_skip_up_to=None, packages_select_build_failed=False, packages_skip_build_finished=False, packages_select_test_failures=False, packages_skip_test_passed=False, packages_select=None, packages_skip=None, packages_select_regex=None, packages_skip_regex=None, packages_start=None, packages_end=None, allow_overriding=[], cmake_args=None, cmake_target=None, cmake_target_skip_unavailable=False, cmake_clean_cache=False, cmake_clean_first=False, cmake_force_configure=False, ament_cmake_args=None, catkin_cmake_args=None, catkin_skip_building_tests=False, verb_parser=<colcon_defaults.argument_parser.defaults.DefaultArgumentsDecorator object at 0x76bb9b7237d0>, verb_extension=<colcon_core.verb.build.BuildVerb object at 0x76bb9b7200e0>, main=<bound method BuildVerb.main of <colcon_core.verb.build.BuildVerb object at 0x76bb9b7200e0>>)
[0.261s] Level 1:colcon.colcon_core.package_discovery:discover_packages(colcon_meta) check parameters
[0.261s] Level 1:colcon.colcon_core.package_discovery:discover_packages(recursive) check parameters
[0.261s] Level 1:colcon.colcon_core.package_discovery:discover_packages(ignore) check parameters
[0.261s] Level 1:colcon.colcon_core.package_discovery:discover_packages(path) check parameters
[0.261s] Level 1:colcon.colcon_core.package_discovery:discover_packages(recursive) discover
[0.261s] INFO:colcon.colcon_core.package_discovery:Crawling recursively for packages in '/home/jeffr/dexterity-interface/libs/robot_description', '/home/jeffr/dexterity-interface/libs/robot_motion'
[0.261s] Level 1:colcon.colcon_core.package_identification:_identify(libs/robot_description) by extensions ['ignore', 'ignore_ament_install']
[0.262s] Level 1:colcon.colcon_core.package_identification:_identify(libs/robot_description) by extension 'ignore'
[0.262s] Level 1:colcon.colcon_core.package_identification:_identify(libs/robot_description) by extension 'ignore_ament_install'
[0.262s] Level 1:colcon.colcon_core.package_identification:_identify(libs/robot_description) by extensions ['colcon_pkg']
[0.262s] Level 1:colcon.colcon_core.package_identification:_identify(libs/robot_description) by extension 'colcon_pkg'
[0.262s] Level 1:colcon.colcon_core.package_identification:_identify(libs/robot_description) by extensions ['colcon_meta']
[0.262s] Level 1:colcon.colcon_core.package_identification:_identify(libs/robot_description) by extension 'colcon_meta'
[0.262s] Level 1:colcon.colcon_core.package_identification:_identify(libs/robot_description) by extensions ['ros']
[0.262s] Level 1:colcon.colcon_core.package_identification:_identify(libs/robot_description) by extension 'ros'
[0.293s] DEBUG:colcon.colcon_core.package_identification:Package 'libs/robot_description' with type 'ros.ament_cmake' and name 'robot_description'
[0.293s] Level 1:colcon.colcon_core.package_identification:_identify(libs/robot_motion) by extensions ['ignore', 'ignore_ament_install']
[0.293s] Level 1:colcon.colcon_core.package_identification:_identify(libs/robot_motion) by extension 'ignore'
[0.293s] Level 1:colcon.colcon_core.package_identification:_identify(libs/robot_motion) by extension 'ignore_ament_install'
[0.293s] Level 1:colcon.colcon_core.package_identification:_identify(libs/robot_motion) by extensions ['colcon_pkg']
[0.293s] Level 1:colcon.colcon_core.package_identification:_identify(libs/robot_motion) by extension 'colcon_pkg'
[0.293s] Level 1:colcon.colcon_core.package_identification:_identify(libs/robot_motion) by extensions ['colcon_meta']
[0.293s] Level 1:colcon.colcon_core.package_identification:_identify(libs/robot_motion) by extension 'colcon_meta'
[0.294s] Level 1:colcon.colcon_core.package_identification:_identify(libs/robot_motion) by extensions ['ros']
[0.294s] Level 1:colcon.colcon_core.package_identification:_identify(libs/robot_motion) by extension 'ros'
[0.294s] Level 1:colcon.colcon_core.package_identification:_identify(libs/robot_motion) by extensions ['cmake', 'python']
[0.294s] Level 1:colcon.colcon_core.package_identification:_identify(libs/robot_motion) by extension 'cmake'
[0.311s] Level 1:colcon.colcon_core.package_identification:_identify(libs/robot_motion) by extension 'python'
[0.311s] DEBUG:colcon.colcon_core.package_identification:Package 'libs/robot_motion' with type 'cmake' and name 'robot_motion'
[0.311s] Level 1:colcon.colcon_core.package_discovery:discover_packages(recursive) using defaults
[0.329s] Level 1:colcon.colcon_core.package_discovery:discover_packages(prefix_path) check parameters
[0.329s] Level 1:colcon.colcon_core.package_discovery:discover_packages(prefix_path) discover
[0.331s] DEBUG:colcon.colcon_installed_package_information.package_discovery:Found 2 installed packages in /home/jeffr/dexterity-interface/install
[0.331s] DEBUG:colcon.colcon_installed_package_information.package_discovery:Found 1 installed packages in /home/jeffr/dexterity-interface/libs/robot_motion/src/robot_motion/install
[0.331s] DEBUG:colcon.colcon_installed_package_information.package_discovery:Found 2 installed packages in /home/jeffr/dexterity-interface/libs/robot_description/install
[0.333s] DEBUG:colcon.colcon_installed_package_information.package_discovery:Found 289 installed packages in /opt/ros/jazzy
[0.333s] Level 1:colcon.colcon_core.package_discovery:discover_packages(prefix_path) using defaults
[0.367s] Level 5:colcon.colcon_core.verb:set package 'robot_description' build argument 'cmake_args' from command line to 'None'
[0.367s] Level 5:colcon.colcon_core.verb:set package 'robot_description' build argument 'cmake_target' from command line to 'None'
[0.367s] Level 5:colcon.colcon_core.verb:set package 'robot_description' build argument 'cmake_target_skip_unavailable' from command line to 'False'
[0.367s] Level 5:colcon.colcon_core.verb:set package 'robot_description' build argument 'cmake_clean_cache' from command line to 'False'
[0.367s] Level 5:colcon.colcon_core.verb:set package 'robot_description' build argument 'cmake_clean_first' from command line to 'False'
[0.367s] Level 5:colcon.colcon_core.verb:set package 'robot_description' build argument 'cmake_force_configure' from command line to 'False'
[0.367s] Level 5:colcon.colcon_core.verb:set package 'robot_description' build argument 'ament_cmake_args' from command line to 'None'
[0.367s] Level 5:colcon.colcon_core.verb:set package 'robot_description' build argument 'catkin_cmake_args' from command line to 'None'
[0.367s] Level 5:colcon.colcon_core.verb:set package 'robot_description' build argument 'catkin_skip_building_tests' from command line to 'False'
[0.368s] DEBUG:colcon.colcon_core.verb:Building package 'robot_description' with the following arguments: {'ament_cmake_args': None, 'build_base': '/home/jeffr/dexterity-interface/build/robot_description', 'catkin_cmake_args': None, 'catkin_skip_building_tests': False, 'cmake_args': None, 'cmake_clean_cache': False, 'cmake_clean_first': False, 'cmake_force_configure': False, 'cmake_target': None, 'cmake_target_skip_unavailable': False, 'install_base': '/home/jeffr/dexterity-interface/install/robot_description', 'merge_install': False, 'path': '/home/jeffr/dexterity-interface/libs/robot_description', 'symlink_install': True, 'test_result_base': None}
[0.368s] Level 5:colcon.colcon_core.verb:set package 'robot_motion' build argument 'cmake_args' from command line to 'None'
[0.368s] Level 5:colcon.colcon_core.verb:set package 'robot_motion' build argument 'cmake_target' from command line to 'None'
[0.368s] Level 5:colcon.colcon_core.verb:set package 'robot_motion' build argument 'cmake_target_skip_unavailable' from command line to 'False'
[0.368s] Level 5:colcon.colcon_core.verb:set package 'robot_motion' build argument 'cmake_clean_cache' from command line to 'False'
[0.368s] Level 5:colcon.colcon_core.verb:set package 'robot_motion' build argument 'cmake_clean_first' from command line to 'False'
[0.368s] Level 5:colcon.colcon_core.verb:set package 'robot_motion' build argument 'cmake_force_configure' from command line to 'False'
[0.368s] Level 5:colcon.colcon_core.verb:set package 'robot_motion' build argument 'ament_cmake_args' from command line to 'None'
[0.368s] Level 5:colcon.colcon_core.verb:set package 'robot_motion' build argument 'catkin_cmake_args' from command line to 'None'
[0.368s] Level 5:colcon.colcon_core.verb:set package 'robot_motion' build argument 'catkin_skip_building_tests' from command line to 'False'
[0.368s] DEBUG:colcon.colcon_core.verb:Building package 'robot_motion' with the following arguments: {'ament_cmake_args': None, 'build_base': '/home/jeffr/dexterity-interface/build/robot_motion', 'catkin_cmake_args': None, 'catkin_skip_building_tests': False, 'cmake_args': None, 'cmake_clean_cache': False, 'cmake_clean_first': False, 'cmake_force_configure': False, 'cmake_target': None, 'cmake_target_skip_unavailable': False, 'install_base': '/home/jeffr/dexterity-interface/install/robot_motion', 'merge_install': False, 'path': '/home/jeffr/dexterity-interface/libs/robot_motion', 'symlink_install': True, 'test_result_base': None}
[0.368s] INFO:colcon.colcon_core.executor:Executing jobs using 'parallel' executor
[0.369s] DEBUG:colcon.colcon_parallel_executor.executor.parallel:run_until_complete
[0.369s] INFO:colcon.colcon_ros.task.ament_cmake.build:Building ROS package in '/home/jeffr/dexterity-interface/libs/robot_description' with build type 'ament_cmake'
[0.369s] INFO:colcon.colcon_cmake.task.cmake.build:Building CMake package in '/home/jeffr/dexterity-interface/libs/robot_description'
[0.371s] INFO:colcon.colcon_core.plugin_system:Skipping extension 'colcon_core.shell.bat': Not used on non-Windows systems
[0.372s] INFO:colcon.colcon_core.shell:Skip shell extension 'powershell' for command environment: Not usable outside of PowerShell
[0.372s] DEBUG:colcon.colcon_core.shell:Skip shell extension 'dsv' for command environment
[0.375s] INFO:colcon.colcon_cmake.task.cmake.build:Building CMake package in '/home/jeffr/dexterity-interface/libs/robot_motion'
[0.376s] INFO:colcon.colcon_core.shell:Skip shell extension 'powershell' for command environment: Not usable outside of PowerShell
[0.376s] DEBUG:colcon.colcon_core.shell:Skip shell extension 'dsv' for command environment
[0.391s] DEBUG:colcon.colcon_core.event_handler.log_command:Invoking command in '/home/jeffr/dexterity-interface/build/robot_description': CMAKE_PREFIX_PATH=${CMAKE_PREFIX_PATH}:/opt/ros/jazzy /usr/bin/cmake --build /home/jeffr/dexterity-interface/build/robot_description -- -j12 -l12
[0.397s] DEBUG:colcon.colcon_core.event_handler.log_command:Invoking command in '/home/jeffr/dexterity-interface/build/robot_motion': /usr/bin/cmake --build /home/jeffr/dexterity-interface/build/robot_motion -- -j12 -l12
[0.438s] DEBUG:colcon.colcon_core.event_handler.log_command:Invoked command in '/home/jeffr/dexterity-interface/build/robot_description' returned '0': CMAKE_PREFIX_PATH=${CMAKE_PREFIX_PATH}:/opt/ros/jazzy /usr/bin/cmake --build /home/jeffr/dexterity-interface/build/robot_description -- -j12 -l12
[0.448s] DEBUG:colcon.colcon_core.event_handler.log_command:Invoking command in '/home/jeffr/dexterity-interface/build/robot_description': CMAKE_PREFIX_PATH=${CMAKE_PREFIX_PATH}:/opt/ros/jazzy /usr/bin/cmake --install /home/jeffr/dexterity-interface/build/robot_description
[0.482s] Level 1:colcon.colcon_core.environment:create_environment_scripts_only(robot_description)
[0.483s] DEBUG:colcon.colcon_core.event_handler.log_command:Invoked command in '/home/jeffr/dexterity-interface/build/robot_description' returned '0': CMAKE_PREFIX_PATH=${CMAKE_PREFIX_PATH}:/opt/ros/jazzy /usr/bin/cmake --install /home/jeffr/dexterity-interface/build/robot_description
[0.485s] Level 1:colcon.colcon_core.environment:checking '/home/jeffr/dexterity-interface/install/robot_description' for CMake module files
[0.486s] Level 1:colcon.colcon_core.environment:checking '/home/jeffr/dexterity-interface/install/robot_description' for CMake config files
[0.486s] Level 1:colcon.colcon_core.shell:create_environment_hook('robot_description', 'cmake_prefix_path')
[0.487s] INFO:colcon.colcon_core.shell:Creating environment hook '/home/jeffr/dexterity-interface/install/robot_description/share/robot_description/hook/cmake_prefix_path.ps1'
[0.487s] INFO:colcon.colcon_core.shell:Creating environment descriptor '/home/jeffr/dexterity-interface/install/robot_description/share/robot_description/hook/cmake_prefix_path.dsv'
[0.488s] INFO:colcon.colcon_core.shell:Creating environment hook '/home/jeffr/dexterity-interface/install/robot_description/share/robot_description/hook/cmake_prefix_path.sh'
[0.488s] Level 1:colcon.colcon_core.environment:checking '/home/jeffr/dexterity-interface/install/robot_description/bin'
[0.489s] Level 1:colcon.colcon_core.environment:checking '/home/jeffr/dexterity-interface/install/robot_description/lib/pkgconfig/robot_description.pc'
[0.489s] Level 1:colcon.colcon_core.environment:checking '/home/jeffr/dexterity-interface/install/robot_description/lib/python3.12/site-packages'
[0.489s] Level 1:colcon.colcon_core.environment:checking '/home/jeffr/dexterity-interface/install/robot_description/bin'
[0.489s] INFO:colcon.colcon_core.shell:Creating package script '/home/jeffr/dexterity-interface/install/robot_description/share/robot_description/package.ps1'
[0.490s] INFO:colcon.colcon_core.shell:Creating package descriptor '/home/jeffr/dexterity-interface/install/robot_description/share/robot_description/package.dsv'
[0.491s] INFO:colcon.colcon_core.shell:Creating package script '/home/jeffr/dexterity-interface/install/robot_description/share/robot_description/package.sh'
[0.491s] INFO:colcon.colcon_core.shell:Creating package script '/home/jeffr/dexterity-interface/install/robot_description/share/robot_description/package.bash'
[0.492s] INFO:colcon.colcon_core.shell:Creating package script '/home/jeffr/dexterity-interface/install/robot_description/share/robot_description/package.zsh'
[0.493s] Level 1:colcon.colcon_core.environment:create_file_with_runtime_dependencies(/home/jeffr/dexterity-interface/install/robot_description/share/colcon-core/packages/robot_description)
[0.494s] Level 1:colcon.colcon_core.environment:create_environment_scripts_only(robot_description)
[0.494s] Level 1:colcon.colcon_core.environment:checking '/home/jeffr/dexterity-interface/install/robot_description' for CMake module files
[0.496s] Level 1:colcon.colcon_core.environment:checking '/home/jeffr/dexterity-interface/install/robot_description' for CMake config files
[0.497s] Level 1:colcon.colcon_core.shell:create_environment_hook('robot_description', 'cmake_prefix_path')
[0.498s] INFO:colcon.colcon_core.shell:Creating environment hook '/home/jeffr/dexterity-interface/install/robot_description/share/robot_description/hook/cmake_prefix_path.ps1'
[0.499s] INFO:colcon.colcon_core.shell:Creating environment descriptor '/home/jeffr/dexterity-interface/install/robot_description/share/robot_description/hook/cmake_prefix_path.dsv'
[0.499s] INFO:colcon.colcon_core.shell:Creating environment hook '/home/jeffr/dexterity-interface/install/robot_description/share/robot_description/hook/cmake_prefix_path.sh'
[0.500s] Level 1:colcon.colcon_core.environment:checking '/home/jeffr/dexterity-interface/install/robot_description/bin'
[0.500s] Level 1:colcon.colcon_core.environment:checking '/home/jeffr/dexterity-interface/install/robot_description/lib/pkgconfig/robot_description.pc'
[0.500s] Level 1:colcon.colcon_core.environment:checking '/home/jeffr/dexterity-interface/install/robot_description/lib/python3.12/site-packages'
[0.501s] Level 1:colcon.colcon_core.environment:checking '/home/jeffr/dexterity-interface/install/robot_description/bin'
[0.501s] INFO:colcon.colcon_core.shell:Creating package script '/home/jeffr/dexterity-interface/install/robot_description/share/robot_description/package.ps1'
[0.501s] INFO:colcon.colcon_core.shell:Creating package descriptor '/home/jeffr/dexterity-interface/install/robot_description/share/robot_description/package.dsv'
[0.502s] INFO:colcon.colcon_core.shell:Creating package script '/home/jeffr/dexterity-interface/install/robot_description/share/robot_description/package.sh'
[0.502s] INFO:colcon.colcon_core.shell:Creating package script '/home/jeffr/dexterity-interface/install/robot_description/share/robot_description/package.bash'
[0.503s] INFO:colcon.colcon_core.shell:Creating package script '/home/jeffr/dexterity-interface/install/robot_description/share/robot_description/package.zsh'
[0.503s] Level 1:colcon.colcon_core.environment:create_file_with_runtime_dependencies(/home/jeffr/dexterity-interface/install/robot_description/share/colcon-core/packages/robot_description)
[0.535s] DEBUG:colcon.colcon_core.event_handler.log_command:Invoked command in '/home/jeffr/dexterity-interface/build/robot_motion' returned '0': /usr/bin/cmake --build /home/jeffr/dexterity-interface/build/robot_motion -- -j12 -l12
[0.538s] DEBUG:colcon.colcon_core.event_handler.log_command:Invoking command in '/home/jeffr/dexterity-interface/build/robot_motion': /usr/bin/cmake --install /home/jeffr/dexterity-interface/build/robot_motion
[0.555s] Level 1:colcon.colcon_core.environment:create_environment_scripts_only(robot_motion)
[0.555s] Level 1:colcon.colcon_core.environment:checking '/home/jeffr/dexterity-interface/install/robot_motion' for CMake module files
[0.556s] DEBUG:colcon.colcon_core.event_handler.log_command:Invoked command in '/home/jeffr/dexterity-interface/build/robot_motion' returned '0': /usr/bin/cmake --install /home/jeffr/dexterity-interface/build/robot_motion
[0.557s] Level 1:colcon.colcon_core.environment:checking '/home/jeffr/dexterity-interface/install/robot_motion' for CMake config files
[0.558s] Level 1:colcon.colcon_core.shell:create_environment_hook('robot_motion', 'cmake_prefix_path')
[0.558s] INFO:colcon.colcon_core.shell:Creating environment hook '/home/jeffr/dexterity-interface/install/robot_motion/share/robot_motion/hook/cmake_prefix_path.ps1'
[0.558s] INFO:colcon.colcon_core.shell:Creating environment descriptor '/home/jeffr/dexterity-interface/install/robot_motion/share/robot_motion/hook/cmake_prefix_path.dsv'
[0.559s] INFO:colcon.colcon_core.shell:Creating environment hook '/home/jeffr/dexterity-interface/install/robot_motion/share/robot_motion/hook/cmake_prefix_path.sh'
[0.559s] Level 1:colcon.colcon_core.environment:checking '/home/jeffr/dexterity-interface/install/robot_motion/lib'
[0.559s] Level 1:colcon.colcon_core.shell:create_environment_hook('robot_motion', 'ld_library_path_lib')
[0.560s] INFO:colcon.colcon_core.shell:Creating environment hook '/home/jeffr/dexterity-interface/install/robot_motion/share/robot_motion/hook/ld_library_path_lib.ps1'
[0.560s] INFO:colcon.colcon_core.shell:Creating environment descriptor '/home/jeffr/dexterity-interface/install/robot_motion/share/robot_motion/hook/ld_library_path_lib.dsv'
[0.560s] INFO:colcon.colcon_core.shell:Creating environment hook '/home/jeffr/dexterity-interface/install/robot_motion/share/robot_motion/hook/ld_library_path_lib.sh'
[0.561s] Level 1:colcon.colcon_core.environment:checking '/home/jeffr/dexterity-interface/install/robot_motion/bin'
[0.561s] Level 1:colcon.colcon_core.environment:checking '/home/jeffr/dexterity-interface/install/robot_motion/lib/pkgconfig/robot_motion.pc'
[0.561s] Level 1:colcon.colcon_core.environment:checking '/home/jeffr/dexterity-interface/install/robot_motion/lib/python3.12/site-packages'
[0.562s] Level 1:colcon.colcon_core.environment:checking '/home/jeffr/dexterity-interface/install/robot_motion/bin'
[0.562s] INFO:colcon.colcon_core.shell:Creating package script '/home/jeffr/dexterity-interface/install/robot_motion/share/robot_motion/package.ps1'
[0.563s] INFO:colcon.colcon_core.shell:Creating package descriptor '/home/jeffr/dexterity-interface/install/robot_motion/share/robot_motion/package.dsv'
[0.564s] INFO:colcon.colcon_core.shell:Creating package script '/home/jeffr/dexterity-interface/install/robot_motion/share/robot_motion/package.sh'
[0.564s] INFO:colcon.colcon_core.shell:Creating package script '/home/jeffr/dexterity-interface/install/robot_motion/share/robot_motion/package.bash'
[0.564s] INFO:colcon.colcon_core.shell:Creating package script '/home/jeffr/dexterity-interface/install/robot_motion/share/robot_motion/package.zsh'
[0.565s] Level 1:colcon.colcon_core.environment:create_file_with_runtime_dependencies(/home/jeffr/dexterity-interface/install/robot_motion/share/colcon-core/packages/robot_motion)
[0.565s] DEBUG:colcon.colcon_parallel_executor.executor.parallel:closing loop
[0.565s] DEBUG:colcon.colcon_parallel_executor.executor.parallel:loop closed
[0.566s] DEBUG:colcon.colcon_parallel_executor.executor.parallel:run_until_complete finished with '0'
[0.566s] DEBUG:colcon.colcon_core.event_reactor:joining thread
[0.724s] INFO:colcon.colcon_core.plugin_system:Skipping extension 'colcon_notification.desktop_notification.notify_send': Could not find 'notify-send'
[0.725s] INFO:colcon.colcon_core.plugin_system:Skipping extension 'colcon_notification.desktop_notification.terminal_notifier': Not used on non-Darwin systems
[0.725s] INFO:colcon.colcon_core.plugin_system:Skipping extension 'colcon_notification.desktop_notification.win32': Not used on non-Windows systems
[0.726s] INFO:colcon.colcon_notification.desktop_notification:Sending desktop notification using 'notify2'
[0.728s] DEBUG:colcon.colcon_notification.desktop_notification.notify2:Failed to initialize notify2: org.freedesktop.DBus.Error.ServiceUnknown: The name org.freedesktop.Notifications was not provided by any .service files
[0.728s] DEBUG:colcon.colcon_core.event_reactor:joined thread
[0.729s] INFO:colcon.colcon_core.shell:Creating prefix script '/home/jeffr/dexterity-interface/install/local_setup.ps1'
[0.730s] INFO:colcon.colcon_core.shell:Creating prefix util module '/home/jeffr/dexterity-interface/install/_local_setup_util_ps1.py'
[0.733s] INFO:colcon.colcon_core.shell:Creating prefix chain script '/home/jeffr/dexterity-interface/install/setup.ps1'
[0.734s] INFO:colcon.colcon_core.shell:Creating prefix script '/home/jeffr/dexterity-interface/install/local_setup.sh'
[0.734s] INFO:colcon.colcon_core.shell:Creating prefix util module '/home/jeffr/dexterity-interface/install/_local_setup_util_sh.py'
[0.736s] INFO:colcon.colcon_core.shell:Creating prefix chain script '/home/jeffr/dexterity-interface/install/setup.sh'
[0.738s] INFO:colcon.colcon_core.shell:Creating prefix script '/home/jeffr/dexterity-interface/install/local_setup.bash'
[0.739s] INFO:colcon.colcon_core.shell:Creating prefix chain script '/home/jeffr/dexterity-interface/install/setup.bash'
[0.740s] INFO:colcon.colcon_core.shell:Creating prefix script '/home/jeffr/dexterity-interface/install/local_setup.zsh'
[0.740s] INFO:colcon.colcon_core.shell:Creating prefix chain script '/home/jeffr/dexterity-interface/install/setup.zsh'
