[0.016s] Invoking command in '/home/jeffr/dexterity-interface/libs/robot_motion/src/robot_motion/build/robot_motion': PS1=\[\e]0;\u@\h: \w\a\]${debian_chroot:+($debian_chroot)}\[\033[01;32m\]\u@\h\[\033[00m\]:\[\033[01;34m\]\w\[\033[00m\]\$ /usr/bin/cmake /home/jeffr/dexterity-interface/libs/robot_motion/src/robot_motion -DCMAKE_INSTALL_PREFIX=/home/jeffr/dexterity-interface/libs/robot_motion/src/robot_motion/install/robot_motion
[0.033s] -- Found ament_cmake: 2.5.4 (/opt/ros/jazzy/share/ament_cmake/cmake)
[0.407s] -- Found rosidl_default_generators: 1.6.0 (/opt/ros/jazzy/share/rosidl_default_generators/cmake)
[0.409s] -- Using all available rosidl_typesupport_c: rosidl_typesupport_fastrtps_c;rosidl_typesupport_introspection_c
[0.639s] -- Using all available rosidl_typesupport_cpp: rosidl_typesupport_fastrtps_cpp;rosidl_typesupport_introspection_cpp
[0.675s] -- Found rosidl_adapter: 4.6.6 (/opt/ros/jazzy/share/rosidl_adapter/cmake)
[0.677s] -- Found std_msgs: 5.3.6 (/opt/ros/jazzy/share/std_msgs/cmake)
[0.709s] [31mCMake Error at CMakeLists.txt:27 (rosidl_generate_interfaces):
[0.709s]   rosidl_generate_interfaces Macro invoked with incorrect arguments for macro
[0.710s]   named: rosidl_generate_interfaces
[0.710s] 
[0.710s] [0m
[0.710s] -- Found ament_lint_auto: 0.17.3 (/opt/ros/jazzy/share/ament_lint_auto/cmake)
[0.710s] [0mCMake Error: File /home/jeffr/dexterity-interface/libs/robot_motion/src/robot_motion/package.xml does not exist.[0m
[0.710s] [31mCMake Error at /opt/ros/jazzy/share/ament_cmake_core/cmake/core/stamp.cmake:24 (configure_file):
[0.710s]   configure_file Problem configuring file
[0.710s] Call Stack (most recent call first):
[0.710s]   /opt/ros/jazzy/share/ament_cmake_core/cmake/core/ament_package_xml.cmake:73 (stamp)
[0.710s]   /opt/ros/jazzy/share/ament_cmake_core/cmake/core/ament_package_xml.cmake:49 (_ament_package_xml)
[0.710s]   /opt/ros/jazzy/share/ament_lint_auto/cmake/ament_lint_auto_find_test_dependencies.cmake:31 (ament_package_xml)
[0.711s]   CMakeLists.txt:57 (ament_lint_auto_find_test_dependencies)
[0.711s] 
[0.711s] [0m
[0.711s] -- Configuring incomplete, errors occurred!
[0.716s] Invoked command in '/home/jeffr/dexterity-interface/libs/robot_motion/src/robot_motion/build/robot_motion' returned '1': PS1=\[\e]0;\u@\h: \w\a\]${debian_chroot:+($debian_chroot)}\[\033[01;32m\]\u@\h\[\033[00m\]:\[\033[01;34m\]\w\[\033[00m\]\$ /usr/bin/cmake /home/jeffr/dexterity-interface/libs/robot_motion/src/robot_motion -DCMAKE_INSTALL_PREFIX=/home/jeffr/dexterity-interface/libs/robot_motion/src/robot_motion/install/robot_motion
