[-0.972s] DEBUG:colcon:Command line arguments: ['/usr/bin/colcon', 'build', '--symlink-install', '--base-paths', 'libs/robot_description', 'libs/robot_motion']
[-0.972s] DEBUG:colcon:Parsed command line arguments: Namespace(log_base=None, log_level=None, verb_name='build', build_base='build', install_base='install', merge_install=False, symlink_install=True, test_result_base=None, continue_on_error=False, executor='parallel', parallel_workers=12, event_handlers=None, ignore_user_meta=False, metas=['./colcon.meta'], base_paths=['libs/robot_description', 'libs/robot_motion'], packages_ignore=None, packages_ignore_regex=None, paths=None, packages_up_to=None, packages_up_to_regex=None, packages_above=None, packages_above_and_dependencies=None, packages_above_depth=None, packages_select_by_dep=None, packages_skip_by_dep=None, packages_skip_up_to=None, packages_select_build_failed=False, packages_skip_build_finished=False, packages_select_test_failures=False, packages_skip_test_passed=False, packages_select=None, packages_skip=None, packages_select_regex=None, packages_skip_regex=None, packages_start=None, packages_end=None, allow_overriding=[], cmake_args=None, cmake_target=None, cmake_target_skip_unavailable=False, cmake_clean_cache=False, cmake_clean_first=False, cmake_force_configure=False, ament_cmake_args=None, catkin_cmake_args=None, catkin_skip_building_tests=False, verb_parser=<colcon_defaults.argument_parser.defaults.DefaultArgumentsDecorator object at 0x7a07ce263e30>, verb_extension=<colcon_core.verb.build.BuildVerb object at 0x7a07ce263470>, main=<bound method BuildVerb.main of <colcon_core.verb.build.BuildVerb object at 0x7a07ce263470>>)
[-0.875s] Level 1:colcon.colcon_core.package_discovery:discover_packages(colcon_meta) check parameters
[-0.875s] Level 1:colcon.colcon_core.package_discovery:discover_packages(recursive) check parameters
[-0.874s] Level 1:colcon.colcon_core.package_discovery:discover_packages(ignore) check parameters
[-0.874s] Level 1:colcon.colcon_core.package_discovery:discover_packages(path) check parameters
[-0.874s] Level 1:colcon.colcon_core.package_discovery:discover_packages(recursive) discover
[-0.874s] INFO:colcon.colcon_core.package_discovery:Crawling recursively for packages in '/home/jeffr/dexterity-interface/libs/robot_description', '/home/jeffr/dexterity-interface/libs/robot_motion'
[-0.874s] Level 1:colcon.colcon_core.package_identification:_identify(libs/robot_description) by extensions ['ignore', 'ignore_ament_install']
[-0.874s] Level 1:colcon.colcon_core.package_identification:_identify(libs/robot_description) by extension 'ignore'
[-0.874s] Level 1:colcon.colcon_core.package_identification:_identify(libs/robot_description) by extension 'ignore_ament_install'
[-0.874s] Level 1:colcon.colcon_core.package_identification:_identify(libs/robot_description) by extensions ['colcon_pkg']
[-0.874s] Level 1:colcon.colcon_core.package_identification:_identify(libs/robot_description) by extension 'colcon_pkg'
[-0.874s] Level 1:colcon.colcon_core.package_identification:_identify(libs/robot_description) by extensions ['colcon_meta']
[-0.874s] Level 1:colcon.colcon_core.package_identification:_identify(libs/robot_description) by extension 'colcon_meta'
[-0.874s] Level 1:colcon.colcon_core.package_identification:_identify(libs/robot_description) by extensions ['ros']
[-0.874s] Level 1:colcon.colcon_core.package_identification:_identify(libs/robot_description) by extension 'ros'
[-0.791s] DEBUG:colcon.colcon_core.package_identification:Package 'libs/robot_description' with type 'ros.ament_cmake' and name 'robot_description'
[-0.791s] Level 1:colcon.colcon_core.package_identification:_identify(libs/robot_motion) by extensions ['ignore', 'ignore_ament_install']
[-0.790s] Level 1:colcon.colcon_core.package_identification:_identify(libs/robot_motion) by extension 'ignore'
[-0.790s] Level 1:colcon.colcon_core.package_identification:_identify(libs/robot_motion) by extension 'ignore_ament_install'
[-0.789s] Level 1:colcon.colcon_core.package_identification:_identify(libs/robot_motion) by extensions ['colcon_pkg']
[-0.789s] Level 1:colcon.colcon_core.package_identification:_identify(libs/robot_motion) by extension 'colcon_pkg'
[-0.789s] Level 1:colcon.colcon_core.package_identification:_identify(libs/robot_motion) by extensions ['colcon_meta']
[-0.789s] Level 1:colcon.colcon_core.package_identification:_identify(libs/robot_motion) by extension 'colcon_meta'
[-0.789s] Level 1:colcon.colcon_core.package_identification:_identify(libs/robot_motion) by extensions ['ros']
[-0.789s] Level 1:colcon.colcon_core.package_identification:_identify(libs/robot_motion) by extension 'ros'
[-0.789s] Level 1:colcon.colcon_core.package_identification:_identify(libs/robot_motion) by extensions ['cmake', 'python']
[-0.788s] Level 1:colcon.colcon_core.package_identification:_identify(libs/robot_motion) by extension 'cmake'
[-0.746s] Level 1:colcon.colcon_core.package_identification:_identify(libs/robot_motion) by extension 'python'
[-0.745s] DEBUG:colcon.colcon_core.package_identification:Package 'libs/robot_motion' with type 'cmake' and name 'robot_motion'
[-0.745s] Level 1:colcon.colcon_core.package_discovery:discover_packages(recursive) using defaults
[-0.694s] Level 1:colcon.colcon_core.package_discovery:discover_packages(prefix_path) check parameters
[-0.693s] Level 1:colcon.colcon_core.package_discovery:discover_packages(prefix_path) discover
[-0.689s] DEBUG:colcon.colcon_installed_package_information.package_discovery:Found 2 installed packages in /home/jeffr/dexterity-interface/install
[-0.687s] DEBUG:colcon.colcon_installed_package_information.package_discovery:Found 1 installed packages in /home/jeffr/dexterity-interface/libs/robot_motion/src/robot_motion/install
[-0.685s] DEBUG:colcon.colcon_installed_package_information.package_discovery:Found 2 installed packages in /home/jeffr/dexterity-interface/libs/robot_description/install
[-0.682s] DEBUG:colcon.colcon_installed_package_information.package_discovery:Found 289 installed packages in /opt/ros/jazzy
[-0.681s] Level 1:colcon.colcon_core.package_discovery:discover_packages(prefix_path) using defaults
[-0.592s] Level 5:colcon.colcon_core.verb:set package 'robot_description' build argument 'cmake_args' from command line to 'None'
[-0.592s] Level 5:colcon.colcon_core.verb:set package 'robot_description' build argument 'cmake_target' from command line to 'None'
[-0.592s] Level 5:colcon.colcon_core.verb:set package 'robot_description' build argument 'cmake_target_skip_unavailable' from command line to 'False'
[-0.591s] Level 5:colcon.colcon_core.verb:set package 'robot_description' build argument 'cmake_clean_cache' from command line to 'False'
[-0.591s] Level 5:colcon.colcon_core.verb:set package 'robot_description' build argument 'cmake_clean_first' from command line to 'False'
[-0.591s] Level 5:colcon.colcon_core.verb:set package 'robot_description' build argument 'cmake_force_configure' from command line to 'False'
[-0.591s] Level 5:colcon.colcon_core.verb:set package 'robot_description' build argument 'ament_cmake_args' from command line to 'None'
[-0.591s] Level 5:colcon.colcon_core.verb:set package 'robot_description' build argument 'catkin_cmake_args' from command line to 'None'
[-0.591s] Level 5:colcon.colcon_core.verb:set package 'robot_description' build argument 'catkin_skip_building_tests' from command line to 'False'
[-0.591s] DEBUG:colcon.colcon_core.verb:Building package 'robot_description' with the following arguments: {'ament_cmake_args': None, 'build_base': '/home/jeffr/dexterity-interface/build/robot_description', 'catkin_cmake_args': None, 'catkin_skip_building_tests': False, 'cmake_args': None, 'cmake_clean_cache': False, 'cmake_clean_first': False, 'cmake_force_configure': False, 'cmake_target': None, 'cmake_target_skip_unavailable': False, 'install_base': '/home/jeffr/dexterity-interface/install/robot_description', 'merge_install': False, 'path': '/home/jeffr/dexterity-interface/libs/robot_description', 'symlink_install': True, 'test_result_base': None}
[-0.590s] Level 5:colcon.colcon_core.verb:set package 'robot_motion' build argument 'cmake_args' from command line to 'None'
[-0.590s] Level 5:colcon.colcon_core.verb:set package 'robot_motion' build argument 'cmake_target' from command line to 'None'
[-0.590s] Level 5:colcon.colcon_core.verb:set package 'robot_motion' build argument 'cmake_target_skip_unavailable' from command line to 'False'
[-0.590s] Level 5:colcon.colcon_core.verb:set package 'robot_motion' build argument 'cmake_clean_cache' from command line to 'False'
[-0.590s] Level 5:colcon.colcon_core.verb:set package 'robot_motion' build argument 'cmake_clean_first' from command line to 'False'
[-0.589s] Level 5:colcon.colcon_core.verb:set package 'robot_motion' build argument 'cmake_force_configure' from command line to 'False'
[-0.589s] Level 5:colcon.colcon_core.verb:set package 'robot_motion' build argument 'ament_cmake_args' from command line to 'None'
[-0.589s] Level 5:colcon.colcon_core.verb:set package 'robot_motion' build argument 'catkin_cmake_args' from command line to 'None'
[-0.589s] Level 5:colcon.colcon_core.verb:set package 'robot_motion' build argument 'catkin_skip_building_tests' from command line to 'False'
[-0.589s] DEBUG:colcon.colcon_core.verb:Building package 'robot_motion' with the following arguments: {'ament_cmake_args': None, 'build_base': '/home/jeffr/dexterity-interface/build/robot_motion', 'catkin_cmake_args': None, 'catkin_skip_building_tests': False, 'cmake_args': None, 'cmake_clean_cache': False, 'cmake_clean_first': False, 'cmake_force_configure': False, 'cmake_target': None, 'cmake_target_skip_unavailable': False, 'install_base': '/home/jeffr/dexterity-interface/install/robot_motion', 'merge_install': False, 'path': '/home/jeffr/dexterity-interface/libs/robot_motion', 'symlink_install': True, 'test_result_base': None}
[-0.588s] INFO:colcon.colcon_core.executor:Executing jobs using 'parallel' executor
[-0.586s] DEBUG:colcon.colcon_parallel_executor.executor.parallel:run_until_complete
[-0.585s] INFO:colcon.colcon_ros.task.ament_cmake.build:Building ROS package in '/home/jeffr/dexterity-interface/libs/robot_description' with build type 'ament_cmake'
[-0.585s] INFO:colcon.colcon_cmake.task.cmake.build:Building CMake package in '/home/jeffr/dexterity-interface/libs/robot_description'
[-0.581s] INFO:colcon.colcon_core.plugin_system:Skipping extension 'colcon_core.shell.bat': Not used on non-Windows systems
[-0.581s] INFO:colcon.colcon_core.shell:Skip shell extension 'powershell' for command environment: Not usable outside of PowerShell
[-0.581s] DEBUG:colcon.colcon_core.shell:Skip shell extension 'dsv' for command environment
[-0.574s] INFO:colcon.colcon_cmake.task.cmake.build:Building CMake package in '/home/jeffr/dexterity-interface/libs/robot_motion'
[-0.573s] INFO:colcon.colcon_core.shell:Skip shell extension 'powershell' for command environment: Not usable outside of PowerShell
[-0.573s] DEBUG:colcon.colcon_core.shell:Skip shell extension 'dsv' for command environment
[-0.552s] DEBUG:colcon.colcon_core.event_handler.log_command:Invoking command in '/home/jeffr/dexterity-interface/build/robot_description': CMAKE_PREFIX_PATH=${CMAKE_PREFIX_PATH}:/opt/ros/jazzy /usr/bin/cmake --build /home/jeffr/dexterity-interface/build/robot_description -- -j12 -l12
[-0.546s] DEBUG:colcon.colcon_core.event_handler.log_command:Invoking command in '/home/jeffr/dexterity-interface/build/robot_motion': /usr/bin/cmake --build /home/jeffr/dexterity-interface/build/robot_motion -- -j12 -l12
[-0.478s] DEBUG:colcon.colcon_core.event_handler.log_command:Invoked command in '/home/jeffr/dexterity-interface/build/robot_description' returned '0': CMAKE_PREFIX_PATH=${CMAKE_PREFIX_PATH}:/opt/ros/jazzy /usr/bin/cmake --build /home/jeffr/dexterity-interface/build/robot_description -- -j12 -l12
[-0.457s] DEBUG:colcon.colcon_core.event_handler.log_command:Invoking command in '/home/jeffr/dexterity-interface/build/robot_description': CMAKE_PREFIX_PATH=${CMAKE_PREFIX_PATH}:/opt/ros/jazzy /usr/bin/cmake --install /home/jeffr/dexterity-interface/build/robot_description
[-0.398s] Level 1:colcon.colcon_core.environment:create_environment_scripts_only(robot_description)
[-0.396s] DEBUG:colcon.colcon_core.event_handler.log_command:Invoked command in '/home/jeffr/dexterity-interface/build/robot_description' returned '0': CMAKE_PREFIX_PATH=${CMAKE_PREFIX_PATH}:/opt/ros/jazzy /usr/bin/cmake --install /home/jeffr/dexterity-interface/build/robot_description
[-0.393s] Level 1:colcon.colcon_core.environment:checking '/home/jeffr/dexterity-interface/install/robot_description' for CMake module files
[-0.392s] Level 1:colcon.colcon_core.environment:checking '/home/jeffr/dexterity-interface/install/robot_description' for CMake config files
[-0.391s] Level 1:colcon.colcon_core.shell:create_environment_hook('robot_description', 'cmake_prefix_path')
[-0.391s] INFO:colcon.colcon_core.shell:Creating environment hook '/home/jeffr/dexterity-interface/install/robot_description/share/robot_description/hook/cmake_prefix_path.ps1'
[-0.389s] INFO:colcon.colcon_core.shell:Creating environment descriptor '/home/jeffr/dexterity-interface/install/robot_description/share/robot_description/hook/cmake_prefix_path.dsv'
[-0.388s] INFO:colcon.colcon_core.shell:Creating environment hook '/home/jeffr/dexterity-interface/install/robot_description/share/robot_description/hook/cmake_prefix_path.sh'
[-0.386s] Level 1:colcon.colcon_core.environment:checking '/home/jeffr/dexterity-interface/install/robot_description/bin'
[-0.385s] Level 1:colcon.colcon_core.environment:checking '/home/jeffr/dexterity-interface/install/robot_description/lib/pkgconfig/robot_description.pc'
[-0.385s] Level 1:colcon.colcon_core.environment:checking '/home/jeffr/dexterity-interface/install/robot_description/lib/python3.12/site-packages'
[-0.384s] Level 1:colcon.colcon_core.environment:checking '/home/jeffr/dexterity-interface/install/robot_description/bin'
[-0.380s] INFO:colcon.colcon_core.shell:Creating package script '/home/jeffr/dexterity-interface/install/robot_description/share/robot_description/package.ps1'
[-0.376s] INFO:colcon.colcon_core.shell:Creating package descriptor '/home/jeffr/dexterity-interface/install/robot_description/share/robot_description/package.dsv'
[-0.371s] INFO:colcon.colcon_core.shell:Creating package script '/home/jeffr/dexterity-interface/install/robot_description/share/robot_description/package.sh'
[-0.368s] INFO:colcon.colcon_core.shell:Creating package script '/home/jeffr/dexterity-interface/install/robot_description/share/robot_description/package.bash'
[-0.366s] INFO:colcon.colcon_core.shell:Creating package script '/home/jeffr/dexterity-interface/install/robot_description/share/robot_description/package.zsh'
[-0.363s] Level 1:colcon.colcon_core.environment:create_file_with_runtime_dependencies(/home/jeffr/dexterity-interface/install/robot_description/share/colcon-core/packages/robot_description)
[-0.362s] Level 1:colcon.colcon_core.environment:create_environment_scripts_only(robot_description)
[-0.362s] Level 1:colcon.colcon_core.environment:checking '/home/jeffr/dexterity-interface/install/robot_description' for CMake module files
[-0.358s] Level 1:colcon.colcon_core.environment:checking '/home/jeffr/dexterity-interface/install/robot_description' for CMake config files
[-0.357s] Level 1:colcon.colcon_core.shell:create_environment_hook('robot_description', 'cmake_prefix_path')
[-0.356s] INFO:colcon.colcon_core.shell:Creating environment hook '/home/jeffr/dexterity-interface/install/robot_description/share/robot_description/hook/cmake_prefix_path.ps1'
[-0.354s] INFO:colcon.colcon_core.shell:Creating environment descriptor '/home/jeffr/dexterity-interface/install/robot_description/share/robot_description/hook/cmake_prefix_path.dsv'
[-0.351s] INFO:colcon.colcon_core.shell:Creating environment hook '/home/jeffr/dexterity-interface/install/robot_description/share/robot_description/hook/cmake_prefix_path.sh'
[-0.348s] Level 1:colcon.colcon_core.environment:checking '/home/jeffr/dexterity-interface/install/robot_description/bin'
[-0.347s] Level 1:colcon.colcon_core.environment:checking '/home/jeffr/dexterity-interface/install/robot_description/lib/pkgconfig/robot_description.pc'
[-0.347s] Level 1:colcon.colcon_core.environment:checking '/home/jeffr/dexterity-interface/install/robot_description/lib/python3.12/site-packages'
[-0.346s] Level 1:colcon.colcon_core.environment:checking '/home/jeffr/dexterity-interface/install/robot_description/bin'
[-0.346s] INFO:colcon.colcon_core.shell:Creating package script '/home/jeffr/dexterity-interface/install/robot_description/share/robot_description/package.ps1'
[-0.344s] INFO:colcon.colcon_core.shell:Creating package descriptor '/home/jeffr/dexterity-interface/install/robot_description/share/robot_description/package.dsv'
[-0.343s] INFO:colcon.colcon_core.shell:Creating package script '/home/jeffr/dexterity-interface/install/robot_description/share/robot_description/package.sh'
[-0.342s] INFO:colcon.colcon_core.shell:Creating package script '/home/jeffr/dexterity-interface/install/robot_description/share/robot_description/package.bash'
[-0.341s] INFO:colcon.colcon_core.shell:Creating package script '/home/jeffr/dexterity-interface/install/robot_description/share/robot_description/package.zsh'
[-0.340s] Level 1:colcon.colcon_core.environment:create_file_with_runtime_dependencies(/home/jeffr/dexterity-interface/install/robot_description/share/colcon-core/packages/robot_description)
[-0.231s] DEBUG:colcon.colcon_core.event_handler.log_command:Invoked command in '/home/jeffr/dexterity-interface/build/robot_motion' returned '0': /usr/bin/cmake --build /home/jeffr/dexterity-interface/build/robot_motion -- -j12 -l12
[-0.228s] DEBUG:colcon.colcon_core.event_handler.log_command:Invoking command in '/home/jeffr/dexterity-interface/build/robot_motion': /usr/bin/cmake --install /home/jeffr/dexterity-interface/build/robot_motion
[-0.193s] Level 1:colcon.colcon_core.environment:create_environment_scripts_only(robot_motion)
[-0.192s] Level 1:colcon.colcon_core.environment:checking '/home/jeffr/dexterity-interface/install/robot_motion' for CMake module files
[-0.192s] DEBUG:colcon.colcon_core.event_handler.log_command:Invoked command in '/home/jeffr/dexterity-interface/build/robot_motion' returned '0': /usr/bin/cmake --install /home/jeffr/dexterity-interface/build/robot_motion
[-0.191s] Level 1:colcon.colcon_core.environment:checking '/home/jeffr/dexterity-interface/install/robot_motion' for CMake config files
[-0.190s] Level 1:colcon.colcon_core.shell:create_environment_hook('robot_motion', 'cmake_prefix_path')
[-0.190s] INFO:colcon.colcon_core.shell:Creating environment hook '/home/jeffr/dexterity-interface/install/robot_motion/share/robot_motion/hook/cmake_prefix_path.ps1'
[-0.189s] INFO:colcon.colcon_core.shell:Creating environment descriptor '/home/jeffr/dexterity-interface/install/robot_motion/share/robot_motion/hook/cmake_prefix_path.dsv'
[-0.188s] INFO:colcon.colcon_core.shell:Creating environment hook '/home/jeffr/dexterity-interface/install/robot_motion/share/robot_motion/hook/cmake_prefix_path.sh'
[-0.187s] Level 1:colcon.colcon_core.environment:checking '/home/jeffr/dexterity-interface/install/robot_motion/lib'
[-0.187s] Level 1:colcon.colcon_core.shell:create_environment_hook('robot_motion', 'ld_library_path_lib')
[-0.186s] INFO:colcon.colcon_core.shell:Creating environment hook '/home/jeffr/dexterity-interface/install/robot_motion/share/robot_motion/hook/ld_library_path_lib.ps1'
[-0.183s] INFO:colcon.colcon_core.shell:Creating environment descriptor '/home/jeffr/dexterity-interface/install/robot_motion/share/robot_motion/hook/ld_library_path_lib.dsv'
[-0.181s] INFO:colcon.colcon_core.shell:Creating environment hook '/home/jeffr/dexterity-interface/install/robot_motion/share/robot_motion/hook/ld_library_path_lib.sh'
[-0.179s] Level 1:colcon.colcon_core.environment:checking '/home/jeffr/dexterity-interface/install/robot_motion/bin'
[-0.179s] Level 1:colcon.colcon_core.environment:checking '/home/jeffr/dexterity-interface/install/robot_motion/lib/pkgconfig/robot_motion.pc'
[-0.179s] Level 1:colcon.colcon_core.environment:checking '/home/jeffr/dexterity-interface/install/robot_motion/lib/python3.12/site-packages'
[-0.178s] Level 1:colcon.colcon_core.environment:checking '/home/jeffr/dexterity-interface/install/robot_motion/bin'
[-0.177s] INFO:colcon.colcon_core.shell:Creating package script '/home/jeffr/dexterity-interface/install/robot_motion/share/robot_motion/package.ps1'
[-0.176s] INFO:colcon.colcon_core.shell:Creating package descriptor '/home/jeffr/dexterity-interface/install/robot_motion/share/robot_motion/package.dsv'
[-0.175s] INFO:colcon.colcon_core.shell:Creating package script '/home/jeffr/dexterity-interface/install/robot_motion/share/robot_motion/package.sh'
[-0.174s] INFO:colcon.colcon_core.shell:Creating package script '/home/jeffr/dexterity-interface/install/robot_motion/share/robot_motion/package.bash'
[-0.173s] INFO:colcon.colcon_core.shell:Creating package script '/home/jeffr/dexterity-interface/install/robot_motion/share/robot_motion/package.zsh'
[-0.173s] Level 1:colcon.colcon_core.environment:create_file_with_runtime_dependencies(/home/jeffr/dexterity-interface/install/robot_motion/share/colcon-core/packages/robot_motion)
[-0.172s] DEBUG:colcon.colcon_parallel_executor.executor.parallel:closing loop
[-0.171s] DEBUG:colcon.colcon_parallel_executor.executor.parallel:loop closed
[-0.171s] DEBUG:colcon.colcon_parallel_executor.executor.parallel:run_until_complete finished with '0'
[-0.171s] DEBUG:colcon.colcon_core.event_reactor:joining thread
[-0.063s] INFO:colcon.colcon_core.plugin_system:Skipping extension 'colcon_notification.desktop_notification.notify_send': Could not find 'notify-send'
[-0.063s] INFO:colcon.colcon_core.plugin_system:Skipping extension 'colcon_notification.desktop_notification.terminal_notifier': Not used on non-Darwin systems
[-0.063s] INFO:colcon.colcon_core.plugin_system:Skipping extension 'colcon_notification.desktop_notification.win32': Not used on non-Windows systems
[-0.063s] INFO:colcon.colcon_notification.desktop_notification:Sending desktop notification using 'notify2'
[-0.060s] DEBUG:colcon.colcon_notification.desktop_notification.notify2:Failed to initialize notify2: org.freedesktop.DBus.Error.ServiceUnknown: The name org.freedesktop.Notifications was not provided by any .service files
[-0.059s] DEBUG:colcon.colcon_core.event_reactor:joined thread
[-0.059s] INFO:colcon.colcon_core.shell:Creating prefix script '/home/jeffr/dexterity-interface/install/local_setup.ps1'
[-0.058s] INFO:colcon.colcon_core.shell:Creating prefix util module '/home/jeffr/dexterity-interface/install/_local_setup_util_ps1.py'
[-0.056s] INFO:colcon.colcon_core.shell:Creating prefix chain script '/home/jeffr/dexterity-interface/install/setup.ps1'
[-0.053s] INFO:colcon.colcon_core.shell:Creating prefix script '/home/jeffr/dexterity-interface/install/local_setup.sh'
[-0.051s] INFO:colcon.colcon_core.shell:Creating prefix util module '/home/jeffr/dexterity-interface/install/_local_setup_util_sh.py'
[-0.050s] INFO:colcon.colcon_core.shell:Creating prefix chain script '/home/jeffr/dexterity-interface/install/setup.sh'
[-0.048s] INFO:colcon.colcon_core.shell:Creating prefix script '/home/jeffr/dexterity-interface/install/local_setup.bash'
[-0.047s] INFO:colcon.colcon_core.shell:Creating prefix chain script '/home/jeffr/dexterity-interface/install/setup.bash'
[-0.045s] INFO:colcon.colcon_core.shell:Creating prefix script '/home/jeffr/dexterity-interface/install/local_setup.zsh'
[-0.045s] INFO:colcon.colcon_core.shell:Creating prefix chain script '/home/jeffr/dexterity-interface/install/setup.zsh'
