[0.226s] DEBUG:colcon:Command line arguments: ['/usr/bin/colcon', 'build', '--symlink-install', '--base-paths', 'libs/robot_description', 'libs/robot_motion']
[0.226s] DEBUG:colcon:Parsed command line arguments: Namespace(log_base=None, log_level=None, verb_name='build', build_base='build', install_base='install', merge_install=False, symlink_install=True, test_result_base=None, continue_on_error=False, executor='parallel', parallel_workers=12, event_handlers=None, ignore_user_meta=False, metas=['./colcon.meta'], base_paths=['libs/robot_description', 'libs/robot_motion'], packages_ignore=None, packages_ignore_regex=None, paths=None, packages_up_to=None, packages_up_to_regex=None, packages_above=None, packages_above_and_dependencies=None, packages_above_depth=None, packages_select_by_dep=None, packages_skip_by_dep=None, packages_skip_up_to=None, packages_select_build_failed=False, packages_skip_build_finished=False, packages_select_test_failures=False, packages_skip_test_passed=False, packages_select=None, packages_skip=None, packages_select_regex=None, packages_skip_regex=None, packages_start=None, packages_end=None, allow_overriding=[], cmake_args=None, cmake_target=None, cmake_target_skip_unavailable=False, cmake_clean_cache=False, cmake_clean_first=False, cmake_force_configure=False, ament_cmake_args=None, catkin_cmake_args=None, catkin_skip_building_tests=False, verb_parser=<colcon_defaults.argument_parser.defaults.DefaultArgumentsDecorator object at 0x786fc364fc20>, verb_extension=<colcon_core.verb.build.BuildVerb object at 0x786fc364f320>, main=<bound method BuildVerb.main of <colcon_core.verb.build.BuildVerb object at 0x786fc364f320>>)
[0.267s] Level 1:colcon.colcon_core.package_discovery:discover_packages(colcon_meta) check parameters
[0.267s] Level 1:colcon.colcon_core.package_discovery:discover_packages(recursive) check parameters
[0.267s] Level 1:colcon.colcon_core.package_discovery:discover_packages(ignore) check parameters
[0.267s] Level 1:colcon.colcon_core.package_discovery:discover_packages(path) check parameters
[0.267s] Level 1:colcon.colcon_core.package_discovery:discover_packages(recursive) discover
[0.267s] INFO:colcon.colcon_core.package_discovery:Crawling recursively for packages in '/home/jeffr/dexterity-interface/libs/robot_description', '/home/jeffr/dexterity-interface/libs/robot_motion'
[0.268s] Level 1:colcon.colcon_core.package_identification:_identify(libs/robot_description) by extensions ['ignore', 'ignore_ament_install']
[0.268s] Level 1:colcon.colcon_core.package_identification:_identify(libs/robot_description) by extension 'ignore'
[0.268s] Level 1:colcon.colcon_core.package_identification:_identify(libs/robot_description) by extension 'ignore_ament_install'
[0.268s] Level 1:colcon.colcon_core.package_identification:_identify(libs/robot_description) by extensions ['colcon_pkg']
[0.268s] Level 1:colcon.colcon_core.package_identification:_identify(libs/robot_description) by extension 'colcon_pkg'
[0.268s] Level 1:colcon.colcon_core.package_identification:_identify(libs/robot_description) by extensions ['colcon_meta']
[0.268s] Level 1:colcon.colcon_core.package_identification:_identify(libs/robot_description) by extension 'colcon_meta'
[0.268s] Level 1:colcon.colcon_core.package_identification:_identify(libs/robot_description) by extensions ['ros']
[0.268s] Level 1:colcon.colcon_core.package_identification:_identify(libs/robot_description) by extension 'ros'
[0.299s] DEBUG:colcon.colcon_core.package_identification:Package 'libs/robot_description' with type 'ros.ament_cmake' and name 'robot_description'
[0.299s] Level 1:colcon.colcon_core.package_identification:_identify(libs/robot_motion) by extensions ['ignore', 'ignore_ament_install']
[0.299s] Level 1:colcon.colcon_core.package_identification:_identify(libs/robot_motion) by extension 'ignore'
[0.300s] Level 1:colcon.colcon_core.package_identification:_identify(libs/robot_motion) by extension 'ignore_ament_install'
[0.300s] Level 1:colcon.colcon_core.package_identification:_identify(libs/robot_motion) by extensions ['colcon_pkg']
[0.300s] Level 1:colcon.colcon_core.package_identification:_identify(libs/robot_motion) by extension 'colcon_pkg'
[0.300s] Level 1:colcon.colcon_core.package_identification:_identify(libs/robot_motion) by extensions ['colcon_meta']
[0.300s] Level 1:colcon.colcon_core.package_identification:_identify(libs/robot_motion) by extension 'colcon_meta'
[0.300s] Level 1:colcon.colcon_core.package_identification:_identify(libs/robot_motion) by extensions ['ros']
[0.300s] Level 1:colcon.colcon_core.package_identification:_identify(libs/robot_motion) by extension 'ros'
[0.300s] Level 1:colcon.colcon_core.package_identification:_identify(libs/robot_motion) by extensions ['cmake', 'python']
[0.300s] Level 1:colcon.colcon_core.package_identification:_identify(libs/robot_motion) by extension 'cmake'
[0.342s] Level 1:colcon.colcon_core.package_identification:_identify(libs/robot_motion) by extension 'python'
[0.343s] DEBUG:colcon.colcon_core.package_identification:Package 'libs/robot_motion' with type 'cmake' and name 'robot_motion'
[0.343s] Level 1:colcon.colcon_core.package_discovery:discover_packages(recursive) using defaults
[0.360s] Level 1:colcon.colcon_core.package_discovery:discover_packages(prefix_path) check parameters
[0.360s] Level 1:colcon.colcon_core.package_discovery:discover_packages(prefix_path) discover
[0.362s] DEBUG:colcon.colcon_installed_package_information.package_discovery:Found 1 installed packages in /home/jeffr/dexterity-interface/libs/robot_motion/src/robot_motion/install
[0.362s] DEBUG:colcon.colcon_installed_package_information.package_discovery:Found 2 installed packages in /home/jeffr/dexterity-interface/libs/robot_description/install
[0.363s] DEBUG:colcon.colcon_installed_package_information.package_discovery:Found 289 installed packages in /opt/ros/jazzy
[0.364s] Level 1:colcon.colcon_core.package_discovery:discover_packages(prefix_path) using defaults
[0.402s] Level 5:colcon.colcon_core.verb:set package 'robot_description' build argument 'cmake_args' from command line to 'None'
[0.402s] Level 5:colcon.colcon_core.verb:set package 'robot_description' build argument 'cmake_target' from command line to 'None'
[0.402s] Level 5:colcon.colcon_core.verb:set package 'robot_description' build argument 'cmake_target_skip_unavailable' from command line to 'False'
[0.402s] Level 5:colcon.colcon_core.verb:set package 'robot_description' build argument 'cmake_clean_cache' from command line to 'False'
[0.402s] Level 5:colcon.colcon_core.verb:set package 'robot_description' build argument 'cmake_clean_first' from command line to 'False'
[0.402s] Level 5:colcon.colcon_core.verb:set package 'robot_description' build argument 'cmake_force_configure' from command line to 'False'
[0.402s] Level 5:colcon.colcon_core.verb:set package 'robot_description' build argument 'ament_cmake_args' from command line to 'None'
[0.402s] Level 5:colcon.colcon_core.verb:set package 'robot_description' build argument 'catkin_cmake_args' from command line to 'None'
[0.402s] Level 5:colcon.colcon_core.verb:set package 'robot_description' build argument 'catkin_skip_building_tests' from command line to 'False'
[0.402s] DEBUG:colcon.colcon_core.verb:Building package 'robot_description' with the following arguments: {'ament_cmake_args': None, 'build_base': '/home/jeffr/dexterity-interface/build/robot_description', 'catkin_cmake_args': None, 'catkin_skip_building_tests': False, 'cmake_args': None, 'cmake_clean_cache': False, 'cmake_clean_first': False, 'cmake_force_configure': False, 'cmake_target': None, 'cmake_target_skip_unavailable': False, 'install_base': '/home/jeffr/dexterity-interface/install/robot_description', 'merge_install': False, 'path': '/home/jeffr/dexterity-interface/libs/robot_description', 'symlink_install': True, 'test_result_base': None}
[0.402s] Level 5:colcon.colcon_core.verb:set package 'robot_motion' build argument 'cmake_args' from command line to 'None'
[0.402s] Level 5:colcon.colcon_core.verb:set package 'robot_motion' build argument 'cmake_target' from command line to 'None'
[0.402s] Level 5:colcon.colcon_core.verb:set package 'robot_motion' build argument 'cmake_target_skip_unavailable' from command line to 'False'
[0.402s] Level 5:colcon.colcon_core.verb:set package 'robot_motion' build argument 'cmake_clean_cache' from command line to 'False'
[0.402s] Level 5:colcon.colcon_core.verb:set package 'robot_motion' build argument 'cmake_clean_first' from command line to 'False'
[0.402s] Level 5:colcon.colcon_core.verb:set package 'robot_motion' build argument 'cmake_force_configure' from command line to 'False'
[0.402s] Level 5:colcon.colcon_core.verb:set package 'robot_motion' build argument 'ament_cmake_args' from command line to 'None'
[0.402s] Level 5:colcon.colcon_core.verb:set package 'robot_motion' build argument 'catkin_cmake_args' from command line to 'None'
[0.402s] Level 5:colcon.colcon_core.verb:set package 'robot_motion' build argument 'catkin_skip_building_tests' from command line to 'False'
[0.402s] DEBUG:colcon.colcon_core.verb:Building package 'robot_motion' with the following arguments: {'ament_cmake_args': None, 'build_base': '/home/jeffr/dexterity-interface/build/robot_motion', 'catkin_cmake_args': None, 'catkin_skip_building_tests': False, 'cmake_args': None, 'cmake_clean_cache': False, 'cmake_clean_first': False, 'cmake_force_configure': False, 'cmake_target': None, 'cmake_target_skip_unavailable': False, 'install_base': '/home/jeffr/dexterity-interface/install/robot_motion', 'merge_install': False, 'path': '/home/jeffr/dexterity-interface/libs/robot_motion', 'symlink_install': True, 'test_result_base': None}
[0.403s] INFO:colcon.colcon_core.executor:Executing jobs using 'parallel' executor
[0.403s] DEBUG:colcon.colcon_parallel_executor.executor.parallel:run_until_complete
[0.404s] INFO:colcon.colcon_ros.task.ament_cmake.build:Building ROS package in '/home/jeffr/dexterity-interface/libs/robot_description' with build type 'ament_cmake'
[0.404s] INFO:colcon.colcon_cmake.task.cmake.build:Building CMake package in '/home/jeffr/dexterity-interface/libs/robot_description'
[0.407s] INFO:colcon.colcon_core.plugin_system:Skipping extension 'colcon_core.shell.bat': Not used on non-Windows systems
[0.408s] INFO:colcon.colcon_core.shell:Skip shell extension 'powershell' for command environment: Not usable outside of PowerShell
[0.408s] DEBUG:colcon.colcon_core.shell:Skip shell extension 'dsv' for command environment
[0.414s] INFO:colcon.colcon_cmake.task.cmake.build:Building CMake package in '/home/jeffr/dexterity-interface/libs/robot_motion'
[0.414s] INFO:colcon.colcon_core.shell:Skip shell extension 'powershell' for command environment: Not usable outside of PowerShell
[0.414s] DEBUG:colcon.colcon_core.shell:Skip shell extension 'dsv' for command environment
[0.434s] DEBUG:colcon.colcon_core.event_handler.log_command:Invoking command in '/home/jeffr/dexterity-interface/build/robot_description': CMAKE_PREFIX_PATH=${CMAKE_PREFIX_PATH}:/opt/ros/jazzy /usr/bin/cmake /home/jeffr/dexterity-interface/libs/robot_description -DAMENT_CMAKE_SYMLINK_INSTALL=1 -DCMAKE_INSTALL_PREFIX=/home/jeffr/dexterity-interface/install/robot_description
[0.441s] DEBUG:colcon.colcon_core.event_handler.log_command:Invoking command in '/home/jeffr/dexterity-interface/build/robot_motion': /usr/bin/cmake /home/jeffr/dexterity-interface/libs/robot_motion -DCMAKE_INSTALL_PREFIX=/home/jeffr/dexterity-interface/install/robot_motion
[6.110s] DEBUG:colcon.colcon_core.event_handler.log_command:Invoked command in '/home/jeffr/dexterity-interface/build/robot_description' returned '0': CMAKE_PREFIX_PATH=${CMAKE_PREFIX_PATH}:/opt/ros/jazzy /usr/bin/cmake /home/jeffr/dexterity-interface/libs/robot_description -DAMENT_CMAKE_SYMLINK_INSTALL=1 -DCMAKE_INSTALL_PREFIX=/home/jeffr/dexterity-interface/install/robot_description
[6.111s] DEBUG:colcon.colcon_core.event_handler.log_command:Invoking command in '/home/jeffr/dexterity-interface/build/robot_description': CMAKE_PREFIX_PATH=${CMAKE_PREFIX_PATH}:/opt/ros/jazzy /usr/bin/cmake --build /home/jeffr/dexterity-interface/build/robot_description -- -j12 -l12
[6.161s] DEBUG:colcon.colcon_core.event_handler.log_command:Invoked command in '/home/jeffr/dexterity-interface/build/robot_description' returned '0': CMAKE_PREFIX_PATH=${CMAKE_PREFIX_PATH}:/opt/ros/jazzy /usr/bin/cmake --build /home/jeffr/dexterity-interface/build/robot_description -- -j12 -l12
[6.179s] DEBUG:colcon.colcon_core.event_handler.log_command:Invoking command in '/home/jeffr/dexterity-interface/build/robot_description': CMAKE_PREFIX_PATH=${CMAKE_PREFIX_PATH}:/opt/ros/jazzy /usr/bin/cmake --install /home/jeffr/dexterity-interface/build/robot_description
[6.783s] Level 1:colcon.colcon_core.environment:create_environment_scripts_only(robot_description)
[6.784s] DEBUG:colcon.colcon_core.event_handler.log_command:Invoked command in '/home/jeffr/dexterity-interface/build/robot_description' returned '0': CMAKE_PREFIX_PATH=${CMAKE_PREFIX_PATH}:/opt/ros/jazzy /usr/bin/cmake --install /home/jeffr/dexterity-interface/build/robot_description
[6.787s] Level 1:colcon.colcon_core.environment:checking '/home/jeffr/dexterity-interface/install/robot_description' for CMake module files
[6.787s] Level 1:colcon.colcon_core.environment:checking '/home/jeffr/dexterity-interface/install/robot_description' for CMake config files
[6.788s] Level 1:colcon.colcon_core.shell:create_environment_hook('robot_description', 'cmake_prefix_path')
[6.788s] INFO:colcon.colcon_core.shell:Creating environment hook '/home/jeffr/dexterity-interface/install/robot_description/share/robot_description/hook/cmake_prefix_path.ps1'
[6.789s] INFO:colcon.colcon_core.shell:Creating environment descriptor '/home/jeffr/dexterity-interface/install/robot_description/share/robot_description/hook/cmake_prefix_path.dsv'
[6.789s] INFO:colcon.colcon_core.shell:Creating environment hook '/home/jeffr/dexterity-interface/install/robot_description/share/robot_description/hook/cmake_prefix_path.sh'
[6.790s] Level 1:colcon.colcon_core.environment:checking '/home/jeffr/dexterity-interface/install/robot_description/bin'
[6.791s] Level 1:colcon.colcon_core.environment:checking '/home/jeffr/dexterity-interface/install/robot_description/lib/pkgconfig/robot_description.pc'
[6.791s] Level 1:colcon.colcon_core.environment:checking '/home/jeffr/dexterity-interface/install/robot_description/lib/python3.12/site-packages'
[6.791s] Level 1:colcon.colcon_core.environment:checking '/home/jeffr/dexterity-interface/install/robot_description/bin'
[6.792s] INFO:colcon.colcon_core.shell:Creating package script '/home/jeffr/dexterity-interface/install/robot_description/share/robot_description/package.ps1'
[6.793s] INFO:colcon.colcon_core.shell:Creating package descriptor '/home/jeffr/dexterity-interface/install/robot_description/share/robot_description/package.dsv'
[6.793s] INFO:colcon.colcon_core.shell:Creating package script '/home/jeffr/dexterity-interface/install/robot_description/share/robot_description/package.sh'
[6.794s] INFO:colcon.colcon_core.shell:Creating package script '/home/jeffr/dexterity-interface/install/robot_description/share/robot_description/package.bash'
[6.795s] INFO:colcon.colcon_core.shell:Creating package script '/home/jeffr/dexterity-interface/install/robot_description/share/robot_description/package.zsh'
[6.796s] Level 1:colcon.colcon_core.environment:create_file_with_runtime_dependencies(/home/jeffr/dexterity-interface/install/robot_description/share/colcon-core/packages/robot_description)
[6.797s] Level 1:colcon.colcon_core.environment:create_environment_scripts_only(robot_description)
[6.798s] Level 1:colcon.colcon_core.environment:checking '/home/jeffr/dexterity-interface/install/robot_description' for CMake module files
[6.798s] Level 1:colcon.colcon_core.environment:checking '/home/jeffr/dexterity-interface/install/robot_description' for CMake config files
[6.799s] Level 1:colcon.colcon_core.shell:create_environment_hook('robot_description', 'cmake_prefix_path')
[6.799s] INFO:colcon.colcon_core.shell:Creating environment hook '/home/jeffr/dexterity-interface/install/robot_description/share/robot_description/hook/cmake_prefix_path.ps1'
[6.800s] INFO:colcon.colcon_core.shell:Creating environment descriptor '/home/jeffr/dexterity-interface/install/robot_description/share/robot_description/hook/cmake_prefix_path.dsv'
[6.800s] INFO:colcon.colcon_core.shell:Creating environment hook '/home/jeffr/dexterity-interface/install/robot_description/share/robot_description/hook/cmake_prefix_path.sh'
[6.801s] Level 1:colcon.colcon_core.environment:checking '/home/jeffr/dexterity-interface/install/robot_description/bin'
[6.801s] Level 1:colcon.colcon_core.environment:checking '/home/jeffr/dexterity-interface/install/robot_description/lib/pkgconfig/robot_description.pc'
[6.801s] Level 1:colcon.colcon_core.environment:checking '/home/jeffr/dexterity-interface/install/robot_description/lib/python3.12/site-packages'
[6.801s] Level 1:colcon.colcon_core.environment:checking '/home/jeffr/dexterity-interface/install/robot_description/bin'
[6.802s] INFO:colcon.colcon_core.shell:Creating package script '/home/jeffr/dexterity-interface/install/robot_description/share/robot_description/package.ps1'
[6.802s] INFO:colcon.colcon_core.shell:Creating package descriptor '/home/jeffr/dexterity-interface/install/robot_description/share/robot_description/package.dsv'
[6.803s] INFO:colcon.colcon_core.shell:Creating package script '/home/jeffr/dexterity-interface/install/robot_description/share/robot_description/package.sh'
[6.803s] INFO:colcon.colcon_core.shell:Creating package script '/home/jeffr/dexterity-interface/install/robot_description/share/robot_description/package.bash'
[6.803s] INFO:colcon.colcon_core.shell:Creating package script '/home/jeffr/dexterity-interface/install/robot_description/share/robot_description/package.zsh'
[6.804s] Level 1:colcon.colcon_core.environment:create_file_with_runtime_dependencies(/home/jeffr/dexterity-interface/install/robot_description/share/colcon-core/packages/robot_description)
[40.528s] DEBUG:colcon.colcon_core.event_handler.log_command:Invoked command in '/home/jeffr/dexterity-interface/build/robot_motion' returned '0': /usr/bin/cmake /home/jeffr/dexterity-interface/libs/robot_motion -DCMAKE_INSTALL_PREFIX=/home/jeffr/dexterity-interface/install/robot_motion
[40.529s] DEBUG:colcon.colcon_core.event_handler.log_command:Invoking command in '/home/jeffr/dexterity-interface/build/robot_motion': /usr/bin/cmake --build /home/jeffr/dexterity-interface/build/robot_motion -- -j12 -l12
[70.095s] DEBUG:colcon.colcon_core.event_handler.log_command:Invoked command in '/home/jeffr/dexterity-interface/build/robot_motion' returned '0': /usr/bin/cmake --build /home/jeffr/dexterity-interface/build/robot_motion -- -j12 -l12
[70.097s] DEBUG:colcon.colcon_core.event_handler.log_command:Invoking command in '/home/jeffr/dexterity-interface/build/robot_motion': /usr/bin/cmake --install /home/jeffr/dexterity-interface/build/robot_motion
[70.119s] Level 1:colcon.colcon_core.environment:create_environment_scripts_only(robot_motion)
[70.121s] Level 1:colcon.colcon_core.environment:checking '/home/jeffr/dexterity-interface/install/robot_motion' for CMake module files
[70.122s] DEBUG:colcon.colcon_core.event_handler.log_command:Invoked command in '/home/jeffr/dexterity-interface/build/robot_motion' returned '0': /usr/bin/cmake --install /home/jeffr/dexterity-interface/build/robot_motion
[70.122s] Level 1:colcon.colcon_core.environment:checking '/home/jeffr/dexterity-interface/install/robot_motion' for CMake config files
[70.123s] Level 1:colcon.colcon_core.shell:create_environment_hook('robot_motion', 'cmake_prefix_path')
[70.123s] INFO:colcon.colcon_core.shell:Creating environment hook '/home/jeffr/dexterity-interface/install/robot_motion/share/robot_motion/hook/cmake_prefix_path.ps1'
[70.126s] INFO:colcon.colcon_core.shell:Creating environment descriptor '/home/jeffr/dexterity-interface/install/robot_motion/share/robot_motion/hook/cmake_prefix_path.dsv'
[70.127s] INFO:colcon.colcon_core.shell:Creating environment hook '/home/jeffr/dexterity-interface/install/robot_motion/share/robot_motion/hook/cmake_prefix_path.sh'
[70.129s] Level 1:colcon.colcon_core.environment:checking '/home/jeffr/dexterity-interface/install/robot_motion/lib'
[70.130s] Level 1:colcon.colcon_core.shell:create_environment_hook('robot_motion', 'ld_library_path_lib')
[70.130s] INFO:colcon.colcon_core.shell:Creating environment hook '/home/jeffr/dexterity-interface/install/robot_motion/share/robot_motion/hook/ld_library_path_lib.ps1'
[70.131s] INFO:colcon.colcon_core.shell:Creating environment descriptor '/home/jeffr/dexterity-interface/install/robot_motion/share/robot_motion/hook/ld_library_path_lib.dsv'
[70.131s] INFO:colcon.colcon_core.shell:Creating environment hook '/home/jeffr/dexterity-interface/install/robot_motion/share/robot_motion/hook/ld_library_path_lib.sh'
[70.133s] Level 1:colcon.colcon_core.environment:checking '/home/jeffr/dexterity-interface/install/robot_motion/bin'
[70.133s] Level 1:colcon.colcon_core.environment:checking '/home/jeffr/dexterity-interface/install/robot_motion/lib/pkgconfig/robot_motion.pc'
[70.133s] Level 1:colcon.colcon_core.environment:checking '/home/jeffr/dexterity-interface/install/robot_motion/lib/python3.12/site-packages'
[70.133s] Level 1:colcon.colcon_core.environment:checking '/home/jeffr/dexterity-interface/install/robot_motion/bin'
[70.134s] INFO:colcon.colcon_core.shell:Creating package script '/home/jeffr/dexterity-interface/install/robot_motion/share/robot_motion/package.ps1'
[70.135s] INFO:colcon.colcon_core.shell:Creating package descriptor '/home/jeffr/dexterity-interface/install/robot_motion/share/robot_motion/package.dsv'
[70.135s] INFO:colcon.colcon_core.shell:Creating package script '/home/jeffr/dexterity-interface/install/robot_motion/share/robot_motion/package.sh'
[70.136s] INFO:colcon.colcon_core.shell:Creating package script '/home/jeffr/dexterity-interface/install/robot_motion/share/robot_motion/package.bash'
[70.138s] INFO:colcon.colcon_core.shell:Creating package script '/home/jeffr/dexterity-interface/install/robot_motion/share/robot_motion/package.zsh'
[70.138s] Level 1:colcon.colcon_core.environment:create_file_with_runtime_dependencies(/home/jeffr/dexterity-interface/install/robot_motion/share/colcon-core/packages/robot_motion)
[70.139s] DEBUG:colcon.colcon_parallel_executor.executor.parallel:closing loop
[70.140s] DEBUG:colcon.colcon_parallel_executor.executor.parallel:loop closed
[70.140s] DEBUG:colcon.colcon_parallel_executor.executor.parallel:run_until_complete finished with '0'
[70.140s] DEBUG:colcon.colcon_core.event_reactor:joining thread
[70.239s] INFO:colcon.colcon_core.plugin_system:Skipping extension 'colcon_notification.desktop_notification.notify_send': Could not find 'notify-send'
[70.239s] INFO:colcon.colcon_core.plugin_system:Skipping extension 'colcon_notification.desktop_notification.terminal_notifier': Not used on non-Darwin systems
[70.239s] INFO:colcon.colcon_core.plugin_system:Skipping extension 'colcon_notification.desktop_notification.win32': Not used on non-Windows systems
[70.239s] INFO:colcon.colcon_notification.desktop_notification:Sending desktop notification using 'notify2'
[70.247s] DEBUG:colcon.colcon_notification.desktop_notification.notify2:Failed to initialize notify2: org.freedesktop.DBus.Error.ServiceUnknown: The name org.freedesktop.Notifications was not provided by any .service files
[70.247s] DEBUG:colcon.colcon_core.event_reactor:joined thread
[70.248s] INFO:colcon.colcon_core.shell:Creating prefix script '/home/jeffr/dexterity-interface/install/local_setup.ps1'
[70.250s] INFO:colcon.colcon_core.shell:Creating prefix util module '/home/jeffr/dexterity-interface/install/_local_setup_util_ps1.py'
[70.252s] INFO:colcon.colcon_core.shell:Creating prefix chain script '/home/jeffr/dexterity-interface/install/setup.ps1'
[70.254s] INFO:colcon.colcon_core.shell:Creating prefix script '/home/jeffr/dexterity-interface/install/local_setup.sh'
[70.256s] INFO:colcon.colcon_core.shell:Creating prefix util module '/home/jeffr/dexterity-interface/install/_local_setup_util_sh.py'
[70.257s] INFO:colcon.colcon_core.shell:Creating prefix chain script '/home/jeffr/dexterity-interface/install/setup.sh'
[70.258s] INFO:colcon.colcon_core.shell:Creating prefix script '/home/jeffr/dexterity-interface/install/local_setup.bash'
[70.259s] INFO:colcon.colcon_core.shell:Creating prefix chain script '/home/jeffr/dexterity-interface/install/setup.bash'
[70.260s] INFO:colcon.colcon_core.shell:Creating prefix script '/home/jeffr/dexterity-interface/install/local_setup.zsh'
[70.261s] INFO:colcon.colcon_core.shell:Creating prefix chain script '/home/jeffr/dexterity-interface/install/setup.zsh'
