[0.027s] Invoking command in '/home/jeffr/dexterity-interface/build/robot_motion': /usr/bin/cmake --build /home/jeffr/dexterity-interface/build/robot_motion -- -j12 -l12
[0.214s] [ 71%] Built target robot_motion
[0.319s] [100%] Built target joint_torque
[0.341s] Invoked command in '/home/jeffr/dexterity-interface/build/robot_motion' returned '0': /usr/bin/cmake --build /home/jeffr/dexterity-interface/build/robot_motion -- -j12 -l12
[0.344s] Invoking command in '/home/jeffr/dexterity-interface/build/robot_motion': /usr/bin/cmake --install /home/jeffr/dexterity-interface/build/robot_motion
[0.374s] -- Install configuration: ""
[0.374s] -- Up-to-date: /home/jeffr/dexterity-interface/install/robot_motion/lib/librobot_motion.so
[0.375s] -- Up-to-date: /home/jeffr/dexterity-interface/install/robot_motion/include
[0.375s] -- Up-to-date: /home/jeffr/dexterity-interface/install/robot_motion/include/robot_motion
[0.376s] -- Up-to-date: /home/jeffr/dexterity-interface/install/robot_motion/include/robot_motion/controllers
[0.376s] -- Up-to-date: /home/jeffr/dexterity-interface/install/robot_motion/include/robot_motion/controllers/cartesian_torque_controller.hpp
[0.376s] -- Up-to-date: /home/jeffr/dexterity-interface/install/robot_motion/include/robot_motion/controllers/joint_torque_controller.hpp
[0.376s] -- Up-to-date: /home/jeffr/dexterity-interface/install/robot_motion/include/robot_motion/controllers/controller.hpp
[0.377s] -- Up-to-date: /home/jeffr/dexterity-interface/install/robot_motion/include/robot_motion/utils
[0.377s] -- Up-to-date: /home/jeffr/dexterity-interface/install/robot_motion/include/robot_motion/utils/vector_utils.hpp
[0.377s] -- Up-to-date: /home/jeffr/dexterity-interface/install/robot_motion/include/robot_motion/robot_properties
[0.377s] -- Up-to-date: /home/jeffr/dexterity-interface/install/robot_motion/include/robot_motion/robot_properties/panda_properties.hpp
[0.378s] -- Up-to-date: /home/jeffr/dexterity-interface/install/robot_motion/include/robot_motion/robot_properties/robot_properties.hpp
[0.378s] -- Up-to-date: /home/jeffr/dexterity-interface/install/robot_motion/lib/cmake/robot_motion/robot_motionConfig.cmake
[0.378s] -- Up-to-date: /home/jeffr/dexterity-interface/install/robot_motion/lib/cmake/robot_motion/robot_motionConfigVersion.cmake
[0.378s] -- Up-to-date: /home/jeffr/dexterity-interface/install/robot_motion/lib/cmake/robot_motion/robot_motionTargets.cmake
[0.379s] -- Up-to-date: /home/jeffr/dexterity-interface/install/robot_motion/lib/cmake/robot_motion/robot_motionTargets-noconfig.cmake
[0.381s] Invoked command in '/home/jeffr/dexterity-interface/build/robot_motion' returned '0': /usr/bin/cmake --install /home/jeffr/dexterity-interface/build/robot_motion
