[0.034s] Invoking command in '/home/jeffr/dexterity-interface/libs/robot_motion/build/robot_motion': PS1=\[\e]0;\u@\h: \w\a\]${debian_chroot:+($debian_chroot)}\[\033[01;32m\]\u@\h\[\033[00m\]:\[\033[01;34m\]\w\[\033[00m\]\$ /usr/bin/cmake --build /home/jeffr/dexterity-interface/libs/robot_motion/build/robot_motion -- -j12 -l12
[0.110s] [ 71%] Built target robot_motion
[0.153s] [100%] Built target joint_torque
[0.165s] Invoked command in '/home/jeffr/dexterity-interface/libs/robot_motion/build/robot_motion' returned '0': PS1=\[\e]0;\u@\h: \w\a\]${debian_chroot:+($debian_chroot)}\[\033[01;32m\]\u@\h\[\033[00m\]:\[\033[01;34m\]\w\[\033[00m\]\$ /usr/bin/cmake --build /home/jeffr/dexterity-interface/libs/robot_motion/build/robot_motion -- -j12 -l12
[0.176s] Invoking command in '/home/jeffr/dexterity-interface/libs/robot_motion/build/robot_motion': PS1=\[\e]0;\u@\h: \w\a\]${debian_chroot:+($debian_chroot)}\[\033[01;32m\]\u@\h\[\033[00m\]:\[\033[01;34m\]\w\[\033[00m\]\$ /usr/bin/cmake --install /home/jeffr/dexterity-interface/libs/robot_motion/build/robot_motion
[0.185s] -- Install configuration: ""
[0.185s] -- Up-to-date: /home/jeffr/dexterity-interface/libs/robot_motion/install/robot_motion/lib/librobot_motion.so
[0.185s] -- Up-to-date: /home/jeffr/dexterity-interface/libs/robot_motion/install/robot_motion/include
[0.186s] -- Up-to-date: /home/jeffr/dexterity-interface/libs/robot_motion/install/robot_motion/include/robot_motion
[0.187s] -- Up-to-date: /home/jeffr/dexterity-interface/libs/robot_motion/install/robot_motion/include/robot_motion/controllers
[0.187s] -- Up-to-date: /home/jeffr/dexterity-interface/libs/robot_motion/install/robot_motion/include/robot_motion/controllers/cartesian_torque_controller.hpp
[0.187s] -- Up-to-date: /home/jeffr/dexterity-interface/libs/robot_motion/install/robot_motion/include/robot_motion/controllers/joint_torque_controller.hpp
[0.187s] -- Up-to-date: /home/jeffr/dexterity-interface/libs/robot_motion/install/robot_motion/include/robot_motion/controllers/controller.hpp
[0.187s] -- Up-to-date: /home/jeffr/dexterity-interface/libs/robot_motion/install/robot_motion/include/robot_motion/utils
[0.188s] -- Up-to-date: /home/jeffr/dexterity-interface/libs/robot_motion/install/robot_motion/include/robot_motion/utils/vector_utils.hpp
[0.188s] -- Up-to-date: /home/jeffr/dexterity-interface/libs/robot_motion/install/robot_motion/include/robot_motion/robot_properties
[0.189s] -- Up-to-date: /home/jeffr/dexterity-interface/libs/robot_motion/install/robot_motion/include/robot_motion/robot_properties/panda_properties.hpp
[0.189s] -- Up-to-date: /home/jeffr/dexterity-interface/libs/robot_motion/install/robot_motion/include/robot_motion/robot_properties/robot_properties.hpp
[0.190s] -- Up-to-date: /home/jeffr/dexterity-interface/libs/robot_motion/install/robot_motion/lib/cmake/robot_motion/robot_motionConfig.cmake
[0.191s] -- Up-to-date: /home/jeffr/dexterity-interface/libs/robot_motion/install/robot_motion/lib/cmake/robot_motion/robot_motionConfigVersion.cmake
[0.192s] -- Up-to-date: /home/jeffr/dexterity-interface/libs/robot_motion/install/robot_motion/lib/cmake/robot_motion/robot_motionTargets.cmake
[0.192s] -- Up-to-date: /home/jeffr/dexterity-interface/libs/robot_motion/install/robot_motion/lib/cmake/robot_motion/robot_motionTargets-noconfig.cmake
[0.192s] Invoked command in '/home/jeffr/dexterity-interface/libs/robot_motion/build/robot_motion' returned '0': PS1=\[\e]0;\u@\h: \w\a\]${debian_chroot:+($debian_chroot)}\[\033[01;32m\]\u@\h\[\033[00m\]:\[\033[01;34m\]\w\[\033[00m\]\$ /usr/bin/cmake --install /home/jeffr/dexterity-interface/libs/robot_motion/build/robot_motion
