[0.402s] Invoking command in '/workspace/libs/robot_motion_interface/ros/src/robot_motion_interface_ros': PYTHONPATH=/workspace/libs/robot_motion_interface/ros/build/robot_motion_interface_ros/prefix_override:/usr/lib/python3/dist-packages/colcon_core/task/python/colcon_distutils_commands:/workspace/libs/robot_motion_interface/ros/install/robot_motion_interface_ros/lib/python3.12/site-packages:${PYTHONPATH} /usr/bin/python3 -W ignore:setup.py install is deprecated -W ignore:easy_install command is deprecated setup.py egg_info --egg-base ../../build/robot_motion_interface_ros build --build-base /workspace/libs/robot_motion_interface/ros/build/robot_motion_interface_ros/build install --record /workspace/libs/robot_motion_interface/ros/build/robot_motion_interface_ros/install.log --single-version-externally-managed install_data
[0.532s] running egg_info
[0.532s] creating ../../build/robot_motion_interface_ros/robot_motion_interface_ros.egg-info
[0.540s] writing ../../build/robot_motion_interface_ros/robot_motion_interface_ros.egg-info/PKG-INFO
[0.540s] writing dependency_links to ../../build/robot_motion_interface_ros/robot_motion_interface_ros.egg-info/dependency_links.txt
[0.541s] writing requirements to ../../build/robot_motion_interface_ros/robot_motion_interface_ros.egg-info/requires.txt
[0.541s] writing top-level names to ../../build/robot_motion_interface_ros/robot_motion_interface_ros.egg-info/top_level.txt
[0.541s] writing manifest file '../../build/robot_motion_interface_ros/robot_motion_interface_ros.egg-info/SOURCES.txt'
[0.556s] reading manifest file '../../build/robot_motion_interface_ros/robot_motion_interface_ros.egg-info/SOURCES.txt'
[0.556s] writing manifest file '../../build/robot_motion_interface_ros/robot_motion_interface_ros.egg-info/SOURCES.txt'
[0.556s] running build
[0.556s] running build_py
[0.556s] creating /workspace/libs/robot_motion_interface/ros/build/robot_motion_interface_ros/build
[0.556s] creating /workspace/libs/robot_motion_interface/ros/build/robot_motion_interface_ros/build/lib
[0.556s] creating /workspace/libs/robot_motion_interface/ros/build/robot_motion_interface_ros/build/lib/robot_motion_interface_ros
[0.556s] copying robot_motion_interface_ros/__init__.py -> /workspace/libs/robot_motion_interface/ros/build/robot_motion_interface_ros/build/lib/robot_motion_interface_ros
[0.556s] copying robot_motion_interface_ros/robot_motion_interface_node.py -> /workspace/libs/robot_motion_interface/ros/build/robot_motion_interface_ros/build/lib/robot_motion_interface_ros
[0.556s] running install
[0.561s] running install_lib
[0.568s] creating /workspace/libs/robot_motion_interface/ros/install/robot_motion_interface_ros/lib/python3.12/site-packages/robot_motion_interface_ros
[0.568s] copying /workspace/libs/robot_motion_interface/ros/build/robot_motion_interface_ros/build/lib/robot_motion_interface_ros/__init__.py -> /workspace/libs/robot_motion_interface/ros/install/robot_motion_interface_ros/lib/python3.12/site-packages/robot_motion_interface_ros
[0.568s] copying /workspace/libs/robot_motion_interface/ros/build/robot_motion_interface_ros/build/lib/robot_motion_interface_ros/robot_motion_interface_node.py -> /workspace/libs/robot_motion_interface/ros/install/robot_motion_interface_ros/lib/python3.12/site-packages/robot_motion_interface_ros
[0.569s] byte-compiling /workspace/libs/robot_motion_interface/ros/install/robot_motion_interface_ros/lib/python3.12/site-packages/robot_motion_interface_ros/__init__.py to __init__.cpython-312.pyc
[0.569s] byte-compiling /workspace/libs/robot_motion_interface/ros/install/robot_motion_interface_ros/lib/python3.12/site-packages/robot_motion_interface_ros/robot_motion_interface_node.py to robot_motion_interface_node.cpython-312.pyc
[0.569s] running install_data
[0.569s] creating /workspace/libs/robot_motion_interface/ros/install/robot_motion_interface_ros/share/ament_index
[0.569s] creating /workspace/libs/robot_motion_interface/ros/install/robot_motion_interface_ros/share/ament_index/resource_index
[0.569s] creating /workspace/libs/robot_motion_interface/ros/install/robot_motion_interface_ros/share/ament_index/resource_index/packages
[0.569s] copying resource/robot_motion_interface_ros -> /workspace/libs/robot_motion_interface/ros/install/robot_motion_interface_ros/share/ament_index/resource_index/packages
[0.569s] copying package.xml -> /workspace/libs/robot_motion_interface/ros/install/robot_motion_interface_ros/share/robot_motion_interface_ros
[0.569s] running install_egg_info
[0.578s] Copying ../../build/robot_motion_interface_ros/robot_motion_interface_ros.egg-info to /workspace/libs/robot_motion_interface/ros/install/robot_motion_interface_ros/lib/python3.12/site-packages/robot_motion_interface_ros-0.0.0-py3.12.egg-info
[0.578s] running install_scripts
[0.634s] writing list of installed files to '/workspace/libs/robot_motion_interface/ros/build/robot_motion_interface_ros/install.log'
[0.651s] Invoked command in '/workspace/libs/robot_motion_interface/ros/src/robot_motion_interface_ros' returned '0': PYTHONPATH=/workspace/libs/robot_motion_interface/ros/build/robot_motion_interface_ros/prefix_override:/usr/lib/python3/dist-packages/colcon_core/task/python/colcon_distutils_commands:/workspace/libs/robot_motion_interface/ros/install/robot_motion_interface_ros/lib/python3.12/site-packages:${PYTHONPATH} /usr/bin/python3 -W ignore:setup.py install is deprecated -W ignore:easy_install command is deprecated setup.py egg_info --egg-base ../../build/robot_motion_interface_ros build --build-base /workspace/libs/robot_motion_interface/ros/build/robot_motion_interface_ros/build install --record /workspace/libs/robot_motion_interface/ros/build/robot_motion_interface_ros/install.log --single-version-externally-managed install_data
