-- Install configuration: ""
-- Up-to-date: /home/jeffr/dexterity-interface/libs/robot_description/install/robot_description/share/robot_description/launch
-- Up-to-date: /home/jeffr/dexterity-interface/libs/robot_description/install/robot_description/share/robot_description/launch/display.launch.py
-- Up-to-date: /home/jeffr/dexterity-interface/libs/robot_description/install/robot_description/share/robot_description/collision
-- Up-to-date: /home/jeffr/dexterity-interface/libs/robot_description/install/robot_description/share/robot_description/collision/hand.stl
-- Up-to-date: /home/jeffr/dexterity-interface/libs/robot_description/install/robot_description/share/robot_description/collision/finger.stl
-- Up-to-date: /home/jeffr/dexterity-interface/libs/robot_description/install/robot_description/share/robot_description/collision/link1.stl
-- Up-to-date: /home/jeffr/dexterity-interface/libs/robot_description/install/robot_description/share/robot_description/collision/link6.stl
-- Up-to-date: /home/jeffr/dexterity-interface/libs/robot_description/install/robot_description/share/robot_description/collision/link5.stl
-- Up-to-date: /home/jeffr/dexterity-interface/libs/robot_description/install/robot_description/share/robot_description/collision/link0.stl
-- Up-to-date: /home/jeffr/dexterity-interface/libs/robot_description/install/robot_description/share/robot_description/collision/link4.stl
-- Up-to-date: /home/jeffr/dexterity-interface/libs/robot_description/install/robot_description/share/robot_description/collision/link7.stl
-- Up-to-date: /home/jeffr/dexterity-interface/libs/robot_description/install/robot_description/share/robot_description/collision/link3.stl
-- Up-to-date: /home/jeffr/dexterity-interface/libs/robot_description/install/robot_description/share/robot_description/collision/link2.stl
-- Up-to-date: /home/jeffr/dexterity-interface/libs/robot_description/install/robot_description/share/robot_description/visual
-- Up-to-date: /home/jeffr/dexterity-interface/libs/robot_description/install/robot_description/share/robot_description/visual/finger.dae
-- Up-to-date: /home/jeffr/dexterity-interface/libs/robot_description/install/robot_description/share/robot_description/visual/link0.dae
-- Up-to-date: /home/jeffr/dexterity-interface/libs/robot_description/install/robot_description/share/robot_description/visual/link6.dae
-- Up-to-date: /home/jeffr/dexterity-interface/libs/robot_description/install/robot_description/share/robot_description/visual/link5.dae
-- Up-to-date: /home/jeffr/dexterity-interface/libs/robot_description/install/robot_description/share/robot_description/visual/link1.dae
-- Up-to-date: /home/jeffr/dexterity-interface/libs/robot_description/install/robot_description/share/robot_description/visual/link2.dae
-- Up-to-date: /home/jeffr/dexterity-interface/libs/robot_description/install/robot_description/share/robot_description/visual/link4.dae
-- Up-to-date: /home/jeffr/dexterity-interface/libs/robot_description/install/robot_description/share/robot_description/visual/link7.dae
-- Up-to-date: /home/jeffr/dexterity-interface/libs/robot_description/install/robot_description/share/robot_description/visual/link3.dae
-- Up-to-date: /home/jeffr/dexterity-interface/libs/robot_description/install/robot_description/share/robot_description/visual/hand.dae
-- Up-to-date: /home/jeffr/dexterity-interface/libs/robot_description/install/robot_description/share/robot_description/config
-- Up-to-date: /home/jeffr/dexterity-interface/libs/robot_description/install/robot_description/share/ament_index/resource_index/package_run_dependencies/robot_description
-- Up-to-date: /home/jeffr/dexterity-interface/libs/robot_description/install/robot_description/share/ament_index/resource_index/parent_prefix_path/robot_description
-- Up-to-date: /home/jeffr/dexterity-interface/libs/robot_description/install/robot_description/share/robot_description/environment/ament_prefix_path.sh
-- Up-to-date: /home/jeffr/dexterity-interface/libs/robot_description/install/robot_description/share/robot_description/environment/ament_prefix_path.dsv
-- Up-to-date: /home/jeffr/dexterity-interface/libs/robot_description/install/robot_description/share/robot_description/environment/path.sh
-- Up-to-date: /home/jeffr/dexterity-interface/libs/robot_description/install/robot_description/share/robot_description/environment/path.dsv
-- Up-to-date: /home/jeffr/dexterity-interface/libs/robot_description/install/robot_description/share/robot_description/local_setup.bash
-- Up-to-date: /home/jeffr/dexterity-interface/libs/robot_description/install/robot_description/share/robot_description/local_setup.sh
-- Up-to-date: /home/jeffr/dexterity-interface/libs/robot_description/install/robot_description/share/robot_description/local_setup.zsh
-- Up-to-date: /home/jeffr/dexterity-interface/libs/robot_description/install/robot_description/share/robot_description/local_setup.dsv
-- Installing: /home/jeffr/dexterity-interface/libs/robot_description/install/robot_description/share/robot_description/package.dsv
-- Up-to-date: /home/jeffr/dexterity-interface/libs/robot_description/install/robot_description/share/ament_index/resource_index/packages/robot_description
-- Up-to-date: /home/jeffr/dexterity-interface/libs/robot_description/install/robot_description/share/robot_description/cmake/robot_descriptionConfig.cmake
-- Up-to-date: /home/jeffr/dexterity-interface/libs/robot_description/install/robot_description/share/robot_description/cmake/robot_descriptionConfig-version.cmake
-- Up-to-date: /home/jeffr/dexterity-interface/libs/robot_description/install/robot_description/share/robot_description/package.xml
