-- Found ament_cmake: 2.5.4 (/opt/ros/jazzy/share/ament_cmake/cmake)
-- Found ament_lint_auto: 0.17.3 (/opt/ros/jazzy/share/ament_lint_auto/cmake)
-- Added test 'cppcheck' to perform static code analysis on C / C++ code
-- Configured cppcheck include dirs: 
-- Configured cppcheck exclude dirs and/or files: 
-- Added test 'flake8' to check Python code syntax and style conventions
-- Configured 'flake8' exclude dirs and/or files: 
-- Added test 'lint_cmake' to check CMake code style
-- Added test 'pep257' to check Python code against some of the docstring style conventions in PEP 257
-- Added test 'uncrustify' to check C / C++ code style
-- Configured uncrustify additional arguments: 
-- Added test 'xmllint' to check XML markup files
-- Configuring done (0.7s)
-- Generating done (0.0s)
-- Build files have been written to: /home/jeffr/dexterity-interface/libs/robot_motion/src/robot_motion/build/robot_motion
[31mCMake Error at cmake_install.cmake:46 (file):
  file INSTALL cannot find
  "/home/jeffr/dexterity-interface/libs/robot_motion/src/robot_motion/launch":
  No such file or directory.

[0m
-- Install configuration: ""
