[0.018s] Invoking command in '/home/jeffr/dexterity-interface/libs/robot_motion/src/robot_motion/build/robot_motion': CMAKE_PREFIX_PATH=${CMAKE_PREFIX_PATH}:/opt/ros/jazzy /usr/bin/cmake --build /home/jeffr/dexterity-interface/libs/robot_motion/src/robot_motion/build/robot_motion -- -j12 -l12
[0.058s] -- Found ament_cmake: 2.5.4 (/opt/ros/jazzy/share/ament_cmake/cmake)
[0.701s] -- Override CMake install command with custom implementation using symlinks instead of copying resources
[0.737s] -- Found ament_lint_auto: 0.17.3 (/opt/ros/jazzy/share/ament_lint_auto/cmake)
[1.011s] -- Added test 'cppcheck' to perform static code analysis on C / C++ code
[1.011s] -- Configured cppcheck include dirs: 
[1.012s] -- Configured cppcheck exclude dirs and/or files: 
[1.017s] -- Added test 'flake8' to check Python code syntax and style conventions
[1.017s] -- Configured 'flake8' exclude dirs and/or files: 
[1.025s] -- Added test 'lint_cmake' to check CMake code style
[1.030s] -- Added test 'pep257' to check Python code against some of the docstring style conventions in PEP 257
[1.055s] -- Added test 'uncrustify' to check C / C++ code style
[1.055s] -- Configured uncrustify additional arguments: 
[1.060s] -- Added test 'xmllint' to check XML markup files
[1.065s] -- Configuring done (1.0s)
[1.081s] -- Generating done (0.0s)
[1.084s] -- Build files have been written to: /home/jeffr/dexterity-interface/libs/robot_motion/src/robot_motion/build/robot_motion
[1.105s] Invoked command in '/home/jeffr/dexterity-interface/libs/robot_motion/src/robot_motion/build/robot_motion' returned '0': CMAKE_PREFIX_PATH=${CMAKE_PREFIX_PATH}:/opt/ros/jazzy /usr/bin/cmake --build /home/jeffr/dexterity-interface/libs/robot_motion/src/robot_motion/build/robot_motion -- -j12 -l12
[1.119s] Invoking command in '/home/jeffr/dexterity-interface/libs/robot_motion/src/robot_motion/build/robot_motion': CMAKE_PREFIX_PATH=${CMAKE_PREFIX_PATH}:/opt/ros/jazzy /usr/bin/cmake --install /home/jeffr/dexterity-interface/libs/robot_motion/src/robot_motion/build/robot_motion
[1.128s] -- Install configuration: ""
[1.130s] -- Execute custom install script
[1.132s] [33mCMake Warning (dev) at ament_cmake_symlink_install/ament_cmake_symlink_install.cmake:62 (file):
[1.133s]   Policy CMP0009 is not set: FILE GLOB_RECURSE calls should not follow
[1.133s]   symlinks by default.  Run "cmake --help-policy CMP0009" for policy details.
[1.134s]   Use the cmake_policy command to set the policy and suppress this warning.
[1.135s] Call Stack (most recent call first):
[1.136s]   ament_cmake_symlink_install/ament_cmake_symlink_install.cmake:314 (ament_cmake_symlink_install_directory)
[1.136s]   cmake_install.cmake:46 (include)
[1.136s] This warning is for project developers.  Use -Wno-dev to suppress it.
[1.137s] [0m
[1.138s] -- Up-to-date symlink: /home/jeffr/dexterity-interface/libs/robot_motion/src/robot_motion/install/robot_motion/share/robot_motion/ik/README.md
[1.140s] -- Up-to-date symlink: /home/jeffr/dexterity-interface/libs/robot_motion/src/robot_motion/install/robot_motion/share/robot_motion/ik/__pycache__/ik.cpython-311.pyc
[1.140s] -- Up-to-date symlink: /home/jeffr/dexterity-interface/libs/robot_motion/src/robot_motion/install/robot_motion/share/robot_motion/ik/__pycache__/ik.cpython-312.pyc
[1.140s] -- Up-to-date symlink: /home/jeffr/dexterity-interface/libs/robot_motion/src/robot_motion/install/robot_motion/share/robot_motion/ik/__pycache__/python_wrapper.cpython-311.pyc
[1.140s] -- Up-to-date symlink: /home/jeffr/dexterity-interface/libs/robot_motion/src/robot_motion/install/robot_motion/share/robot_motion/ik/__pycache__/python_wrapper.cpython-312.pyc
[1.142s] -- Up-to-date symlink: /home/jeffr/dexterity-interface/libs/robot_motion/src/robot_motion/install/robot_motion/share/robot_motion/ik/__pycache__/ranged_ik.cpython-312.pyc
[1.142s] -- Up-to-date symlink: /home/jeffr/dexterity-interface/libs/robot_motion/src/robot_motion/install/robot_motion/share/robot_motion/ik/build/.built_by
[1.142s] -- Up-to-date symlink: /home/jeffr/dexterity-interface/libs/robot_motion/src/robot_motion/install/robot_motion/share/robot_motion/ik/build/COLCON_IGNORE
[1.143s] -- Up-to-date symlink: /home/jeffr/dexterity-interface/libs/robot_motion/src/robot_motion/install/robot_motion/share/robot_motion/ik/configs/urdfs/Do not delete these folders (until solve)
[1.143s] -- Up-to-date symlink: /home/jeffr/dexterity-interface/libs/robot_motion/src/robot_motion/install/robot_motion/share/robot_motion/ik/ik.py
[1.143s] -- Up-to-date symlink: /home/jeffr/dexterity-interface/libs/robot_motion/src/robot_motion/install/robot_motion/share/robot_motion/ik/install/.colcon_install_layout
[1.143s] -- Up-to-date symlink: /home/jeffr/dexterity-interface/libs/robot_motion/src/robot_motion/install/robot_motion/share/robot_motion/ik/install/COLCON_IGNORE
[1.144s] -- Up-to-date symlink: /home/jeffr/dexterity-interface/libs/robot_motion/src/robot_motion/install/robot_motion/share/robot_motion/ik/install/_local_setup_util_ps1.py
[1.144s] -- Up-to-date symlink: /home/jeffr/dexterity-interface/libs/robot_motion/src/robot_motion/install/robot_motion/share/robot_motion/ik/install/_local_setup_util_sh.py
[1.144s] -- Up-to-date symlink: /home/jeffr/dexterity-interface/libs/robot_motion/src/robot_motion/install/robot_motion/share/robot_motion/ik/install/local_setup.bash
[1.144s] -- Up-to-date symlink: /home/jeffr/dexterity-interface/libs/robot_motion/src/robot_motion/install/robot_motion/share/robot_motion/ik/install/local_setup.ps1
[1.144s] -- Up-to-date symlink: /home/jeffr/dexterity-interface/libs/robot_motion/src/robot_motion/install/robot_motion/share/robot_motion/ik/install/local_setup.sh
[1.144s] -- Up-to-date symlink: /home/jeffr/dexterity-interface/libs/robot_motion/src/robot_motion/install/robot_motion/share/robot_motion/ik/install/local_setup.zsh
[1.145s] -- Up-to-date symlink: /home/jeffr/dexterity-interface/libs/robot_motion/src/robot_motion/install/robot_motion/share/robot_motion/ik/install/setup.bash
[1.145s] -- Up-to-date symlink: /home/jeffr/dexterity-interface/libs/robot_motion/src/robot_motion/install/robot_motion/share/robot_motion/ik/install/setup.ps1
[1.145s] -- Up-to-date symlink: /home/jeffr/dexterity-interface/libs/robot_motion/src/robot_motion/install/robot_motion/share/robot_motion/ik/install/setup.sh
[1.145s] -- Up-to-date symlink: /home/jeffr/dexterity-interface/libs/robot_motion/src/robot_motion/install/robot_motion/share/robot_motion/ik/install/setup.zsh
[1.146s] -- Up-to-date symlink: /home/jeffr/dexterity-interface/libs/robot_motion/src/robot_motion/install/robot_motion/share/robot_motion/ik/launch/ranged_ik.launch.py
[1.146s] -- Up-to-date symlink: /home/jeffr/dexterity-interface/libs/robot_motion/src/robot_motion/install/robot_motion/share/robot_motion/ik/launch/test_ranged_ik.launch.py
[1.146s] -- Up-to-date symlink: /home/jeffr/dexterity-interface/libs/robot_motion/src/robot_motion/install/robot_motion/share/robot_motion/ik/log/COLCON_IGNORE
[1.147s] -- Up-to-date symlink: /home/jeffr/dexterity-interface/libs/robot_motion/src/robot_motion/install/robot_motion/share/robot_motion/ik/log/build_2025-10-25_11-24-06/events.log
[1.147s] -- Up-to-date symlink: /home/jeffr/dexterity-interface/libs/robot_motion/src/robot_motion/install/robot_motion/share/robot_motion/ik/log/build_2025-10-25_11-24-06/logger_all.log
[1.147s] -- Up-to-date symlink: /home/jeffr/dexterity-interface/libs/robot_motion/src/robot_motion/install/robot_motion/share/robot_motion/ik/log/latest/events.log
[1.147s] -- Up-to-date symlink: /home/jeffr/dexterity-interface/libs/robot_motion/src/robot_motion/install/robot_motion/share/robot_motion/ik/log/latest/logger_all.log
[1.148s] -- Up-to-date symlink: /home/jeffr/dexterity-interface/libs/robot_motion/src/robot_motion/install/robot_motion/share/robot_motion/ik/log/latest_build/events.log
[1.148s] -- Up-to-date symlink: /home/jeffr/dexterity-interface/libs/robot_motion/src/robot_motion/install/robot_motion/share/robot_motion/ik/log/latest_build/logger_all.log
[1.148s] -- Up-to-date symlink: /home/jeffr/dexterity-interface/libs/robot_motion/src/robot_motion/install/robot_motion/share/robot_motion/ik/python_wrapper.py
[1.148s] -- Up-to-date symlink: /home/jeffr/dexterity-interface/libs/robot_motion/src/robot_motion/install/robot_motion/share/robot_motion/ik/ranged_ik.py
[1.148s] -- Up-to-date symlink: /home/jeffr/dexterity-interface/libs/robot_motion/src/robot_motion/install/robot_motion/share/robot_motion/ik/ranged_ik_node.py
[1.149s] -- Up-to-date symlink: /home/jeffr/dexterity-interface/libs/robot_motion/src/robot_motion/install/robot_motion/share/robot_motion/ik/settings.yaml
[1.149s] -- Symlinking: /home/jeffr/dexterity-interface/libs/robot_motion/src/robot_motion/install/robot_motion/lib/robot_motion/ranged_ik.py
[1.155s] -- Symlinking: /home/jeffr/dexterity-interface/libs/robot_motion/src/robot_motion/install/robot_motion/lib/robot_motion/ik.py
[1.170s] -- Symlinking: /home/jeffr/dexterity-interface/libs/robot_motion/src/robot_motion/install/robot_motion/lib/robot_motion/python_wrapper.py
[1.188s] -- Symlinking: /home/jeffr/dexterity-interface/libs/robot_motion/src/robot_motion/install/robot_motion/lib/robot_motion/settings.yaml
[1.214s] -- Up-to-date symlink: /home/jeffr/dexterity-interface/libs/robot_motion/src/robot_motion/install/robot_motion/share/ament_index/resource_index/package_run_dependencies/robot_motion
[1.215s] -- Up-to-date symlink: /home/jeffr/dexterity-interface/libs/robot_motion/src/robot_motion/install/robot_motion/share/ament_index/resource_index/parent_prefix_path/robot_motion
[1.218s] -- Up-to-date symlink: /home/jeffr/dexterity-interface/libs/robot_motion/src/robot_motion/install/robot_motion/share/robot_motion/environment/ament_prefix_path.sh
[1.219s] -- Up-to-date symlink: /home/jeffr/dexterity-interface/libs/robot_motion/src/robot_motion/install/robot_motion/share/robot_motion/environment/ament_prefix_path.dsv
[1.219s] -- Up-to-date symlink: /home/jeffr/dexterity-interface/libs/robot_motion/src/robot_motion/install/robot_motion/share/robot_motion/environment/path.sh
[1.220s] -- Up-to-date symlink: /home/jeffr/dexterity-interface/libs/robot_motion/src/robot_motion/install/robot_motion/share/robot_motion/environment/path.dsv
[1.221s] -- Up-to-date symlink: /home/jeffr/dexterity-interface/libs/robot_motion/src/robot_motion/install/robot_motion/share/robot_motion/local_setup.bash
[1.222s] -- Up-to-date symlink: /home/jeffr/dexterity-interface/libs/robot_motion/src/robot_motion/install/robot_motion/share/robot_motion/local_setup.sh
[1.222s] -- Up-to-date symlink: /home/jeffr/dexterity-interface/libs/robot_motion/src/robot_motion/install/robot_motion/share/robot_motion/local_setup.zsh
[1.222s] -- Up-to-date symlink: /home/jeffr/dexterity-interface/libs/robot_motion/src/robot_motion/install/robot_motion/share/robot_motion/local_setup.dsv
[1.223s] -- Symlinking: /home/jeffr/dexterity-interface/libs/robot_motion/src/robot_motion/install/robot_motion/share/robot_motion/package.dsv
[1.250s] -- Up-to-date symlink: /home/jeffr/dexterity-interface/libs/robot_motion/src/robot_motion/install/robot_motion/share/ament_index/resource_index/packages/robot_motion
[1.252s] -- Up-to-date symlink: /home/jeffr/dexterity-interface/libs/robot_motion/src/robot_motion/install/robot_motion/share/robot_motion/cmake/robot_motionConfig.cmake
[1.253s] -- Up-to-date symlink: /home/jeffr/dexterity-interface/libs/robot_motion/src/robot_motion/install/robot_motion/share/robot_motion/cmake/robot_motionConfig-version.cmake
[1.253s] -- Up-to-date symlink: /home/jeffr/dexterity-interface/libs/robot_motion/src/robot_motion/install/robot_motion/share/robot_motion/package.xml
[1.261s] Invoked command in '/home/jeffr/dexterity-interface/libs/robot_motion/src/robot_motion/build/robot_motion' returned '0': CMAKE_PREFIX_PATH=${CMAKE_PREFIX_PATH}:/opt/ros/jazzy /usr/bin/cmake --install /home/jeffr/dexterity-interface/libs/robot_motion/src/robot_motion/build/robot_motion
