[0.032s] Invoking command in '/home/jeffr/dexterity-interface/libs/robot_description/build/robot_description': CMAKE_PREFIX_PATH=${CMAKE_PREFIX_PATH}:/opt/ros/jazzy /usr/bin/cmake --build /home/jeffr/dexterity-interface/libs/robot_description/build/robot_description -- -j12 -l12
[0.098s] Invoked command in '/home/jeffr/dexterity-interface/libs/robot_description/build/robot_description' returned '0': CMAKE_PREFIX_PATH=${CMAKE_PREFIX_PATH}:/opt/ros/jazzy /usr/bin/cmake --build /home/jeffr/dexterity-interface/libs/robot_description/build/robot_description -- -j12 -l12
[0.120s] Invoking command in '/home/jeffr/dexterity-interface/libs/robot_description/build/robot_description': CMAKE_PREFIX_PATH=${CMAKE_PREFIX_PATH}:/opt/ros/jazzy /usr/bin/cmake --install /home/jeffr/dexterity-interface/libs/robot_description/build/robot_description
[0.137s] -- Install configuration: ""
[0.137s] -- Execute custom install script
[0.139s] -- Up-to-date symlink: /home/jeffr/dexterity-interface/libs/robot_description/install/robot_description/share/robot_description/launch/display.launch.py
[0.140s] -- Up-to-date symlink: /home/jeffr/dexterity-interface/libs/robot_description/install/robot_description/share/robot_description/panda/meshes/collision/finger.stl
[0.141s] -- Up-to-date symlink: /home/jeffr/dexterity-interface/libs/robot_description/install/robot_description/share/robot_description/panda/meshes/collision/hand.stl
[0.143s] -- Up-to-date symlink: /home/jeffr/dexterity-interface/libs/robot_description/install/robot_description/share/robot_description/panda/meshes/collision/link0.stl
[0.144s] -- Up-to-date symlink: /home/jeffr/dexterity-interface/libs/robot_description/install/robot_description/share/robot_description/panda/meshes/collision/link1.stl
[0.145s] -- Up-to-date symlink: /home/jeffr/dexterity-interface/libs/robot_description/install/robot_description/share/robot_description/panda/meshes/collision/link2.stl
[0.146s] -- Up-to-date symlink: /home/jeffr/dexterity-interface/libs/robot_description/install/robot_description/share/robot_description/panda/meshes/collision/link3.stl
[0.147s] -- Up-to-date symlink: /home/jeffr/dexterity-interface/libs/robot_description/install/robot_description/share/robot_description/panda/meshes/collision/link4.stl
[0.148s] -- Up-to-date symlink: /home/jeffr/dexterity-interface/libs/robot_description/install/robot_description/share/robot_description/panda/meshes/collision/link5.stl
[0.149s] -- Up-to-date symlink: /home/jeffr/dexterity-interface/libs/robot_description/install/robot_description/share/robot_description/panda/meshes/collision/link6.stl
[0.150s] -- Up-to-date symlink: /home/jeffr/dexterity-interface/libs/robot_description/install/robot_description/share/robot_description/panda/meshes/collision/link7.stl
[0.151s] -- Up-to-date symlink: /home/jeffr/dexterity-interface/libs/robot_description/install/robot_description/share/robot_description/panda/meshes/visual/finger.dae
[0.152s] -- Up-to-date symlink: /home/jeffr/dexterity-interface/libs/robot_description/install/robot_description/share/robot_description/panda/meshes/visual/hand.dae
[0.154s] -- Up-to-date symlink: /home/jeffr/dexterity-interface/libs/robot_description/install/robot_description/share/robot_description/panda/meshes/visual/link0.dae
[0.155s] -- Up-to-date symlink: /home/jeffr/dexterity-interface/libs/robot_description/install/robot_description/share/robot_description/panda/meshes/visual/link1.dae
[0.156s] -- Up-to-date symlink: /home/jeffr/dexterity-interface/libs/robot_description/install/robot_description/share/robot_description/panda/meshes/visual/link2.dae
[0.157s] -- Up-to-date symlink: /home/jeffr/dexterity-interface/libs/robot_description/install/robot_description/share/robot_description/panda/meshes/visual/link3.dae
[0.158s] -- Up-to-date symlink: /home/jeffr/dexterity-interface/libs/robot_description/install/robot_description/share/robot_description/panda/meshes/visual/link4.dae
[0.159s] -- Up-to-date symlink: /home/jeffr/dexterity-interface/libs/robot_description/install/robot_description/share/robot_description/panda/meshes/visual/link5.dae
[0.161s] -- Up-to-date symlink: /home/jeffr/dexterity-interface/libs/robot_description/install/robot_description/share/robot_description/panda/meshes/visual/link6.dae
[0.162s] -- Up-to-date symlink: /home/jeffr/dexterity-interface/libs/robot_description/install/robot_description/share/robot_description/panda/meshes/visual/link7.dae
[0.163s] -- Up-to-date symlink: /home/jeffr/dexterity-interface/libs/robot_description/install/robot_description/share/robot_description/panda/panda.urdf.xacro
[0.164s] -- Up-to-date symlink: /home/jeffr/dexterity-interface/libs/robot_description/install/robot_description/share/robot_description/panda/panda_hand.urdf.xacro
[0.166s] -- Up-to-date symlink: /home/jeffr/dexterity-interface/libs/robot_description/install/robot_description/share/robot_description/panda/panda_w_hand.urdf.xacro
[0.168s] -- Up-to-date symlink: /home/jeffr/dexterity-interface/libs/robot_description/install/robot_description/share/robot_description/ros/bimanual_arms.urdf
[0.168s] -- Up-to-date symlink: /home/jeffr/dexterity-interface/libs/robot_description/install/robot_description/share/robot_description/ros/single_arm_test.urdf
[0.170s] -- Up-to-date symlink: /home/jeffr/dexterity-interface/libs/robot_description/install/robot_description/share/robot_description/tesollo_DG3F/meshes/delto_base_link.stl
[0.172s] -- Up-to-date symlink: /home/jeffr/dexterity-interface/libs/robot_description/install/robot_description/share/robot_description/tesollo_DG3F/meshes/link_01.stl
[0.173s] -- Up-to-date symlink: /home/jeffr/dexterity-interface/libs/robot_description/install/robot_description/share/robot_description/tesollo_DG3F/meshes/link_02.stl
[0.174s] -- Up-to-date symlink: /home/jeffr/dexterity-interface/libs/robot_description/install/robot_description/share/robot_description/tesollo_DG3F/meshes/link_03.stl
[0.175s] -- Up-to-date symlink: /home/jeffr/dexterity-interface/libs/robot_description/install/robot_description/share/robot_description/tesollo_DG3F/meshes/link_04.stl
[0.176s] -- Up-to-date symlink: /home/jeffr/dexterity-interface/libs/robot_description/install/robot_description/share/robot_description/tesollo_DG3F/meshes/link_tip_high.stl
[0.178s] -- Up-to-date symlink: /home/jeffr/dexterity-interface/libs/robot_description/install/robot_description/share/robot_description/tesollo_DG3F/tesollo_DG3F.urdf.xacro
[0.178s] -- Up-to-date symlink: /home/jeffr/dexterity-interface/libs/robot_description/install/robot_description/share/ament_index/resource_index/package_run_dependencies/robot_description
[0.180s] -- Up-to-date symlink: /home/jeffr/dexterity-interface/libs/robot_description/install/robot_description/share/ament_index/resource_index/parent_prefix_path/robot_description
[0.181s] -- Up-to-date symlink: /home/jeffr/dexterity-interface/libs/robot_description/install/robot_description/share/robot_description/environment/ament_prefix_path.sh
[0.183s] -- Up-to-date symlink: /home/jeffr/dexterity-interface/libs/robot_description/install/robot_description/share/robot_description/environment/ament_prefix_path.dsv
[0.186s] -- Up-to-date symlink: /home/jeffr/dexterity-interface/libs/robot_description/install/robot_description/share/robot_description/environment/path.sh
[0.187s] -- Up-to-date symlink: /home/jeffr/dexterity-interface/libs/robot_description/install/robot_description/share/robot_description/environment/path.dsv
[0.187s] -- Up-to-date symlink: /home/jeffr/dexterity-interface/libs/robot_description/install/robot_description/share/robot_description/local_setup.bash
[0.188s] -- Up-to-date symlink: /home/jeffr/dexterity-interface/libs/robot_description/install/robot_description/share/robot_description/local_setup.sh
[0.189s] -- Up-to-date symlink: /home/jeffr/dexterity-interface/libs/robot_description/install/robot_description/share/robot_description/local_setup.zsh
[0.191s] -- Up-to-date symlink: /home/jeffr/dexterity-interface/libs/robot_description/install/robot_description/share/robot_description/local_setup.dsv
[0.192s] -- Symlinking: /home/jeffr/dexterity-interface/libs/robot_description/install/robot_description/share/robot_description/package.dsv
[0.209s] -- Up-to-date symlink: /home/jeffr/dexterity-interface/libs/robot_description/install/robot_description/share/ament_index/resource_index/packages/robot_description
[0.211s] -- Up-to-date symlink: /home/jeffr/dexterity-interface/libs/robot_description/install/robot_description/share/robot_description/cmake/robot_descriptionConfig.cmake
[0.212s] -- Up-to-date symlink: /home/jeffr/dexterity-interface/libs/robot_description/install/robot_description/share/robot_description/cmake/robot_descriptionConfig-version.cmake
[0.213s] -- Up-to-date symlink: /home/jeffr/dexterity-interface/libs/robot_description/install/robot_description/share/robot_description/package.xml
[0.217s] Invoked command in '/home/jeffr/dexterity-interface/libs/robot_description/build/robot_description' returned '0': CMAKE_PREFIX_PATH=${CMAKE_PREFIX_PATH}:/opt/ros/jazzy /usr/bin/cmake --install /home/jeffr/dexterity-interface/libs/robot_description/build/robot_description
