-- Install configuration: ""
-- Execute custom install script
-- Up-to-date symlink: /home/jeffr/dexterity-interface/libs/robot_description/install/robot_description/share/robot_description/launch/display.launch.py
-- Up-to-date symlink: /home/jeffr/dexterity-interface/libs/robot_description/install/robot_description/share/robot_description/collision/finger.stl
-- Up-to-date symlink: /home/jeffr/dexterity-interface/libs/robot_description/install/robot_description/share/robot_description/collision/hand.stl
-- Up-to-date symlink: /home/jeffr/dexterity-interface/libs/robot_description/install/robot_description/share/robot_description/collision/link0.stl
-- Up-to-date symlink: /home/jeffr/dexterity-interface/libs/robot_description/install/robot_description/share/robot_description/collision/link1.stl
-- Up-to-date symlink: /home/jeffr/dexterity-interface/libs/robot_description/install/robot_description/share/robot_description/collision/link2.stl
-- Up-to-date symlink: /home/jeffr/dexterity-interface/libs/robot_description/install/robot_description/share/robot_description/collision/link3.stl
-- Up-to-date symlink: /home/jeffr/dexterity-interface/libs/robot_description/install/robot_description/share/robot_description/collision/link4.stl
-- Up-to-date symlink: /home/jeffr/dexterity-interface/libs/robot_description/install/robot_description/share/robot_description/collision/link5.stl
-- Up-to-date symlink: /home/jeffr/dexterity-interface/libs/robot_description/install/robot_description/share/robot_description/collision/link6.stl
-- Up-to-date symlink: /home/jeffr/dexterity-interface/libs/robot_description/install/robot_description/share/robot_description/collision/link7.stl
-- Up-to-date symlink: /home/jeffr/dexterity-interface/libs/robot_description/install/robot_description/share/robot_description/visual/finger.dae
-- Up-to-date symlink: /home/jeffr/dexterity-interface/libs/robot_description/install/robot_description/share/robot_description/visual/hand.dae
-- Up-to-date symlink: /home/jeffr/dexterity-interface/libs/robot_description/install/robot_description/share/robot_description/visual/link0.dae
-- Up-to-date symlink: /home/jeffr/dexterity-interface/libs/robot_description/install/robot_description/share/robot_description/visual/link1.dae
-- Up-to-date symlink: /home/jeffr/dexterity-interface/libs/robot_description/install/robot_description/share/robot_description/visual/link2.dae
-- Up-to-date symlink: /home/jeffr/dexterity-interface/libs/robot_description/install/robot_description/share/robot_description/visual/link3.dae
-- Up-to-date symlink: /home/jeffr/dexterity-interface/libs/robot_description/install/robot_description/share/robot_description/visual/link4.dae
-- Up-to-date symlink: /home/jeffr/dexterity-interface/libs/robot_description/install/robot_description/share/robot_description/visual/link5.dae
-- Up-to-date symlink: /home/jeffr/dexterity-interface/libs/robot_description/install/robot_description/share/robot_description/visual/link6.dae
-- Up-to-date symlink: /home/jeffr/dexterity-interface/libs/robot_description/install/robot_description/share/robot_description/visual/link7.dae
[31mCMake Error at ament_cmake_symlink_install/ament_cmake_symlink_install.cmake:204 (message):
  ament_cmake_symlink_install_programs() can't find
  '/home/jeffr/dexterity-interface/libs/robot_description/ik/ranged_ik.py'
Call Stack (most recent call first):
  ament_cmake_symlink_install/ament_cmake_symlink_install.cmake:317 (ament_cmake_symlink_install_programs)
  cmake_install.cmake:46 (include)

[0m
-- Up-to-date symlink: /home/jeffr/dexterity-interface/libs/robot_description/install/robot_description/share/robot_description/ros/bimanual_arms.urdf
-- Up-to-date symlink: /home/jeffr/dexterity-interface/libs/robot_description/install/robot_description/share/robot_description/ros/single_arm_test.urdf
